[0.055s] DEBUG:colcon:Command line arguments: ['/usr/bin/colcon', 'build']
[0.055s] DEBUG:colcon:Parsed command line arguments: Namespace(log_base=None, log_level=None, verb_name='build', build_base='build', install_base='install', merge_install=False, symlink_install=False, test_result_base=None, continue_on_error=False, executor='parallel', parallel_workers=16, event_handlers=None, ignore_user_meta=False, metas=['./colcon.meta'], base_paths=['.'], packages_ignore=None, packages_ignore_regex=None, paths=None, packages_up_to=None, packages_up_to_regex=None, packages_above=None, packages_above_and_dependencies=None, packages_above_depth=None, packages_select_by_dep=None, packages_skip_by_dep=None, packages_skip_up_to=None, packages_select_build_failed=False, packages_skip_build_finished=False, packages_select_test_failures=False, packages_skip_test_passed=False, packages_select=None, packages_skip=None, packages_select_regex=None, packages_skip_regex=None, packages_start=None, packages_end=None, cmake_args=None, cmake_target=None, cmake_target_skip_unavailable=False, cmake_clean_cache=False, cmake_clean_first=False, cmake_force_configure=False, ament_cmake_args=None, catkin_cmake_args=None, catkin_skip_building_tests=False, mixin_files=None, mixin=None, verb_parser=<colcon_mixin.mixin.mixin_argument.MixinArgumentDecorator object at 0x7801caa6a1a0>, verb_extension=<colcon_core.verb.build.BuildVerb object at 0x7801caa69cf0>, main=<bound method BuildVerb.main of <colcon_core.verb.build.BuildVerb object at 0x7801caa69cf0>>, mixin_verb=('build',))
[0.138s] Level 1:colcon.colcon_core.package_discovery:discover_packages(colcon_meta) check parameters
[0.138s] Level 1:colcon.colcon_core.package_discovery:discover_packages(recursive) check parameters
[0.138s] Level 1:colcon.colcon_core.package_discovery:discover_packages(ignore) check parameters
[0.138s] Level 1:colcon.colcon_core.package_discovery:discover_packages(path) check parameters
[0.138s] Level 1:colcon.colcon_core.package_discovery:discover_packages(colcon_meta) discover
[0.138s] Level 1:colcon.colcon_core.package_discovery:discover_packages(recursive) discover
[0.138s] INFO:colcon.colcon_core.package_discovery:Crawling recursively for packages in '/home/karthik/colcon_ws'
[0.139s] Level 1:colcon.colcon_core.package_identification:_identify(.) by extensions ['ignore', 'ignore_ament_install']
[0.139s] Level 1:colcon.colcon_core.package_identification:_identify(.) by extension 'ignore'
[0.139s] Level 1:colcon.colcon_core.package_identification:_identify(.) by extension 'ignore_ament_install'
[0.139s] Level 1:colcon.colcon_core.package_identification:_identify(.) by extensions ['colcon_pkg']
[0.139s] Level 1:colcon.colcon_core.package_identification:_identify(.) by extension 'colcon_pkg'
[0.139s] Level 1:colcon.colcon_core.package_identification:_identify(.) by extensions ['colcon_meta']
[0.139s] Level 1:colcon.colcon_core.package_identification:_identify(.) by extension 'colcon_meta'
[0.139s] Level 1:colcon.colcon_core.package_identification:_identify(.) by extensions ['ros']
[0.139s] Level 1:colcon.colcon_core.package_identification:_identify(.) by extension 'ros'
[0.144s] Level 1:colcon.colcon_core.package_identification:_identify(.) by extensions ['cmake', 'python']
[0.144s] Level 1:colcon.colcon_core.package_identification:_identify(.) by extension 'cmake'
[0.144s] Level 1:colcon.colcon_core.package_identification:_identify(.) by extension 'python'
[0.145s] Level 1:colcon.colcon_core.package_identification:_identify(.) by extensions ['python_setup_py']
[0.145s] Level 1:colcon.colcon_core.package_identification:_identify(.) by extension 'python_setup_py'
[0.145s] Level 1:colcon.colcon_core.package_identification:_identify(build) by extensions ['ignore', 'ignore_ament_install']
[0.145s] Level 1:colcon.colcon_core.package_identification:_identify(build) by extension 'ignore'
[0.145s] Level 1:colcon.colcon_core.package_identification:_identify(build) ignored
[0.145s] Level 1:colcon.colcon_core.package_identification:_identify(install) by extensions ['ignore', 'ignore_ament_install']
[0.145s] Level 1:colcon.colcon_core.package_identification:_identify(install) by extension 'ignore'
[0.145s] Level 1:colcon.colcon_core.package_identification:_identify(install) ignored
[0.145s] Level 1:colcon.colcon_core.package_identification:_identify(log) by extensions ['ignore', 'ignore_ament_install']
[0.145s] Level 1:colcon.colcon_core.package_identification:_identify(log) by extension 'ignore'
[0.145s] Level 1:colcon.colcon_core.package_identification:_identify(log) ignored
[0.145s] Level 1:colcon.colcon_core.package_identification:_identify(src) by extensions ['ignore', 'ignore_ament_install']
[0.145s] Level 1:colcon.colcon_core.package_identification:_identify(src) by extension 'ignore'
[0.145s] Level 1:colcon.colcon_core.package_identification:_identify(src) by extension 'ignore_ament_install'
[0.145s] Level 1:colcon.colcon_core.package_identification:_identify(src) by extensions ['colcon_pkg']
[0.145s] Level 1:colcon.colcon_core.package_identification:_identify(src) by extension 'colcon_pkg'
[0.145s] Level 1:colcon.colcon_core.package_identification:_identify(src) by extensions ['colcon_meta']
[0.145s] Level 1:colcon.colcon_core.package_identification:_identify(src) by extension 'colcon_meta'
[0.145s] Level 1:colcon.colcon_core.package_identification:_identify(src) by extensions ['ros']
[0.145s] Level 1:colcon.colcon_core.package_identification:_identify(src) by extension 'ros'
[0.145s] Level 1:colcon.colcon_core.package_identification:_identify(src) by extensions ['cmake', 'python']
[0.145s] Level 1:colcon.colcon_core.package_identification:_identify(src) by extension 'cmake'
[0.145s] Level 1:colcon.colcon_core.package_identification:_identify(src) by extension 'python'
[0.145s] Level 1:colcon.colcon_core.package_identification:_identify(src) by extensions ['python_setup_py']
[0.145s] Level 1:colcon.colcon_core.package_identification:_identify(src) by extension 'python_setup_py'
[0.145s] Level 1:colcon.colcon_core.package_identification:_identify(src/ebot_description) by extensions ['ignore', 'ignore_ament_install']
[0.145s] Level 1:colcon.colcon_core.package_identification:_identify(src/ebot_description) by extension 'ignore'
[0.145s] Level 1:colcon.colcon_core.package_identification:_identify(src/ebot_description) by extension 'ignore_ament_install'
[0.145s] Level 1:colcon.colcon_core.package_identification:_identify(src/ebot_description) by extensions ['colcon_pkg']
[0.145s] Level 1:colcon.colcon_core.package_identification:_identify(src/ebot_description) by extension 'colcon_pkg'
[0.145s] Level 1:colcon.colcon_core.package_identification:_identify(src/ebot_description) by extensions ['colcon_meta']
[0.145s] Level 1:colcon.colcon_core.package_identification:_identify(src/ebot_description) by extension 'colcon_meta'
[0.145s] Level 1:colcon.colcon_core.package_identification:_identify(src/ebot_description) by extensions ['ros']
[0.145s] Level 1:colcon.colcon_core.package_identification:_identify(src/ebot_description) by extension 'ros'
[0.147s] DEBUG:colcon.colcon_core.package_identification:Package 'src/ebot_description' with type 'ros.ament_cmake' and name 'ebot_description'
[0.147s] Level 1:colcon.colcon_core.package_identification:_identify(src/eyantra_warehouse) by extensions ['ignore', 'ignore_ament_install']
[0.147s] Level 1:colcon.colcon_core.package_identification:_identify(src/eyantra_warehouse) by extension 'ignore'
[0.147s] Level 1:colcon.colcon_core.package_identification:_identify(src/eyantra_warehouse) by extension 'ignore_ament_install'
[0.147s] Level 1:colcon.colcon_core.package_identification:_identify(src/eyantra_warehouse) by extensions ['colcon_pkg']
[0.147s] Level 1:colcon.colcon_core.package_identification:_identify(src/eyantra_warehouse) by extension 'colcon_pkg'
[0.147s] Level 1:colcon.colcon_core.package_identification:_identify(src/eyantra_warehouse) by extensions ['colcon_meta']
[0.147s] Level 1:colcon.colcon_core.package_identification:_identify(src/eyantra_warehouse) by extension 'colcon_meta'
[0.147s] Level 1:colcon.colcon_core.package_identification:_identify(src/eyantra_warehouse) by extensions ['ros']
[0.147s] Level 1:colcon.colcon_core.package_identification:_identify(src/eyantra_warehouse) by extension 'ros'
[0.147s] DEBUG:colcon.colcon_core.package_identification:Package 'src/eyantra_warehouse' with type 'ros.ament_cmake' and name 'eyantra_warehouse'
[0.148s] Level 1:colcon.colcon_core.package_identification:_identify(src/linkattacher_msgs) by extensions ['ignore', 'ignore_ament_install']
[0.148s] Level 1:colcon.colcon_core.package_identification:_identify(src/linkattacher_msgs) by extension 'ignore'
[0.148s] Level 1:colcon.colcon_core.package_identification:_identify(src/linkattacher_msgs) by extension 'ignore_ament_install'
[0.148s] Level 1:colcon.colcon_core.package_identification:_identify(src/linkattacher_msgs) by extensions ['colcon_pkg']
[0.148s] Level 1:colcon.colcon_core.package_identification:_identify(src/linkattacher_msgs) by extension 'colcon_pkg'
[0.148s] Level 1:colcon.colcon_core.package_identification:_identify(src/linkattacher_msgs) by extensions ['colcon_meta']
[0.148s] Level 1:colcon.colcon_core.package_identification:_identify(src/linkattacher_msgs) by extension 'colcon_meta'
[0.148s] Level 1:colcon.colcon_core.package_identification:_identify(src/linkattacher_msgs) by extensions ['ros']
[0.148s] Level 1:colcon.colcon_core.package_identification:_identify(src/linkattacher_msgs) by extension 'ros'
[0.148s] DEBUG:colcon.colcon_core.package_identification:Package 'src/linkattacher_msgs' with type 'ros.ament_cmake' and name 'linkattacher_msgs'
[0.148s] Level 1:colcon.colcon_core.package_identification:_identify(src/ur5_control) by extensions ['ignore', 'ignore_ament_install']
[0.148s] Level 1:colcon.colcon_core.package_identification:_identify(src/ur5_control) by extension 'ignore'
[0.148s] Level 1:colcon.colcon_core.package_identification:_identify(src/ur5_control) by extension 'ignore_ament_install'
[0.148s] Level 1:colcon.colcon_core.package_identification:_identify(src/ur5_control) by extensions ['colcon_pkg']
[0.148s] Level 1:colcon.colcon_core.package_identification:_identify(src/ur5_control) by extension 'colcon_pkg'
[0.148s] Level 1:colcon.colcon_core.package_identification:_identify(src/ur5_control) by extensions ['colcon_meta']
[0.148s] Level 1:colcon.colcon_core.package_identification:_identify(src/ur5_control) by extension 'colcon_meta'
[0.148s] Level 1:colcon.colcon_core.package_identification:_identify(src/ur5_control) by extensions ['ros']
[0.148s] Level 1:colcon.colcon_core.package_identification:_identify(src/ur5_control) by extension 'ros'
[0.149s] DEBUG:colcon.colcon_core.package_identification:Package 'src/ur5_control' with type 'ros.ament_cmake' and name 'ur5_control'
[0.149s] Level 1:colcon.colcon_core.package_identification:_identify(src/ur_description) by extensions ['ignore', 'ignore_ament_install']
[0.149s] Level 1:colcon.colcon_core.package_identification:_identify(src/ur_description) by extension 'ignore'
[0.149s] Level 1:colcon.colcon_core.package_identification:_identify(src/ur_description) by extension 'ignore_ament_install'
[0.149s] Level 1:colcon.colcon_core.package_identification:_identify(src/ur_description) by extensions ['colcon_pkg']
[0.149s] Level 1:colcon.colcon_core.package_identification:_identify(src/ur_description) by extension 'colcon_pkg'
[0.149s] Level 1:colcon.colcon_core.package_identification:_identify(src/ur_description) by extensions ['colcon_meta']
[0.149s] Level 1:colcon.colcon_core.package_identification:_identify(src/ur_description) by extension 'colcon_meta'
[0.149s] Level 1:colcon.colcon_core.package_identification:_identify(src/ur_description) by extensions ['ros']
[0.149s] Level 1:colcon.colcon_core.package_identification:_identify(src/ur_description) by extension 'ros'
[0.150s] DEBUG:colcon.colcon_core.package_identification:Package 'src/ur_description' with type 'ros.ament_cmake' and name 'ur_description'
[0.150s] Level 1:colcon.colcon_core.package_identification:_identify(src/ur_simulation_gz) by extensions ['ignore', 'ignore_ament_install']
[0.150s] Level 1:colcon.colcon_core.package_identification:_identify(src/ur_simulation_gz) by extension 'ignore'
[0.150s] Level 1:colcon.colcon_core.package_identification:_identify(src/ur_simulation_gz) by extension 'ignore_ament_install'
[0.150s] Level 1:colcon.colcon_core.package_identification:_identify(src/ur_simulation_gz) by extensions ['colcon_pkg']
[0.150s] Level 1:colcon.colcon_core.package_identification:_identify(src/ur_simulation_gz) by extension 'colcon_pkg'
[0.150s] Level 1:colcon.colcon_core.package_identification:_identify(src/ur_simulation_gz) by extensions ['colcon_meta']
[0.150s] Level 1:colcon.colcon_core.package_identification:_identify(src/ur_simulation_gz) by extension 'colcon_meta'
[0.150s] Level 1:colcon.colcon_core.package_identification:_identify(src/ur_simulation_gz) by extensions ['ros']
[0.150s] Level 1:colcon.colcon_core.package_identification:_identify(src/ur_simulation_gz) by extension 'ros'
[0.150s] DEBUG:colcon.colcon_core.package_identification:Package 'src/ur_simulation_gz' with type 'ros.ament_cmake' and name 'ur_simulation_gz'
[0.150s] Level 1:colcon.colcon_core.package_discovery:discover_packages(recursive) using defaults
[0.150s] Level 1:colcon.colcon_core.package_discovery:discover_packages(ignore) discover
[0.150s] Level 1:colcon.colcon_core.package_discovery:discover_packages(ignore) using defaults
[0.150s] Level 1:colcon.colcon_core.package_discovery:discover_packages(path) discover
[0.150s] Level 1:colcon.colcon_core.package_discovery:discover_packages(path) using defaults
[0.168s] Level 5:colcon.colcon_core.verb:set package 'ebot_description' build argument 'cmake_args' from command line to 'None'
[0.168s] Level 5:colcon.colcon_core.verb:set package 'ebot_description' build argument 'cmake_target' from command line to 'None'
[0.168s] Level 5:colcon.colcon_core.verb:set package 'ebot_description' build argument 'cmake_target_skip_unavailable' from command line to 'False'
[0.168s] Level 5:colcon.colcon_core.verb:set package 'ebot_description' build argument 'cmake_clean_cache' from command line to 'False'
[0.168s] Level 5:colcon.colcon_core.verb:set package 'ebot_description' build argument 'cmake_clean_first' from command line to 'False'
[0.168s] Level 5:colcon.colcon_core.verb:set package 'ebot_description' build argument 'cmake_force_configure' from command line to 'False'
[0.168s] Level 5:colcon.colcon_core.verb:set package 'ebot_description' build argument 'ament_cmake_args' from command line to 'None'
[0.168s] Level 5:colcon.colcon_core.verb:set package 'ebot_description' build argument 'catkin_cmake_args' from command line to 'None'
[0.168s] Level 5:colcon.colcon_core.verb:set package 'ebot_description' build argument 'catkin_skip_building_tests' from command line to 'False'
[0.168s] DEBUG:colcon.colcon_core.verb:Building package 'ebot_description' with the following arguments: {'ament_cmake_args': None, 'build_base': '/home/karthik/colcon_ws/build/ebot_description', 'catkin_cmake_args': None, 'catkin_skip_building_tests': False, 'cmake_args': None, 'cmake_clean_cache': False, 'cmake_clean_first': False, 'cmake_force_configure': False, 'cmake_target': None, 'cmake_target_skip_unavailable': False, 'install_base': '/home/karthik/colcon_ws/install/ebot_description', 'merge_install': False, 'path': '/home/karthik/colcon_ws/src/ebot_description', 'symlink_install': False, 'test_result_base': None}
[0.168s] Level 5:colcon.colcon_core.verb:set package 'eyantra_warehouse' build argument 'cmake_args' from command line to 'None'
[0.168s] Level 5:colcon.colcon_core.verb:set package 'eyantra_warehouse' build argument 'cmake_target' from command line to 'None'
[0.168s] Level 5:colcon.colcon_core.verb:set package 'eyantra_warehouse' build argument 'cmake_target_skip_unavailable' from command line to 'False'
[0.168s] Level 5:colcon.colcon_core.verb:set package 'eyantra_warehouse' build argument 'cmake_clean_cache' from command line to 'False'
[0.168s] Level 5:colcon.colcon_core.verb:set package 'eyantra_warehouse' build argument 'cmake_clean_first' from command line to 'False'
[0.168s] Level 5:colcon.colcon_core.verb:set package 'eyantra_warehouse' build argument 'cmake_force_configure' from command line to 'False'
[0.168s] Level 5:colcon.colcon_core.verb:set package 'eyantra_warehouse' build argument 'ament_cmake_args' from command line to 'None'
[0.168s] Level 5:colcon.colcon_core.verb:set package 'eyantra_warehouse' build argument 'catkin_cmake_args' from command line to 'None'
[0.168s] Level 5:colcon.colcon_core.verb:set package 'eyantra_warehouse' build argument 'catkin_skip_building_tests' from command line to 'False'
[0.168s] DEBUG:colcon.colcon_core.verb:Building package 'eyantra_warehouse' with the following arguments: {'ament_cmake_args': None, 'build_base': '/home/karthik/colcon_ws/build/eyantra_warehouse', 'catkin_cmake_args': None, 'catkin_skip_building_tests': False, 'cmake_args': None, 'cmake_clean_cache': False, 'cmake_clean_first': False, 'cmake_force_configure': False, 'cmake_target': None, 'cmake_target_skip_unavailable': False, 'install_base': '/home/karthik/colcon_ws/install/eyantra_warehouse', 'merge_install': False, 'path': '/home/karthik/colcon_ws/src/eyantra_warehouse', 'symlink_install': False, 'test_result_base': None}
[0.169s] Level 5:colcon.colcon_core.verb:set package 'linkattacher_msgs' build argument 'cmake_args' from command line to 'None'
[0.169s] Level 5:colcon.colcon_core.verb:set package 'linkattacher_msgs' build argument 'cmake_target' from command line to 'None'
[0.169s] Level 5:colcon.colcon_core.verb:set package 'linkattacher_msgs' build argument 'cmake_target_skip_unavailable' from command line to 'False'
[0.169s] Level 5:colcon.colcon_core.verb:set package 'linkattacher_msgs' build argument 'cmake_clean_cache' from command line to 'False'
[0.169s] Level 5:colcon.colcon_core.verb:set package 'linkattacher_msgs' build argument 'cmake_clean_first' from command line to 'False'
[0.169s] Level 5:colcon.colcon_core.verb:set package 'linkattacher_msgs' build argument 'cmake_force_configure' from command line to 'False'
[0.169s] Level 5:colcon.colcon_core.verb:set package 'linkattacher_msgs' build argument 'ament_cmake_args' from command line to 'None'
[0.169s] Level 5:colcon.colcon_core.verb:set package 'linkattacher_msgs' build argument 'catkin_cmake_args' from command line to 'None'
[0.169s] Level 5:colcon.colcon_core.verb:set package 'linkattacher_msgs' build argument 'catkin_skip_building_tests' from command line to 'False'
[0.169s] DEBUG:colcon.colcon_core.verb:Building package 'linkattacher_msgs' with the following arguments: {'ament_cmake_args': None, 'build_base': '/home/karthik/colcon_ws/build/linkattacher_msgs', 'catkin_cmake_args': None, 'catkin_skip_building_tests': False, 'cmake_args': None, 'cmake_clean_cache': False, 'cmake_clean_first': False, 'cmake_force_configure': False, 'cmake_target': None, 'cmake_target_skip_unavailable': False, 'install_base': '/home/karthik/colcon_ws/install/linkattacher_msgs', 'merge_install': False, 'path': '/home/karthik/colcon_ws/src/linkattacher_msgs', 'symlink_install': False, 'test_result_base': None}
[0.169s] Level 5:colcon.colcon_core.verb:set package 'ur5_control' build argument 'cmake_args' from command line to 'None'
[0.169s] Level 5:colcon.colcon_core.verb:set package 'ur5_control' build argument 'cmake_target' from command line to 'None'
[0.169s] Level 5:colcon.colcon_core.verb:set package 'ur5_control' build argument 'cmake_target_skip_unavailable' from command line to 'False'
[0.169s] Level 5:colcon.colcon_core.verb:set package 'ur5_control' build argument 'cmake_clean_cache' from command line to 'False'
[0.169s] Level 5:colcon.colcon_core.verb:set package 'ur5_control' build argument 'cmake_clean_first' from command line to 'False'
[0.169s] Level 5:colcon.colcon_core.verb:set package 'ur5_control' build argument 'cmake_force_configure' from command line to 'False'
[0.169s] Level 5:colcon.colcon_core.verb:set package 'ur5_control' build argument 'ament_cmake_args' from command line to 'None'
[0.169s] Level 5:colcon.colcon_core.verb:set package 'ur5_control' build argument 'catkin_cmake_args' from command line to 'None'
[0.169s] Level 5:colcon.colcon_core.verb:set package 'ur5_control' build argument 'catkin_skip_building_tests' from command line to 'False'
[0.169s] DEBUG:colcon.colcon_core.verb:Building package 'ur5_control' with the following arguments: {'ament_cmake_args': None, 'build_base': '/home/karthik/colcon_ws/build/ur5_control', 'catkin_cmake_args': None, 'catkin_skip_building_tests': False, 'cmake_args': None, 'cmake_clean_cache': False, 'cmake_clean_first': False, 'cmake_force_configure': False, 'cmake_target': None, 'cmake_target_skip_unavailable': False, 'install_base': '/home/karthik/colcon_ws/install/ur5_control', 'merge_install': False, 'path': '/home/karthik/colcon_ws/src/ur5_control', 'symlink_install': False, 'test_result_base': None}
[0.170s] Level 5:colcon.colcon_core.verb:set package 'ur_description' build argument 'cmake_args' from command line to 'None'
[0.170s] Level 5:colcon.colcon_core.verb:set package 'ur_description' build argument 'cmake_target' from command line to 'None'
[0.170s] Level 5:colcon.colcon_core.verb:set package 'ur_description' build argument 'cmake_target_skip_unavailable' from command line to 'False'
[0.170s] Level 5:colcon.colcon_core.verb:set package 'ur_description' build argument 'cmake_clean_cache' from command line to 'False'
[0.170s] Level 5:colcon.colcon_core.verb:set package 'ur_description' build argument 'cmake_clean_first' from command line to 'False'
[0.170s] Level 5:colcon.colcon_core.verb:set package 'ur_description' build argument 'cmake_force_configure' from command line to 'False'
[0.170s] Level 5:colcon.colcon_core.verb:set package 'ur_description' build argument 'ament_cmake_args' from command line to 'None'
[0.170s] Level 5:colcon.colcon_core.verb:set package 'ur_description' build argument 'catkin_cmake_args' from command line to 'None'
[0.170s] Level 5:colcon.colcon_core.verb:set package 'ur_description' build argument 'catkin_skip_building_tests' from command line to 'False'
[0.170s] DEBUG:colcon.colcon_core.verb:Building package 'ur_description' with the following arguments: {'ament_cmake_args': None, 'build_base': '/home/karthik/colcon_ws/build/ur_description', 'catkin_cmake_args': None, 'catkin_skip_building_tests': False, 'cmake_args': None, 'cmake_clean_cache': False, 'cmake_clean_first': False, 'cmake_force_configure': False, 'cmake_target': None, 'cmake_target_skip_unavailable': False, 'install_base': '/home/karthik/colcon_ws/install/ur_description', 'merge_install': False, 'path': '/home/karthik/colcon_ws/src/ur_description', 'symlink_install': False, 'test_result_base': None}
[0.170s] Level 5:colcon.colcon_core.verb:set package 'ur_simulation_gz' build argument 'cmake_args' from command line to 'None'
[0.170s] Level 5:colcon.colcon_core.verb:set package 'ur_simulation_gz' build argument 'cmake_target' from command line to 'None'
[0.170s] Level 5:colcon.colcon_core.verb:set package 'ur_simulation_gz' build argument 'cmake_target_skip_unavailable' from command line to 'False'
[0.170s] Level 5:colcon.colcon_core.verb:set package 'ur_simulation_gz' build argument 'cmake_clean_cache' from command line to 'False'
[0.170s] Level 5:colcon.colcon_core.verb:set package 'ur_simulation_gz' build argument 'cmake_clean_first' from command line to 'False'
[0.170s] Level 5:colcon.colcon_core.verb:set package 'ur_simulation_gz' build argument 'cmake_force_configure' from command line to 'False'
[0.170s] Level 5:colcon.colcon_core.verb:set package 'ur_simulation_gz' build argument 'ament_cmake_args' from command line to 'None'
[0.170s] Level 5:colcon.colcon_core.verb:set package 'ur_simulation_gz' build argument 'catkin_cmake_args' from command line to 'None'
[0.170s] Level 5:colcon.colcon_core.verb:set package 'ur_simulation_gz' build argument 'catkin_skip_building_tests' from command line to 'False'
[0.170s] DEBUG:colcon.colcon_core.verb:Building package 'ur_simulation_gz' with the following arguments: {'ament_cmake_args': None, 'build_base': '/home/karthik/colcon_ws/build/ur_simulation_gz', 'catkin_cmake_args': None, 'catkin_skip_building_tests': False, 'cmake_args': None, 'cmake_clean_cache': False, 'cmake_clean_first': False, 'cmake_force_configure': False, 'cmake_target': None, 'cmake_target_skip_unavailable': False, 'install_base': '/home/karthik/colcon_ws/install/ur_simulation_gz', 'merge_install': False, 'path': '/home/karthik/colcon_ws/src/ur_simulation_gz', 'symlink_install': False, 'test_result_base': None}
[0.170s] INFO:colcon.colcon_core.executor:Executing jobs using 'parallel' executor
[0.171s] DEBUG:colcon.colcon_parallel_executor.executor.parallel:run_until_complete
[0.171s] INFO:colcon.colcon_ros.task.ament_cmake.build:Building ROS package in '/home/karthik/colcon_ws/src/ur_description' with build type 'ament_cmake'
[0.171s] INFO:colcon.colcon_cmake.task.cmake.build:Building CMake package in '/home/karthik/colcon_ws/src/ur_description'
[0.173s] INFO:colcon.colcon_core.plugin_system:Skipping extension 'colcon_core.shell.bat': Not used on non-Windows systems
[0.173s] INFO:colcon.colcon_core.shell:Skip shell extension 'powershell' for command environment: Not usable outside of PowerShell
[0.173s] DEBUG:colcon.colcon_core.shell:Skip shell extension 'dsv' for command environment
[0.176s] INFO:colcon.colcon_ros.task.ament_cmake.build:Building ROS package in '/home/karthik/colcon_ws/src/ebot_description' with build type 'ament_cmake'
[0.176s] INFO:colcon.colcon_cmake.task.cmake.build:Building CMake package in '/home/karthik/colcon_ws/src/ebot_description'
[0.176s] INFO:colcon.colcon_core.shell:Skip shell extension 'powershell' for command environment: Not usable outside of PowerShell
[0.176s] DEBUG:colcon.colcon_core.shell:Skip shell extension 'dsv' for command environment
[0.178s] INFO:colcon.colcon_ros.task.ament_cmake.build:Building ROS package in '/home/karthik/colcon_ws/src/eyantra_warehouse' with build type 'ament_cmake'
[0.178s] INFO:colcon.colcon_cmake.task.cmake.build:Building CMake package in '/home/karthik/colcon_ws/src/eyantra_warehouse'
[0.178s] INFO:colcon.colcon_core.shell:Skip shell extension 'powershell' for command environment: Not usable outside of PowerShell
[0.178s] DEBUG:colcon.colcon_core.shell:Skip shell extension 'dsv' for command environment
[0.180s] INFO:colcon.colcon_ros.task.ament_cmake.build:Building ROS package in '/home/karthik/colcon_ws/src/linkattacher_msgs' with build type 'ament_cmake'
[0.180s] INFO:colcon.colcon_cmake.task.cmake.build:Building CMake package in '/home/karthik/colcon_ws/src/linkattacher_msgs'
[0.180s] INFO:colcon.colcon_core.shell:Skip shell extension 'powershell' for command environment: Not usable outside of PowerShell
[0.180s] DEBUG:colcon.colcon_core.shell:Skip shell extension 'dsv' for command environment
[0.182s] INFO:colcon.colcon_ros.task.ament_cmake.build:Building ROS package in '/home/karthik/colcon_ws/src/ur5_control' with build type 'ament_cmake'
[0.182s] INFO:colcon.colcon_cmake.task.cmake.build:Building CMake package in '/home/karthik/colcon_ws/src/ur5_control'
[0.182s] INFO:colcon.colcon_core.shell:Skip shell extension 'powershell' for command environment: Not usable outside of PowerShell
[0.182s] DEBUG:colcon.colcon_core.shell:Skip shell extension 'dsv' for command environment
[0.187s] DEBUG:colcon.colcon_core.event_handler.log_command:Invoking command in '/home/karthik/colcon_ws/build/ur_description': /usr/bin/cmake /home/karthik/colcon_ws/src/ur_description -DCMAKE_INSTALL_PREFIX=/home/karthik/colcon_ws/install/ur_description
[0.188s] DEBUG:colcon.colcon_core.event_handler.log_command:Invoking command in '/home/karthik/colcon_ws/build/ebot_description': /usr/bin/cmake /home/karthik/colcon_ws/src/ebot_description -DCMAKE_INSTALL_PREFIX=/home/karthik/colcon_ws/install/ebot_description
[0.191s] DEBUG:colcon.colcon_core.event_handler.log_command:Invoking command in '/home/karthik/colcon_ws/build/eyantra_warehouse': /usr/bin/cmake /home/karthik/colcon_ws/src/eyantra_warehouse -DCMAKE_INSTALL_PREFIX=/home/karthik/colcon_ws/install/eyantra_warehouse
[0.193s] DEBUG:colcon.colcon_core.event_handler.log_command:Invoking command in '/home/karthik/colcon_ws/build/linkattacher_msgs': /usr/bin/cmake /home/karthik/colcon_ws/src/linkattacher_msgs -DCMAKE_INSTALL_PREFIX=/home/karthik/colcon_ws/install/linkattacher_msgs
[0.197s] DEBUG:colcon.colcon_core.event_handler.log_command:Invoking command in '/home/karthik/colcon_ws/build/ur5_control': /usr/bin/cmake /home/karthik/colcon_ws/src/ur5_control -DCMAKE_INSTALL_PREFIX=/home/karthik/colcon_ws/install/ur5_control
[0.668s] DEBUG:colcon.colcon_core.event_handler.log_command:Invoked command in '/home/karthik/colcon_ws/build/eyantra_warehouse' returned '0': /usr/bin/cmake /home/karthik/colcon_ws/src/eyantra_warehouse -DCMAKE_INSTALL_PREFIX=/home/karthik/colcon_ws/install/eyantra_warehouse
[0.669s] DEBUG:colcon.colcon_core.event_handler.log_command:Invoking command in '/home/karthik/colcon_ws/build/eyantra_warehouse': /usr/bin/cmake --build /home/karthik/colcon_ws/build/eyantra_warehouse -- -j16 -l16
[0.702s] DEBUG:colcon.colcon_core.event_handler.log_command:Invoked command in '/home/karthik/colcon_ws/build/eyantra_warehouse' returned '0': /usr/bin/cmake --build /home/karthik/colcon_ws/build/eyantra_warehouse -- -j16 -l16
[0.710s] DEBUG:colcon.colcon_core.event_handler.log_command:Invoking command in '/home/karthik/colcon_ws/build/eyantra_warehouse': /usr/bin/cmake --install /home/karthik/colcon_ws/build/eyantra_warehouse
[0.710s] DEBUG:colcon.colcon_core.event_handler.log_command:Invoked command in '/home/karthik/colcon_ws/build/ur5_control' returned '0': /usr/bin/cmake /home/karthik/colcon_ws/src/ur5_control -DCMAKE_INSTALL_PREFIX=/home/karthik/colcon_ws/install/ur5_control
[0.711s] DEBUG:colcon.colcon_core.event_handler.log_command:Invoking command in '/home/karthik/colcon_ws/build/ur5_control': /usr/bin/cmake --build /home/karthik/colcon_ws/build/ur5_control -- -j16 -l16
[0.746s] DEBUG:colcon.colcon_core.event_handler.log_command:Invoked command in '/home/karthik/colcon_ws/build/ur5_control' returned '0': /usr/bin/cmake --build /home/karthik/colcon_ws/build/ur5_control -- -j16 -l16
[0.748s] DEBUG:colcon.colcon_core.event_handler.log_command:Invoking command in '/home/karthik/colcon_ws/build/ur5_control': /usr/bin/cmake --install /home/karthik/colcon_ws/build/ur5_control
[0.756s] Level 1:colcon.colcon_core.environment:create_environment_scripts_only(ur5_control)
[0.756s] DEBUG:colcon.colcon_core.event_handler.log_command:Invoked command in '/home/karthik/colcon_ws/build/ur5_control' returned '0': /usr/bin/cmake --install /home/karthik/colcon_ws/build/ur5_control
[0.758s] Level 1:colcon.colcon_core.environment:checking '/home/karthik/colcon_ws/install/ur5_control' for CMake module files
[0.758s] Level 1:colcon.colcon_core.environment:checking '/home/karthik/colcon_ws/install/ur5_control' for CMake config files
[0.758s] Level 1:colcon.colcon_core.shell:create_environment_hook('ur5_control', 'cmake_prefix_path')
[0.758s] INFO:colcon.colcon_core.shell:Creating environment hook '/home/karthik/colcon_ws/install/ur5_control/share/ur5_control/hook/cmake_prefix_path.ps1'
[0.760s] INFO:colcon.colcon_core.shell:Creating environment descriptor '/home/karthik/colcon_ws/install/ur5_control/share/ur5_control/hook/cmake_prefix_path.dsv'
[0.760s] INFO:colcon.colcon_core.shell:Creating environment hook '/home/karthik/colcon_ws/install/ur5_control/share/ur5_control/hook/cmake_prefix_path.sh'
[0.761s] Level 1:colcon.colcon_core.environment:checking '/home/karthik/colcon_ws/install/ur5_control/lib'
[0.761s] Level 1:colcon.colcon_core.environment:checking '/home/karthik/colcon_ws/install/ur5_control/bin'
[0.762s] Level 1:colcon.colcon_core.environment:checking '/home/karthik/colcon_ws/install/ur5_control/lib/pkgconfig/ur5_control.pc'
[0.763s] Level 1:colcon.colcon_core.environment:checking '/home/karthik/colcon_ws/install/ur5_control/lib/python3.10/site-packages'
[0.763s] Level 1:colcon.colcon_core.environment:checking '/home/karthik/colcon_ws/install/ur5_control/bin'
[0.764s] INFO:colcon.colcon_core.shell:Creating package script '/home/karthik/colcon_ws/install/ur5_control/share/ur5_control/package.ps1'
[0.764s] INFO:colcon.colcon_core.shell:Creating package descriptor '/home/karthik/colcon_ws/install/ur5_control/share/ur5_control/package.dsv'
[0.765s] INFO:colcon.colcon_core.shell:Creating package script '/home/karthik/colcon_ws/install/ur5_control/share/ur5_control/package.sh'
[0.767s] INFO:colcon.colcon_core.shell:Creating package script '/home/karthik/colcon_ws/install/ur5_control/share/ur5_control/package.bash'
[0.767s] INFO:colcon.colcon_core.shell:Creating package script '/home/karthik/colcon_ws/install/ur5_control/share/ur5_control/package.zsh'
[0.768s] Level 1:colcon.colcon_core.environment:create_file_with_runtime_dependencies(/home/karthik/colcon_ws/install/ur5_control/share/colcon-core/packages/ur5_control)
[0.768s] Level 1:colcon.colcon_core.environment:create_environment_scripts_only(ur5_control)
[0.768s] Level 1:colcon.colcon_core.environment:checking '/home/karthik/colcon_ws/install/ur5_control' for CMake module files
[0.769s] Level 1:colcon.colcon_core.environment:checking '/home/karthik/colcon_ws/install/ur5_control' for CMake config files
[0.769s] Level 1:colcon.colcon_core.shell:create_environment_hook('ur5_control', 'cmake_prefix_path')
[0.769s] INFO:colcon.colcon_core.shell:Creating environment hook '/home/karthik/colcon_ws/install/ur5_control/share/ur5_control/hook/cmake_prefix_path.ps1'
[0.769s] INFO:colcon.colcon_core.shell:Creating environment descriptor '/home/karthik/colcon_ws/install/ur5_control/share/ur5_control/hook/cmake_prefix_path.dsv'
[0.769s] INFO:colcon.colcon_core.shell:Creating environment hook '/home/karthik/colcon_ws/install/ur5_control/share/ur5_control/hook/cmake_prefix_path.sh'
[0.770s] Level 1:colcon.colcon_core.environment:checking '/home/karthik/colcon_ws/install/ur5_control/lib'
[0.770s] Level 1:colcon.colcon_core.environment:checking '/home/karthik/colcon_ws/install/ur5_control/bin'
[0.770s] Level 1:colcon.colcon_core.environment:checking '/home/karthik/colcon_ws/install/ur5_control/lib/pkgconfig/ur5_control.pc'
[0.770s] Level 1:colcon.colcon_core.environment:checking '/home/karthik/colcon_ws/install/ur5_control/lib/python3.10/site-packages'
[0.770s] Level 1:colcon.colcon_core.environment:checking '/home/karthik/colcon_ws/install/ur5_control/bin'
[0.770s] INFO:colcon.colcon_core.shell:Creating package script '/home/karthik/colcon_ws/install/ur5_control/share/ur5_control/package.ps1'
[0.771s] INFO:colcon.colcon_core.shell:Creating package descriptor '/home/karthik/colcon_ws/install/ur5_control/share/ur5_control/package.dsv'
[0.771s] INFO:colcon.colcon_core.shell:Creating package script '/home/karthik/colcon_ws/install/ur5_control/share/ur5_control/package.sh'
[0.772s] INFO:colcon.colcon_core.shell:Creating package script '/home/karthik/colcon_ws/install/ur5_control/share/ur5_control/package.bash'
[0.772s] INFO:colcon.colcon_core.shell:Creating package script '/home/karthik/colcon_ws/install/ur5_control/share/ur5_control/package.zsh'
[0.772s] Level 1:colcon.colcon_core.environment:create_file_with_runtime_dependencies(/home/karthik/colcon_ws/install/ur5_control/share/colcon-core/packages/ur5_control)
[0.807s] Level 1:colcon.colcon_core.environment:create_environment_scripts_only(eyantra_warehouse)
[0.807s] Level 1:colcon.colcon_core.environment:checking '/home/karthik/colcon_ws/install/eyantra_warehouse' for CMake module files
[0.808s] DEBUG:colcon.colcon_core.event_handler.log_command:Invoked command in '/home/karthik/colcon_ws/build/eyantra_warehouse' returned '0': /usr/bin/cmake --install /home/karthik/colcon_ws/build/eyantra_warehouse
[0.808s] Level 1:colcon.colcon_core.environment:checking '/home/karthik/colcon_ws/install/eyantra_warehouse' for CMake config files
[0.809s] Level 1:colcon.colcon_core.shell:create_environment_hook('eyantra_warehouse', 'cmake_prefix_path')
[0.809s] INFO:colcon.colcon_core.shell:Creating environment hook '/home/karthik/colcon_ws/install/eyantra_warehouse/share/eyantra_warehouse/hook/cmake_prefix_path.ps1'
[0.810s] INFO:colcon.colcon_core.shell:Creating environment descriptor '/home/karthik/colcon_ws/install/eyantra_warehouse/share/eyantra_warehouse/hook/cmake_prefix_path.dsv'
[0.810s] INFO:colcon.colcon_core.shell:Creating environment hook '/home/karthik/colcon_ws/install/eyantra_warehouse/share/eyantra_warehouse/hook/cmake_prefix_path.sh'
[0.810s] Level 1:colcon.colcon_core.environment:checking '/home/karthik/colcon_ws/install/eyantra_warehouse/lib'
[0.810s] Level 1:colcon.colcon_core.environment:checking '/home/karthik/colcon_ws/install/eyantra_warehouse/bin'
[0.810s] Level 1:colcon.colcon_core.environment:checking '/home/karthik/colcon_ws/install/eyantra_warehouse/lib/pkgconfig/eyantra_warehouse.pc'
[0.810s] Level 1:colcon.colcon_core.environment:checking '/home/karthik/colcon_ws/install/eyantra_warehouse/lib/python3.10/site-packages'
[0.811s] Level 1:colcon.colcon_core.environment:checking '/home/karthik/colcon_ws/install/eyantra_warehouse/bin'
[0.811s] INFO:colcon.colcon_core.shell:Creating package script '/home/karthik/colcon_ws/install/eyantra_warehouse/share/eyantra_warehouse/package.ps1'
[0.811s] INFO:colcon.colcon_core.shell:Creating package descriptor '/home/karthik/colcon_ws/install/eyantra_warehouse/share/eyantra_warehouse/package.dsv'
[0.811s] INFO:colcon.colcon_core.shell:Creating package script '/home/karthik/colcon_ws/install/eyantra_warehouse/share/eyantra_warehouse/package.sh'
[0.811s] INFO:colcon.colcon_core.shell:Creating package script '/home/karthik/colcon_ws/install/eyantra_warehouse/share/eyantra_warehouse/package.bash'
[0.812s] INFO:colcon.colcon_core.shell:Creating package script '/home/karthik/colcon_ws/install/eyantra_warehouse/share/eyantra_warehouse/package.zsh'
[0.812s] Level 1:colcon.colcon_core.environment:create_file_with_runtime_dependencies(/home/karthik/colcon_ws/install/eyantra_warehouse/share/colcon-core/packages/eyantra_warehouse)
[0.812s] Level 1:colcon.colcon_core.environment:create_environment_scripts_only(eyantra_warehouse)
[0.812s] Level 1:colcon.colcon_core.environment:checking '/home/karthik/colcon_ws/install/eyantra_warehouse' for CMake module files
[0.813s] Level 1:colcon.colcon_core.environment:checking '/home/karthik/colcon_ws/install/eyantra_warehouse' for CMake config files
[0.813s] Level 1:colcon.colcon_core.shell:create_environment_hook('eyantra_warehouse', 'cmake_prefix_path')
[0.813s] INFO:colcon.colcon_core.shell:Creating environment hook '/home/karthik/colcon_ws/install/eyantra_warehouse/share/eyantra_warehouse/hook/cmake_prefix_path.ps1'
[0.814s] INFO:colcon.colcon_core.shell:Creating environment descriptor '/home/karthik/colcon_ws/install/eyantra_warehouse/share/eyantra_warehouse/hook/cmake_prefix_path.dsv'
[0.814s] INFO:colcon.colcon_core.shell:Creating environment hook '/home/karthik/colcon_ws/install/eyantra_warehouse/share/eyantra_warehouse/hook/cmake_prefix_path.sh'
[0.814s] Level 1:colcon.colcon_core.environment:checking '/home/karthik/colcon_ws/install/eyantra_warehouse/lib'
[0.814s] Level 1:colcon.colcon_core.environment:checking '/home/karthik/colcon_ws/install/eyantra_warehouse/bin'
[0.814s] Level 1:colcon.colcon_core.environment:checking '/home/karthik/colcon_ws/install/eyantra_warehouse/lib/pkgconfig/eyantra_warehouse.pc'
[0.814s] Level 1:colcon.colcon_core.environment:checking '/home/karthik/colcon_ws/install/eyantra_warehouse/lib/python3.10/site-packages'
[0.814s] Level 1:colcon.colcon_core.environment:checking '/home/karthik/colcon_ws/install/eyantra_warehouse/bin'
[0.815s] INFO:colcon.colcon_core.shell:Creating package script '/home/karthik/colcon_ws/install/eyantra_warehouse/share/eyantra_warehouse/package.ps1'
[0.815s] INFO:colcon.colcon_core.shell:Creating package descriptor '/home/karthik/colcon_ws/install/eyantra_warehouse/share/eyantra_warehouse/package.dsv'
[0.815s] INFO:colcon.colcon_core.shell:Creating package script '/home/karthik/colcon_ws/install/eyantra_warehouse/share/eyantra_warehouse/package.sh'
[0.816s] INFO:colcon.colcon_core.shell:Creating package script '/home/karthik/colcon_ws/install/eyantra_warehouse/share/eyantra_warehouse/package.bash'
[0.816s] INFO:colcon.colcon_core.shell:Creating package script '/home/karthik/colcon_ws/install/eyantra_warehouse/share/eyantra_warehouse/package.zsh'
[0.816s] Level 1:colcon.colcon_core.environment:create_file_with_runtime_dependencies(/home/karthik/colcon_ws/install/eyantra_warehouse/share/colcon-core/packages/eyantra_warehouse)
[0.967s] DEBUG:colcon.colcon_core.event_handler.log_command:Invoked command in '/home/karthik/colcon_ws/build/ebot_description' returned '0': /usr/bin/cmake /home/karthik/colcon_ws/src/ebot_description -DCMAKE_INSTALL_PREFIX=/home/karthik/colcon_ws/install/ebot_description
[0.968s] DEBUG:colcon.colcon_core.event_handler.log_command:Invoking command in '/home/karthik/colcon_ws/build/ebot_description': /usr/bin/cmake --build /home/karthik/colcon_ws/build/ebot_description -- -j16 -l16
[0.997s] DEBUG:colcon.colcon_core.event_handler.log_command:Invoked command in '/home/karthik/colcon_ws/build/ebot_description' returned '0': /usr/bin/cmake --build /home/karthik/colcon_ws/build/ebot_description -- -j16 -l16
[0.999s] DEBUG:colcon.colcon_core.event_handler.log_command:Invoking command in '/home/karthik/colcon_ws/build/ebot_description': /usr/bin/cmake --install /home/karthik/colcon_ws/build/ebot_description
[1.034s] Level 1:colcon.colcon_core.environment:create_environment_scripts_only(ebot_description)
[1.034s] Level 1:colcon.colcon_core.environment:checking '/home/karthik/colcon_ws/install/ebot_description' for CMake module files
[1.035s] DEBUG:colcon.colcon_core.event_handler.log_command:Invoked command in '/home/karthik/colcon_ws/build/ebot_description' returned '0': /usr/bin/cmake --install /home/karthik/colcon_ws/build/ebot_description
[1.035s] Level 1:colcon.colcon_core.environment:checking '/home/karthik/colcon_ws/install/ebot_description' for CMake config files
[1.036s] Level 1:colcon.colcon_core.shell:create_environment_hook('ebot_description', 'cmake_prefix_path')
[1.036s] INFO:colcon.colcon_core.shell:Creating environment hook '/home/karthik/colcon_ws/install/ebot_description/share/ebot_description/hook/cmake_prefix_path.ps1'
[1.036s] INFO:colcon.colcon_core.shell:Creating environment descriptor '/home/karthik/colcon_ws/install/ebot_description/share/ebot_description/hook/cmake_prefix_path.dsv'
[1.037s] INFO:colcon.colcon_core.shell:Creating environment hook '/home/karthik/colcon_ws/install/ebot_description/share/ebot_description/hook/cmake_prefix_path.sh'
[1.037s] Level 1:colcon.colcon_core.environment:checking '/home/karthik/colcon_ws/install/ebot_description/lib'
[1.037s] Level 1:colcon.colcon_core.environment:checking '/home/karthik/colcon_ws/install/ebot_description/bin'
[1.037s] Level 1:colcon.colcon_core.environment:checking '/home/karthik/colcon_ws/install/ebot_description/lib/pkgconfig/ebot_description.pc'
[1.037s] Level 1:colcon.colcon_core.environment:checking '/home/karthik/colcon_ws/install/ebot_description/lib/python3.10/site-packages'
[1.038s] Level 1:colcon.colcon_core.environment:checking '/home/karthik/colcon_ws/install/ebot_description/bin'
[1.038s] INFO:colcon.colcon_core.shell:Creating package script '/home/karthik/colcon_ws/install/ebot_description/share/ebot_description/package.ps1'
[1.038s] INFO:colcon.colcon_core.shell:Creating package descriptor '/home/karthik/colcon_ws/install/ebot_description/share/ebot_description/package.dsv'
[1.039s] INFO:colcon.colcon_core.shell:Creating package script '/home/karthik/colcon_ws/install/ebot_description/share/ebot_description/package.sh'
[1.039s] INFO:colcon.colcon_core.shell:Creating package script '/home/karthik/colcon_ws/install/ebot_description/share/ebot_description/package.bash'
[1.040s] INFO:colcon.colcon_core.shell:Creating package script '/home/karthik/colcon_ws/install/ebot_description/share/ebot_description/package.zsh'
[1.040s] Level 1:colcon.colcon_core.environment:create_file_with_runtime_dependencies(/home/karthik/colcon_ws/install/ebot_description/share/colcon-core/packages/ebot_description)
[1.040s] Level 1:colcon.colcon_core.environment:create_environment_scripts_only(ebot_description)
[1.041s] Level 1:colcon.colcon_core.environment:checking '/home/karthik/colcon_ws/install/ebot_description' for CMake module files
[1.041s] Level 1:colcon.colcon_core.environment:checking '/home/karthik/colcon_ws/install/ebot_description' for CMake config files
[1.041s] Level 1:colcon.colcon_core.shell:create_environment_hook('ebot_description', 'cmake_prefix_path')
[1.041s] INFO:colcon.colcon_core.shell:Creating environment hook '/home/karthik/colcon_ws/install/ebot_description/share/ebot_description/hook/cmake_prefix_path.ps1'
[1.041s] INFO:colcon.colcon_core.shell:Creating environment descriptor '/home/karthik/colcon_ws/install/ebot_description/share/ebot_description/hook/cmake_prefix_path.dsv'
[1.041s] INFO:colcon.colcon_core.shell:Creating environment hook '/home/karthik/colcon_ws/install/ebot_description/share/ebot_description/hook/cmake_prefix_path.sh'
[1.042s] Level 1:colcon.colcon_core.environment:checking '/home/karthik/colcon_ws/install/ebot_description/lib'
[1.042s] Level 1:colcon.colcon_core.environment:checking '/home/karthik/colcon_ws/install/ebot_description/bin'
[1.042s] Level 1:colcon.colcon_core.environment:checking '/home/karthik/colcon_ws/install/ebot_description/lib/pkgconfig/ebot_description.pc'
[1.042s] Level 1:colcon.colcon_core.environment:checking '/home/karthik/colcon_ws/install/ebot_description/lib/python3.10/site-packages'
[1.042s] Level 1:colcon.colcon_core.environment:checking '/home/karthik/colcon_ws/install/ebot_description/bin'
[1.042s] INFO:colcon.colcon_core.shell:Creating package script '/home/karthik/colcon_ws/install/ebot_description/share/ebot_description/package.ps1'
[1.043s] INFO:colcon.colcon_core.shell:Creating package descriptor '/home/karthik/colcon_ws/install/ebot_description/share/ebot_description/package.dsv'
[1.043s] INFO:colcon.colcon_core.shell:Creating package script '/home/karthik/colcon_ws/install/ebot_description/share/ebot_description/package.sh'
[1.043s] INFO:colcon.colcon_core.shell:Creating package script '/home/karthik/colcon_ws/install/ebot_description/share/ebot_description/package.bash'
[1.044s] INFO:colcon.colcon_core.shell:Creating package script '/home/karthik/colcon_ws/install/ebot_description/share/ebot_description/package.zsh'
[1.044s] Level 1:colcon.colcon_core.environment:create_file_with_runtime_dependencies(/home/karthik/colcon_ws/install/ebot_description/share/colcon-core/packages/ebot_description)
[1.047s] DEBUG:colcon.colcon_core.event_handler.log_command:Invoked command in '/home/karthik/colcon_ws/build/ur_description' returned '0': /usr/bin/cmake /home/karthik/colcon_ws/src/ur_description -DCMAKE_INSTALL_PREFIX=/home/karthik/colcon_ws/install/ur_description
[1.048s] DEBUG:colcon.colcon_core.event_handler.log_command:Invoking command in '/home/karthik/colcon_ws/build/ur_description': /usr/bin/cmake --build /home/karthik/colcon_ws/build/ur_description -- -j16 -l16
[1.077s] DEBUG:colcon.colcon_core.event_handler.log_command:Invoked command in '/home/karthik/colcon_ws/build/ur_description' returned '0': /usr/bin/cmake --build /home/karthik/colcon_ws/build/ur_description -- -j16 -l16
[1.078s] DEBUG:colcon.colcon_core.event_handler.log_command:Invoking command in '/home/karthik/colcon_ws/build/ur_description': /usr/bin/cmake --install /home/karthik/colcon_ws/build/ur_description
[1.142s] Level 1:colcon.colcon_core.environment:create_environment_scripts_only(ur_description)
[1.142s] Level 1:colcon.colcon_core.environment:checking '/home/karthik/colcon_ws/install/ur_description' for CMake module files
[1.143s] DEBUG:colcon.colcon_core.event_handler.log_command:Invoked command in '/home/karthik/colcon_ws/build/ur_description' returned '0': /usr/bin/cmake --install /home/karthik/colcon_ws/build/ur_description
[1.143s] Level 1:colcon.colcon_core.environment:checking '/home/karthik/colcon_ws/install/ur_description' for CMake config files
[1.143s] Level 1:colcon.colcon_core.shell:create_environment_hook('ur_description', 'cmake_prefix_path')
[1.144s] INFO:colcon.colcon_core.shell:Creating environment hook '/home/karthik/colcon_ws/install/ur_description/share/ur_description/hook/cmake_prefix_path.ps1'
[1.144s] INFO:colcon.colcon_core.shell:Creating environment descriptor '/home/karthik/colcon_ws/install/ur_description/share/ur_description/hook/cmake_prefix_path.dsv'
[1.144s] INFO:colcon.colcon_core.shell:Creating environment hook '/home/karthik/colcon_ws/install/ur_description/share/ur_description/hook/cmake_prefix_path.sh'
[1.144s] Level 1:colcon.colcon_core.environment:checking '/home/karthik/colcon_ws/install/ur_description/lib'
[1.144s] Level 1:colcon.colcon_core.environment:checking '/home/karthik/colcon_ws/install/ur_description/bin'
[1.144s] Level 1:colcon.colcon_core.environment:checking '/home/karthik/colcon_ws/install/ur_description/lib/pkgconfig/ur_description.pc'
[1.144s] Level 1:colcon.colcon_core.environment:checking '/home/karthik/colcon_ws/install/ur_description/lib/python3.10/site-packages'
[1.145s] Level 1:colcon.colcon_core.environment:checking '/home/karthik/colcon_ws/install/ur_description/bin'
[1.145s] INFO:colcon.colcon_core.shell:Creating package script '/home/karthik/colcon_ws/install/ur_description/share/ur_description/package.ps1'
[1.145s] INFO:colcon.colcon_core.shell:Creating package descriptor '/home/karthik/colcon_ws/install/ur_description/share/ur_description/package.dsv'
[1.145s] INFO:colcon.colcon_core.shell:Creating package script '/home/karthik/colcon_ws/install/ur_description/share/ur_description/package.sh'
[1.145s] INFO:colcon.colcon_core.shell:Creating package script '/home/karthik/colcon_ws/install/ur_description/share/ur_description/package.bash'
[1.146s] INFO:colcon.colcon_core.shell:Creating package script '/home/karthik/colcon_ws/install/ur_description/share/ur_description/package.zsh'
[1.146s] Level 1:colcon.colcon_core.environment:create_file_with_runtime_dependencies(/home/karthik/colcon_ws/install/ur_description/share/colcon-core/packages/ur_description)
[1.146s] Level 1:colcon.colcon_core.environment:create_environment_scripts_only(ur_description)
[1.146s] Level 1:colcon.colcon_core.environment:checking '/home/karthik/colcon_ws/install/ur_description' for CMake module files
[1.146s] Level 1:colcon.colcon_core.environment:checking '/home/karthik/colcon_ws/install/ur_description' for CMake config files
[1.147s] Level 1:colcon.colcon_core.shell:create_environment_hook('ur_description', 'cmake_prefix_path')
[1.147s] INFO:colcon.colcon_core.shell:Creating environment hook '/home/karthik/colcon_ws/install/ur_description/share/ur_description/hook/cmake_prefix_path.ps1'
[1.147s] INFO:colcon.colcon_core.shell:Creating environment descriptor '/home/karthik/colcon_ws/install/ur_description/share/ur_description/hook/cmake_prefix_path.dsv'
[1.147s] INFO:colcon.colcon_core.shell:Creating environment hook '/home/karthik/colcon_ws/install/ur_description/share/ur_description/hook/cmake_prefix_path.sh'
[1.147s] Level 1:colcon.colcon_core.environment:checking '/home/karthik/colcon_ws/install/ur_description/lib'
[1.147s] Level 1:colcon.colcon_core.environment:checking '/home/karthik/colcon_ws/install/ur_description/bin'
[1.148s] Level 1:colcon.colcon_core.environment:checking '/home/karthik/colcon_ws/install/ur_description/lib/pkgconfig/ur_description.pc'
[1.148s] Level 1:colcon.colcon_core.environment:checking '/home/karthik/colcon_ws/install/ur_description/lib/python3.10/site-packages'
[1.148s] Level 1:colcon.colcon_core.environment:checking '/home/karthik/colcon_ws/install/ur_description/bin'
[1.148s] INFO:colcon.colcon_core.shell:Creating package script '/home/karthik/colcon_ws/install/ur_description/share/ur_description/package.ps1'
[1.148s] INFO:colcon.colcon_core.shell:Creating package descriptor '/home/karthik/colcon_ws/install/ur_description/share/ur_description/package.dsv'
[1.148s] INFO:colcon.colcon_core.shell:Creating package script '/home/karthik/colcon_ws/install/ur_description/share/ur_description/package.sh'
[1.149s] INFO:colcon.colcon_core.shell:Creating package script '/home/karthik/colcon_ws/install/ur_description/share/ur_description/package.bash'
[1.149s] INFO:colcon.colcon_core.shell:Creating package script '/home/karthik/colcon_ws/install/ur_description/share/ur_description/package.zsh'
[1.149s] Level 1:colcon.colcon_core.environment:create_file_with_runtime_dependencies(/home/karthik/colcon_ws/install/ur_description/share/colcon-core/packages/ur_description)
[1.149s] INFO:colcon.colcon_ros.task.ament_cmake.build:Building ROS package in '/home/karthik/colcon_ws/src/ur_simulation_gz' with build type 'ament_cmake'
[1.149s] INFO:colcon.colcon_cmake.task.cmake.build:Building CMake package in '/home/karthik/colcon_ws/src/ur_simulation_gz'
[1.149s] INFO:colcon.colcon_core.shell:Skip shell extension 'powershell' for command environment: Not usable outside of PowerShell
[1.149s] DEBUG:colcon.colcon_core.shell:Skip shell extension 'dsv' for command environment
[1.155s] DEBUG:colcon.colcon_core.event_handler.log_command:Invoking command in '/home/karthik/colcon_ws/build/ur_simulation_gz': AMENT_PREFIX_PATH=/home/karthik/colcon_ws/install/ur_description:${AMENT_PREFIX_PATH} CMAKE_PREFIX_PATH=/home/karthik/colcon_ws/install/ur_description:${CMAKE_PREFIX_PATH} /usr/bin/cmake /home/karthik/colcon_ws/src/ur_simulation_gz -DCMAKE_INSTALL_PREFIX=/home/karthik/colcon_ws/install/ur_simulation_gz
[1.290s] DEBUG:colcon.colcon_core.event_handler.log_command:Invoked command in '/home/karthik/colcon_ws/build/linkattacher_msgs' returned '0': /usr/bin/cmake /home/karthik/colcon_ws/src/linkattacher_msgs -DCMAKE_INSTALL_PREFIX=/home/karthik/colcon_ws/install/linkattacher_msgs
[1.291s] DEBUG:colcon.colcon_core.event_handler.log_command:Invoking command in '/home/karthik/colcon_ws/build/linkattacher_msgs': /usr/bin/cmake --build /home/karthik/colcon_ws/build/linkattacher_msgs -- -j16 -l16
[1.583s] DEBUG:colcon.colcon_core.event_handler.log_command:Invoked command in '/home/karthik/colcon_ws/build/ur_simulation_gz' returned '0': AMENT_PREFIX_PATH=/home/karthik/colcon_ws/install/ur_description:${AMENT_PREFIX_PATH} CMAKE_PREFIX_PATH=/home/karthik/colcon_ws/install/ur_description:${CMAKE_PREFIX_PATH} /usr/bin/cmake /home/karthik/colcon_ws/src/ur_simulation_gz -DCMAKE_INSTALL_PREFIX=/home/karthik/colcon_ws/install/ur_simulation_gz
[1.584s] DEBUG:colcon.colcon_core.event_handler.log_command:Invoking command in '/home/karthik/colcon_ws/build/ur_simulation_gz': AMENT_PREFIX_PATH=/home/karthik/colcon_ws/install/ur_description:${AMENT_PREFIX_PATH} CMAKE_PREFIX_PATH=/home/karthik/colcon_ws/install/ur_description:${CMAKE_PREFIX_PATH} /usr/bin/cmake --build /home/karthik/colcon_ws/build/ur_simulation_gz -- -j16 -l16
[1.619s] DEBUG:colcon.colcon_core.event_handler.log_command:Invoked command in '/home/karthik/colcon_ws/build/ur_simulation_gz' returned '0': AMENT_PREFIX_PATH=/home/karthik/colcon_ws/install/ur_description:${AMENT_PREFIX_PATH} CMAKE_PREFIX_PATH=/home/karthik/colcon_ws/install/ur_description:${CMAKE_PREFIX_PATH} /usr/bin/cmake --build /home/karthik/colcon_ws/build/ur_simulation_gz -- -j16 -l16
[1.620s] DEBUG:colcon.colcon_core.event_handler.log_command:Invoking command in '/home/karthik/colcon_ws/build/ur_simulation_gz': AMENT_PREFIX_PATH=/home/karthik/colcon_ws/install/ur_description:${AMENT_PREFIX_PATH} CMAKE_PREFIX_PATH=/home/karthik/colcon_ws/install/ur_description:${CMAKE_PREFIX_PATH} /usr/bin/cmake --install /home/karthik/colcon_ws/build/ur_simulation_gz
[1.629s] Level 1:colcon.colcon_core.environment:create_environment_scripts_only(ur_simulation_gz)
[1.630s] DEBUG:colcon.colcon_core.event_handler.log_command:Invoked command in '/home/karthik/colcon_ws/build/ur_simulation_gz' returned '0': AMENT_PREFIX_PATH=/home/karthik/colcon_ws/install/ur_description:${AMENT_PREFIX_PATH} CMAKE_PREFIX_PATH=/home/karthik/colcon_ws/install/ur_description:${CMAKE_PREFIX_PATH} /usr/bin/cmake --install /home/karthik/colcon_ws/build/ur_simulation_gz
[1.630s] Level 1:colcon.colcon_core.environment:checking '/home/karthik/colcon_ws/install/ur_simulation_gz' for CMake module files
[1.630s] Level 1:colcon.colcon_core.environment:checking '/home/karthik/colcon_ws/install/ur_simulation_gz' for CMake config files
[1.630s] Level 1:colcon.colcon_core.shell:create_environment_hook('ur_simulation_gz', 'cmake_prefix_path')
[1.631s] INFO:colcon.colcon_core.shell:Creating environment hook '/home/karthik/colcon_ws/install/ur_simulation_gz/share/ur_simulation_gz/hook/cmake_prefix_path.ps1'
[1.631s] INFO:colcon.colcon_core.shell:Creating environment descriptor '/home/karthik/colcon_ws/install/ur_simulation_gz/share/ur_simulation_gz/hook/cmake_prefix_path.dsv'
[1.631s] INFO:colcon.colcon_core.shell:Creating environment hook '/home/karthik/colcon_ws/install/ur_simulation_gz/share/ur_simulation_gz/hook/cmake_prefix_path.sh'
[1.632s] Level 1:colcon.colcon_core.environment:checking '/home/karthik/colcon_ws/install/ur_simulation_gz/lib'
[1.632s] Level 1:colcon.colcon_core.environment:checking '/home/karthik/colcon_ws/install/ur_simulation_gz/bin'
[1.632s] Level 1:colcon.colcon_core.environment:checking '/home/karthik/colcon_ws/install/ur_simulation_gz/lib/pkgconfig/ur_simulation_gz.pc'
[1.632s] Level 1:colcon.colcon_core.environment:checking '/home/karthik/colcon_ws/install/ur_simulation_gz/lib/python3.10/site-packages'
[1.632s] Level 1:colcon.colcon_core.environment:checking '/home/karthik/colcon_ws/install/ur_simulation_gz/bin'
[1.632s] INFO:colcon.colcon_core.shell:Creating package script '/home/karthik/colcon_ws/install/ur_simulation_gz/share/ur_simulation_gz/package.ps1'
[1.633s] INFO:colcon.colcon_core.shell:Creating package descriptor '/home/karthik/colcon_ws/install/ur_simulation_gz/share/ur_simulation_gz/package.dsv'
[1.633s] INFO:colcon.colcon_core.shell:Creating package script '/home/karthik/colcon_ws/install/ur_simulation_gz/share/ur_simulation_gz/package.sh'
[1.633s] INFO:colcon.colcon_core.shell:Creating package script '/home/karthik/colcon_ws/install/ur_simulation_gz/share/ur_simulation_gz/package.bash'
[1.633s] INFO:colcon.colcon_core.shell:Creating package script '/home/karthik/colcon_ws/install/ur_simulation_gz/share/ur_simulation_gz/package.zsh'
[1.634s] Level 1:colcon.colcon_core.environment:create_file_with_runtime_dependencies(/home/karthik/colcon_ws/install/ur_simulation_gz/share/colcon-core/packages/ur_simulation_gz)
[1.634s] Level 1:colcon.colcon_core.environment:create_environment_scripts_only(ur_simulation_gz)
[1.634s] Level 1:colcon.colcon_core.environment:checking '/home/karthik/colcon_ws/install/ur_simulation_gz' for CMake module files
[1.634s] Level 1:colcon.colcon_core.environment:checking '/home/karthik/colcon_ws/install/ur_simulation_gz' for CMake config files
[1.635s] Level 1:colcon.colcon_core.shell:create_environment_hook('ur_simulation_gz', 'cmake_prefix_path')
[1.635s] INFO:colcon.colcon_core.shell:Creating environment hook '/home/karthik/colcon_ws/install/ur_simulation_gz/share/ur_simulation_gz/hook/cmake_prefix_path.ps1'
[1.635s] INFO:colcon.colcon_core.shell:Creating environment descriptor '/home/karthik/colcon_ws/install/ur_simulation_gz/share/ur_simulation_gz/hook/cmake_prefix_path.dsv'
[1.635s] INFO:colcon.colcon_core.shell:Creating environment hook '/home/karthik/colcon_ws/install/ur_simulation_gz/share/ur_simulation_gz/hook/cmake_prefix_path.sh'
[1.636s] Level 1:colcon.colcon_core.environment:checking '/home/karthik/colcon_ws/install/ur_simulation_gz/lib'
[1.636s] Level 1:colcon.colcon_core.environment:checking '/home/karthik/colcon_ws/install/ur_simulation_gz/bin'
[1.636s] Level 1:colcon.colcon_core.environment:checking '/home/karthik/colcon_ws/install/ur_simulation_gz/lib/pkgconfig/ur_simulation_gz.pc'
[1.636s] Level 1:colcon.colcon_core.environment:checking '/home/karthik/colcon_ws/install/ur_simulation_gz/lib/python3.10/site-packages'
[1.636s] Level 1:colcon.colcon_core.environment:checking '/home/karthik/colcon_ws/install/ur_simulation_gz/bin'
[1.636s] INFO:colcon.colcon_core.shell:Creating package script '/home/karthik/colcon_ws/install/ur_simulation_gz/share/ur_simulation_gz/package.ps1'
[1.636s] INFO:colcon.colcon_core.shell:Creating package descriptor '/home/karthik/colcon_ws/install/ur_simulation_gz/share/ur_simulation_gz/package.dsv'
[1.637s] INFO:colcon.colcon_core.shell:Creating package script '/home/karthik/colcon_ws/install/ur_simulation_gz/share/ur_simulation_gz/package.sh'
[1.637s] INFO:colcon.colcon_core.shell:Creating package script '/home/karthik/colcon_ws/install/ur_simulation_gz/share/ur_simulation_gz/package.bash'
[1.637s] INFO:colcon.colcon_core.shell:Creating package script '/home/karthik/colcon_ws/install/ur_simulation_gz/share/ur_simulation_gz/package.zsh'
[1.638s] Level 1:colcon.colcon_core.environment:create_file_with_runtime_dependencies(/home/karthik/colcon_ws/install/ur_simulation_gz/share/colcon-core/packages/ur_simulation_gz)
[2.947s] DEBUG:colcon.colcon_core.event_handler.log_command:Invoked command in '/home/karthik/colcon_ws/build/linkattacher_msgs' returned '0': /usr/bin/cmake --build /home/karthik/colcon_ws/build/linkattacher_msgs -- -j16 -l16
[2.948s] DEBUG:colcon.colcon_core.event_handler.log_command:Invoking command in '/home/karthik/colcon_ws/build/linkattacher_msgs': /usr/bin/cmake --install /home/karthik/colcon_ws/build/linkattacher_msgs
[2.990s] Level 1:colcon.colcon_core.environment:create_environment_scripts_only(linkattacher_msgs)
[2.990s] Level 1:colcon.colcon_core.environment:checking '/home/karthik/colcon_ws/install/linkattacher_msgs' for CMake module files
[2.990s] DEBUG:colcon.colcon_core.event_handler.log_command:Invoked command in '/home/karthik/colcon_ws/build/linkattacher_msgs' returned '0': /usr/bin/cmake --install /home/karthik/colcon_ws/build/linkattacher_msgs
[2.991s] Level 1:colcon.colcon_core.environment:checking '/home/karthik/colcon_ws/install/linkattacher_msgs' for CMake config files
[2.992s] Level 1:colcon.colcon_core.shell:create_environment_hook('linkattacher_msgs', 'cmake_prefix_path')
[2.992s] INFO:colcon.colcon_core.shell:Creating environment hook '/home/karthik/colcon_ws/install/linkattacher_msgs/share/linkattacher_msgs/hook/cmake_prefix_path.ps1'
[2.992s] INFO:colcon.colcon_core.shell:Creating environment descriptor '/home/karthik/colcon_ws/install/linkattacher_msgs/share/linkattacher_msgs/hook/cmake_prefix_path.dsv'
[2.992s] INFO:colcon.colcon_core.shell:Creating environment hook '/home/karthik/colcon_ws/install/linkattacher_msgs/share/linkattacher_msgs/hook/cmake_prefix_path.sh'
[2.992s] Level 1:colcon.colcon_core.environment:checking '/home/karthik/colcon_ws/install/linkattacher_msgs/lib'
[2.993s] Level 1:colcon.colcon_core.shell:create_environment_hook('linkattacher_msgs', 'ld_library_path_lib')
[2.993s] INFO:colcon.colcon_core.shell:Creating environment hook '/home/karthik/colcon_ws/install/linkattacher_msgs/share/linkattacher_msgs/hook/ld_library_path_lib.ps1'
[2.993s] INFO:colcon.colcon_core.shell:Creating environment descriptor '/home/karthik/colcon_ws/install/linkattacher_msgs/share/linkattacher_msgs/hook/ld_library_path_lib.dsv'
[2.993s] INFO:colcon.colcon_core.shell:Creating environment hook '/home/karthik/colcon_ws/install/linkattacher_msgs/share/linkattacher_msgs/hook/ld_library_path_lib.sh'
[2.993s] Level 1:colcon.colcon_core.environment:checking '/home/karthik/colcon_ws/install/linkattacher_msgs/bin'
[2.993s] Level 1:colcon.colcon_core.environment:checking '/home/karthik/colcon_ws/install/linkattacher_msgs/lib/pkgconfig/linkattacher_msgs.pc'
[2.993s] Level 1:colcon.colcon_core.environment:checking '/home/karthik/colcon_ws/install/linkattacher_msgs/lib/python3.10/site-packages'
[2.993s] Level 1:colcon.colcon_core.environment:checking '/home/karthik/colcon_ws/install/linkattacher_msgs/bin'
[2.994s] INFO:colcon.colcon_core.shell:Creating package script '/home/karthik/colcon_ws/install/linkattacher_msgs/share/linkattacher_msgs/package.ps1'
[2.994s] INFO:colcon.colcon_core.shell:Creating package descriptor '/home/karthik/colcon_ws/install/linkattacher_msgs/share/linkattacher_msgs/package.dsv'
[2.994s] INFO:colcon.colcon_core.shell:Creating package script '/home/karthik/colcon_ws/install/linkattacher_msgs/share/linkattacher_msgs/package.sh'
[2.994s] INFO:colcon.colcon_core.shell:Creating package script '/home/karthik/colcon_ws/install/linkattacher_msgs/share/linkattacher_msgs/package.bash'
[2.994s] INFO:colcon.colcon_core.shell:Creating package script '/home/karthik/colcon_ws/install/linkattacher_msgs/share/linkattacher_msgs/package.zsh'
[2.995s] Level 1:colcon.colcon_core.environment:create_file_with_runtime_dependencies(/home/karthik/colcon_ws/install/linkattacher_msgs/share/colcon-core/packages/linkattacher_msgs)
[2.995s] Level 1:colcon.colcon_core.environment:create_environment_scripts_only(linkattacher_msgs)
[2.995s] Level 1:colcon.colcon_core.environment:checking '/home/karthik/colcon_ws/install/linkattacher_msgs' for CMake module files
[2.995s] Level 1:colcon.colcon_core.environment:checking '/home/karthik/colcon_ws/install/linkattacher_msgs' for CMake config files
[2.995s] Level 1:colcon.colcon_core.shell:create_environment_hook('linkattacher_msgs', 'cmake_prefix_path')
[2.996s] INFO:colcon.colcon_core.shell:Creating environment hook '/home/karthik/colcon_ws/install/linkattacher_msgs/share/linkattacher_msgs/hook/cmake_prefix_path.ps1'
[2.996s] INFO:colcon.colcon_core.shell:Creating environment descriptor '/home/karthik/colcon_ws/install/linkattacher_msgs/share/linkattacher_msgs/hook/cmake_prefix_path.dsv'
[2.996s] INFO:colcon.colcon_core.shell:Creating environment hook '/home/karthik/colcon_ws/install/linkattacher_msgs/share/linkattacher_msgs/hook/cmake_prefix_path.sh'
[2.996s] Level 1:colcon.colcon_core.environment:checking '/home/karthik/colcon_ws/install/linkattacher_msgs/lib'
[2.996s] Level 1:colcon.colcon_core.shell:create_environment_hook('linkattacher_msgs', 'ld_library_path_lib')
[2.996s] INFO:colcon.colcon_core.shell:Creating environment hook '/home/karthik/colcon_ws/install/linkattacher_msgs/share/linkattacher_msgs/hook/ld_library_path_lib.ps1'
[2.997s] INFO:colcon.colcon_core.shell:Creating environment descriptor '/home/karthik/colcon_ws/install/linkattacher_msgs/share/linkattacher_msgs/hook/ld_library_path_lib.dsv'
[2.997s] INFO:colcon.colcon_core.shell:Creating environment hook '/home/karthik/colcon_ws/install/linkattacher_msgs/share/linkattacher_msgs/hook/ld_library_path_lib.sh'
[2.997s] Level 1:colcon.colcon_core.environment:checking '/home/karthik/colcon_ws/install/linkattacher_msgs/bin'
[2.997s] Level 1:colcon.colcon_core.environment:checking '/home/karthik/colcon_ws/install/linkattacher_msgs/lib/pkgconfig/linkattacher_msgs.pc'
[2.997s] Level 1:colcon.colcon_core.environment:checking '/home/karthik/colcon_ws/install/linkattacher_msgs/lib/python3.10/site-packages'
[2.997s] Level 1:colcon.colcon_core.environment:checking '/home/karthik/colcon_ws/install/linkattacher_msgs/bin'
[2.997s] INFO:colcon.colcon_core.shell:Creating package script '/home/karthik/colcon_ws/install/linkattacher_msgs/share/linkattacher_msgs/package.ps1'
[2.998s] INFO:colcon.colcon_core.shell:Creating package descriptor '/home/karthik/colcon_ws/install/linkattacher_msgs/share/linkattacher_msgs/package.dsv'
[2.998s] INFO:colcon.colcon_core.shell:Creating package script '/home/karthik/colcon_ws/install/linkattacher_msgs/share/linkattacher_msgs/package.sh'
[2.998s] INFO:colcon.colcon_core.shell:Creating package script '/home/karthik/colcon_ws/install/linkattacher_msgs/share/linkattacher_msgs/package.bash'
[2.998s] INFO:colcon.colcon_core.shell:Creating package script '/home/karthik/colcon_ws/install/linkattacher_msgs/share/linkattacher_msgs/package.zsh'
[2.998s] Level 1:colcon.colcon_core.environment:create_file_with_runtime_dependencies(/home/karthik/colcon_ws/install/linkattacher_msgs/share/colcon-core/packages/linkattacher_msgs)
[2.998s] DEBUG:colcon.colcon_parallel_executor.executor.parallel:closing loop
[2.999s] DEBUG:colcon.colcon_parallel_executor.executor.parallel:loop closed
[2.999s] DEBUG:colcon.colcon_parallel_executor.executor.parallel:run_until_complete finished with '0'
[2.999s] DEBUG:colcon.colcon_core.event_reactor:joining thread
[3.002s] INFO:colcon.colcon_core.plugin_system:Skipping extension 'colcon_notification.desktop_notification.terminal_notifier': Not used on non-Darwin systems
[3.002s] INFO:colcon.colcon_core.plugin_system:Skipping extension 'colcon_notification.desktop_notification.win32': Not used on non-Windows systems
[3.002s] INFO:colcon.colcon_notification.desktop_notification:Sending desktop notification using 'notify2'
[3.014s] DEBUG:colcon.colcon_core.event_reactor:joined thread
[3.014s] INFO:colcon.colcon_core.shell:Creating prefix script '/home/karthik/colcon_ws/install/local_setup.ps1'
[3.015s] INFO:colcon.colcon_core.shell:Creating prefix util module '/home/karthik/colcon_ws/install/_local_setup_util_ps1.py'
[3.015s] INFO:colcon.colcon_core.shell:Creating prefix chain script '/home/karthik/colcon_ws/install/setup.ps1'
[3.016s] INFO:colcon.colcon_core.shell:Creating prefix script '/home/karthik/colcon_ws/install/local_setup.sh'
[3.017s] INFO:colcon.colcon_core.shell:Creating prefix util module '/home/karthik/colcon_ws/install/_local_setup_util_sh.py'
[3.017s] INFO:colcon.colcon_core.shell:Creating prefix chain script '/home/karthik/colcon_ws/install/setup.sh'
[3.017s] INFO:colcon.colcon_core.shell:Creating prefix script '/home/karthik/colcon_ws/install/local_setup.bash'
[3.018s] INFO:colcon.colcon_core.shell:Creating prefix chain script '/home/karthik/colcon_ws/install/setup.bash'
[3.018s] INFO:colcon.colcon_core.shell:Creating prefix script '/home/karthik/colcon_ws/install/local_setup.zsh'
[3.019s] INFO:colcon.colcon_core.shell:Creating prefix chain script '/home/karthik/colcon_ws/install/setup.zsh'
