[0.158s] Invoking command in '/home/karthik/colcon_ws/build/ur5_control': /usr/bin/cmake --build /home/karthik/colcon_ws/build/ur5_control -- -j16 -l16
[0.227s] Invoked command in '/home/karthik/colcon_ws/build/ur5_control' returned '0': /usr/bin/cmake --build /home/karthik/colcon_ws/build/ur5_control -- -j16 -l16
[0.228s] Invoking command in '/home/karthik/colcon_ws/build/ur5_control': /usr/bin/cmake --install /home/karthik/colcon_ws/build/ur5_control
[0.234s] -- Install configuration: ""
[0.234s] -- Up-to-date: /home/karthik/colcon_ws/install/ur5_control/lib/ur5_control/task1b_boiler_plate.py
[0.234s] -- Up-to-date: /home/karthik/colcon_ws/install/ur5_control/lib/ur5_control/bonus_task2_boiler_plate.py
[0.234s] -- Up-to-date: /home/karthik/colcon_ws/install/ur5_control/share/ament_index/resource_index/package_run_dependencies/ur5_control
[0.234s] -- Up-to-date: /home/karthik/colcon_ws/install/ur5_control/share/ament_index/resource_index/parent_prefix_path/ur5_control
[0.234s] -- Up-to-date: /home/karthik/colcon_ws/install/ur5_control/share/ur5_control/environment/ament_prefix_path.sh
[0.234s] -- Up-to-date: /home/karthik/colcon_ws/install/ur5_control/share/ur5_control/environment/ament_prefix_path.dsv
[0.234s] -- Up-to-date: /home/karthik/colcon_ws/install/ur5_control/share/ur5_control/environment/path.sh
[0.234s] -- Up-to-date: /home/karthik/colcon_ws/install/ur5_control/share/ur5_control/environment/path.dsv
[0.235s] -- Up-to-date: /home/karthik/colcon_ws/install/ur5_control/share/ur5_control/local_setup.bash
[0.235s] -- Up-to-date: /home/karthik/colcon_ws/install/ur5_control/share/ur5_control/local_setup.sh
[0.235s] -- Up-to-date: /home/karthik/colcon_ws/install/ur5_control/share/ur5_control/local_setup.zsh
[0.235s] -- Up-to-date: /home/karthik/colcon_ws/install/ur5_control/share/ur5_control/local_setup.dsv
[0.235s] -- Installing: /home/karthik/colcon_ws/install/ur5_control/share/ur5_control/package.dsv
[0.235s] -- Up-to-date: /home/karthik/colcon_ws/install/ur5_control/share/ament_index/resource_index/packages/ur5_control
[0.235s] -- Up-to-date: /home/karthik/colcon_ws/install/ur5_control/share/ur5_control/cmake/ur5_controlConfig.cmake
[0.235s] -- Up-to-date: /home/karthik/colcon_ws/install/ur5_control/share/ur5_control/cmake/ur5_controlConfig-version.cmake
[0.235s] -- Up-to-date: /home/karthik/colcon_ws/install/ur5_control/share/ur5_control/package.xml
[0.250s] Invoked command in '/home/karthik/colcon_ws/build/ur5_control' returned '0': /usr/bin/cmake --install /home/karthik/colcon_ws/build/ur5_control
