running egg_info
writing ../../build/arm/arm.egg-info/PKG-INFO
writing dependency_links to ../../build/arm/arm.egg-info/dependency_links.txt
writing entry points to ../../build/arm/arm.egg-info/entry_points.txt
writing requirements to ../../build/arm/arm.egg-info/requires.txt
writing top-level names to ../../build/arm/arm.egg-info/top_level.txt
reading manifest file '../../build/arm/arm.egg-info/SOURCES.txt'
writing manifest file '../../build/arm/arm.egg-info/SOURCES.txt'
running build
running build_py
copying arm/task3.py -> /home/karthik/colcon_ws/build/arm/build/lib/arm
running install
running install_lib
copying /home/karthik/colcon_ws/build/arm/build/lib/arm/task3.py -> /home/karthik/colcon_ws/install/arm/lib/python3.10/site-packages/arm
byte-compiling /home/karthik/colcon_ws/install/arm/lib/python3.10/site-packages/arm/task3.py to task3.cpython-310.pyc
running install_data
running install_egg_info
removing '/home/karthik/colcon_ws/install/arm/lib/python3.10/site-packages/arm-0.0.0-py3.10.egg-info' (and everything under it)
Copying ../../build/arm/arm.egg-info to /home/karthik/colcon_ws/install/arm/lib/python3.10/site-packages/arm-0.0.0-py3.10.egg-info
running install_scripts
Installing control_node script to /home/karthik/colcon_ws/install/arm/lib/arm
Installing ebot_nav_task1A script to /home/karthik/colcon_ws/install/arm/lib/arm
Installing shape script to /home/karthik/colcon_ws/install/arm/lib/arm
Installing task1b script to /home/karthik/colcon_ws/install/arm/lib/arm
Installing task1c script to /home/karthik/colcon_ws/install/arm/lib/arm
Installing task2A script to /home/karthik/colcon_ws/install/arm/lib/arm
Installing task3 script to /home/karthik/colcon_ws/install/arm/lib/arm
writing list of installed files to '/home/karthik/colcon_ws/build/arm/install.log'
