[0.457s] Invoking command in '/home/karthik/colcon_ws/src/arm': PYTHONPATH=/home/karthik/colcon_ws/build/arm/prefix_override:/usr/lib/python3/dist-packages/colcon_core/task/python/colcon_distutils_commands:/home/karthik/colcon_ws/install/arm/lib/python3.10/site-packages:${PYTHONPATH} /usr/bin/python3 -W ignore:setup.py install is deprecated -W ignore:easy_install command is deprecated setup.py egg_info --egg-base ../../build/arm build --build-base /home/karthik/colcon_ws/build/arm/build install --record /home/karthik/colcon_ws/build/arm/install.log --single-version-externally-managed install_data
[0.582s] running egg_info
[0.582s] writing ../../build/arm/arm.egg-info/PKG-INFO
[0.582s] writing dependency_links to ../../build/arm/arm.egg-info/dependency_links.txt
[0.582s] writing entry points to ../../build/arm/arm.egg-info/entry_points.txt
[0.582s] writing requirements to ../../build/arm/arm.egg-info/requires.txt
[0.582s] writing top-level names to ../../build/arm/arm.egg-info/top_level.txt
[0.583s] reading manifest file '../../build/arm/arm.egg-info/SOURCES.txt'
[0.584s] writing manifest file '../../build/arm/arm.egg-info/SOURCES.txt'
[0.584s] running build
[0.584s] running build_py
[0.584s] copying arm/task3.py -> /home/karthik/colcon_ws/build/arm/build/lib/arm
[0.584s] running install
[0.584s] running install_lib
[0.585s] copying /home/karthik/colcon_ws/build/arm/build/lib/arm/task3.py -> /home/karthik/colcon_ws/install/arm/lib/python3.10/site-packages/arm
[0.585s] byte-compiling /home/karthik/colcon_ws/install/arm/lib/python3.10/site-packages/arm/task3.py to task3.cpython-310.pyc
[0.587s] running install_data
[0.587s] running install_egg_info
[0.588s] removing '/home/karthik/colcon_ws/install/arm/lib/python3.10/site-packages/arm-0.0.0-py3.10.egg-info' (and everything under it)
[0.588s] Copying ../../build/arm/arm.egg-info to /home/karthik/colcon_ws/install/arm/lib/python3.10/site-packages/arm-0.0.0-py3.10.egg-info
[0.588s] running install_scripts
[0.599s] Installing control_node script to /home/karthik/colcon_ws/install/arm/lib/arm
[0.599s] Installing ebot_nav_task1A script to /home/karthik/colcon_ws/install/arm/lib/arm
[0.599s] Installing shape script to /home/karthik/colcon_ws/install/arm/lib/arm
[0.599s] Installing task1b script to /home/karthik/colcon_ws/install/arm/lib/arm
[0.599s] Installing task1c script to /home/karthik/colcon_ws/install/arm/lib/arm
[0.599s] Installing task2A script to /home/karthik/colcon_ws/install/arm/lib/arm
[0.600s] Installing task3 script to /home/karthik/colcon_ws/install/arm/lib/arm
[0.600s] writing list of installed files to '/home/karthik/colcon_ws/build/arm/install.log'
[0.612s] Invoked command in '/home/karthik/colcon_ws/src/arm' returned '0': PYTHONPATH=/home/karthik/colcon_ws/build/arm/prefix_override:/usr/lib/python3/dist-packages/colcon_core/task/python/colcon_distutils_commands:/home/karthik/colcon_ws/install/arm/lib/python3.10/site-packages:${PYTHONPATH} /usr/bin/python3 -W ignore:setup.py install is deprecated -W ignore:easy_install command is deprecated setup.py egg_info --egg-base ../../build/arm build --build-base /home/karthik/colcon_ws/build/arm/build install --record /home/karthik/colcon_ws/build/arm/install.log --single-version-externally-managed install_data
