/home/karthik/colcon_ws/install/arm/lib/python3.10/site-packages/arm/control.py
/home/karthik/colcon_ws/install/arm/lib/python3.10/site-packages/arm/ebot_nav_task2a.py
/home/karthik/colcon_ws/install/arm/lib/python3.10/site-packages/arm/__init__.py
/home/karthik/colcon_ws/install/arm/lib/python3.10/site-packages/arm/ebot_nav_task1A.py
/home/karthik/colcon_ws/install/arm/lib/python3.10/site-packages/arm/task2b_2.py
/home/karthik/colcon_ws/install/arm/lib/python3.10/site-packages/arm/task1c.py
/home/karthik/colcon_ws/install/arm/lib/python3.10/site-packages/arm/task1b.py
/home/karthik/colcon_ws/install/arm/lib/python3.10/site-packages/arm/shape_detector_task2a.py
/home/karthik/colcon_ws/install/arm/lib/python3.10/site-packages/arm/task2b.py
/home/karthik/colcon_ws/install/arm/lib/python3.10/site-packages/arm/__pycache__/control.cpython-310.pyc
/home/karthik/colcon_ws/install/arm/lib/python3.10/site-packages/arm/__pycache__/ebot_nav_task2a.cpython-310.pyc
/home/karthik/colcon_ws/install/arm/lib/python3.10/site-packages/arm/__pycache__/__init__.cpython-310.pyc
/home/karthik/colcon_ws/install/arm/lib/python3.10/site-packages/arm/__pycache__/ebot_nav_task1A.cpython-310.pyc
/home/karthik/colcon_ws/install/arm/lib/python3.10/site-packages/arm/__pycache__/task2b_2.cpython-310.pyc
/home/karthik/colcon_ws/install/arm/lib/python3.10/site-packages/arm/__pycache__/task1c.cpython-310.pyc
/home/karthik/colcon_ws/install/arm/lib/python3.10/site-packages/arm/__pycache__/task1b.cpython-310.pyc
/home/karthik/colcon_ws/install/arm/lib/python3.10/site-packages/arm/__pycache__/shape_detector_task2a.cpython-310.pyc
/home/karthik/colcon_ws/install/arm/lib/python3.10/site-packages/arm/__pycache__/task2b.cpython-310.pyc
/home/karthik/colcon_ws/install/arm/share/ament_index/resource_index/packages/arm
/home/karthik/colcon_ws/install/arm/share/arm/package.xml
/home/karthik/colcon_ws/install/arm/lib/python3.10/site-packages/arm-0.0.0-py3.10.egg-info/SOURCES.txt
/home/karthik/colcon_ws/install/arm/lib/python3.10/site-packages/arm-0.0.0-py3.10.egg-info/entry_points.txt
/home/karthik/colcon_ws/install/arm/lib/python3.10/site-packages/arm-0.0.0-py3.10.egg-info/PKG-INFO
/home/karthik/colcon_ws/install/arm/lib/python3.10/site-packages/arm-0.0.0-py3.10.egg-info/requires.txt
/home/karthik/colcon_ws/install/arm/lib/python3.10/site-packages/arm-0.0.0-py3.10.egg-info/top_level.txt
/home/karthik/colcon_ws/install/arm/lib/python3.10/site-packages/arm-0.0.0-py3.10.egg-info/dependency_links.txt
/home/karthik/colcon_ws/install/arm/lib/python3.10/site-packages/arm-0.0.0-py3.10.egg-info/zip-safe
/home/karthik/colcon_ws/install/arm/lib/arm/control_node
/home/karthik/colcon_ws/install/arm/lib/arm/ebot_nav_task1A
/home/karthik/colcon_ws/install/arm/lib/arm/shape
/home/karthik/colcon_ws/install/arm/lib/arm/task1b
/home/karthik/colcon_ws/install/arm/lib/arm/task1c
/home/karthik/colcon_ws/install/arm/lib/arm/task2A
