-- Install configuration: ""
-- Up-to-date: /home/karthik/colcon_ws/install/ur_simulation_gz/share/ur_simulation_gz/config
-- Up-to-date: /home/karthik/colcon_ws/install/ur_simulation_gz/share/ur_simulation_gz/config/ur_controllers.yaml
-- Up-to-date: /home/karthik/colcon_ws/install/ur_simulation_gz/share/ur_simulation_gz/launch
-- Up-to-date: /home/karthik/colcon_ws/install/ur_simulation_gz/share/ur_simulation_gz/launch/spawn_arm.launch.py
-- Up-to-date: /home/karthik/colcon_ws/install/ur_simulation_gz/lib/ur_simulation_gz/twist_servo_cal.py
-- Up-to-date: /home/karthik/colcon_ws/install/ur_simulation_gz/lib/ur_simulation_gz/kdl_parser_py.py
-- Up-to-date: /home/karthik/colcon_ws/install/ur_simulation_gz/share/ur_simulation_gz/ur5_arm.urdf
-- Up-to-date: /home/karthik/colcon_ws/install/ur_simulation_gz/share/ament_index/resource_index/package_run_dependencies/ur_simulation_gz
-- Up-to-date: /home/karthik/colcon_ws/install/ur_simulation_gz/share/ament_index/resource_index/parent_prefix_path/ur_simulation_gz
-- Up-to-date: /home/karthik/colcon_ws/install/ur_simulation_gz/share/ur_simulation_gz/environment/ament_prefix_path.sh
-- Up-to-date: /home/karthik/colcon_ws/install/ur_simulation_gz/share/ur_simulation_gz/environment/ament_prefix_path.dsv
-- Up-to-date: /home/karthik/colcon_ws/install/ur_simulation_gz/share/ur_simulation_gz/environment/path.sh
-- Up-to-date: /home/karthik/colcon_ws/install/ur_simulation_gz/share/ur_simulation_gz/environment/path.dsv
-- Up-to-date: /home/karthik/colcon_ws/install/ur_simulation_gz/share/ur_simulation_gz/local_setup.bash
-- Up-to-date: /home/karthik/colcon_ws/install/ur_simulation_gz/share/ur_simulation_gz/local_setup.sh
-- Up-to-date: /home/karthik/colcon_ws/install/ur_simulation_gz/share/ur_simulation_gz/local_setup.zsh
-- Up-to-date: /home/karthik/colcon_ws/install/ur_simulation_gz/share/ur_simulation_gz/local_setup.dsv
-- Installing: /home/karthik/colcon_ws/install/ur_simulation_gz/share/ur_simulation_gz/package.dsv
-- Up-to-date: /home/karthik/colcon_ws/install/ur_simulation_gz/share/ament_index/resource_index/packages/ur_simulation_gz
-- Up-to-date: /home/karthik/colcon_ws/install/ur_simulation_gz/share/ur_simulation_gz/cmake/ur_simulation_gzConfig.cmake
-- Up-to-date: /home/karthik/colcon_ws/install/ur_simulation_gz/share/ur_simulation_gz/cmake/ur_simulation_gzConfig-version.cmake
-- Up-to-date: /home/karthik/colcon_ws/install/ur_simulation_gz/share/ur_simulation_gz/package.xml
