[0.149s] Invoking command in '/home/karthik/colcon_ws/build/eyantra_warehouse': CMAKE_PREFIX_PATH=${CMAKE_PREFIX_PATH}:/home/karthik/colcon_ws/install/arm /usr/bin/cmake --build /home/karthik/colcon_ws/build/eyantra_warehouse -- -j16 -l16
[0.201s] Invoked command in '/home/karthik/colcon_ws/build/eyantra_warehouse' returned '0': CMAKE_PREFIX_PATH=${CMAKE_PREFIX_PATH}:/home/karthik/colcon_ws/install/arm /usr/bin/cmake --build /home/karthik/colcon_ws/build/eyantra_warehouse -- -j16 -l16
[0.202s] Invoking command in '/home/karthik/colcon_ws/build/eyantra_warehouse': CMAKE_PREFIX_PATH=${CMAKE_PREFIX_PATH}:/home/karthik/colcon_ws/install/arm /usr/bin/cmake --install /home/karthik/colcon_ws/build/eyantra_warehouse
[0.209s] -- Install configuration: ""
[0.209s] -- Up-to-date: /home/karthik/colcon_ws/install/eyantra_warehouse/share/eyantra_warehouse//launch
[0.209s] -- Up-to-date: /home/karthik/colcon_ws/install/eyantra_warehouse/share/eyantra_warehouse//launch/task1.launch.py
[0.209s] -- Up-to-date: /home/karthik/colcon_ws/install/eyantra_warehouse/share/eyantra_warehouse//launch/task0.launch.py
[0.209s] -- Up-to-date: /home/karthik/colcon_ws/install/eyantra_warehouse/share/eyantra_warehouse//launch/task1_bonus.launch.py
[0.209s] -- Up-to-date: /home/karthik/colcon_ws/install/eyantra_warehouse/share/eyantra_warehouse//launch/task2.launch.py
[0.209s] -- Up-to-date: /home/karthik/colcon_ws/install/eyantra_warehouse/share/eyantra_warehouse//launch/task2b.launch.py
[0.209s] -- Up-to-date: /home/karthik/colcon_ws/install/eyantra_warehouse/share/eyantra_warehouse//launch/task3b.launch.py
[0.209s] -- Up-to-date: /home/karthik/colcon_ws/install/eyantra_warehouse/share/eyantra_warehouse//worlds
[0.209s] -- Up-to-date: /home/karthik/colcon_ws/install/eyantra_warehouse/share/eyantra_warehouse//worlds/eyantra_warehouse_task0.world
[0.210s] -- Up-to-date: /home/karthik/colcon_ws/install/eyantra_warehouse/share/eyantra_warehouse//worlds/eyantra_warehouse_task1.world
[0.210s] -- Up-to-date: /home/karthik/colcon_ws/install/eyantra_warehouse/share/eyantra_warehouse//worlds/eyantra_warehouse_task1_bonus.world
[0.210s] -- Up-to-date: /home/karthik/colcon_ws/install/eyantra_warehouse/share/eyantra_warehouse//worlds/eyantra_warehouse_task2.world
[0.210s] -- Up-to-date: /home/karthik/colcon_ws/install/eyantra_warehouse/share/eyantra_warehouse//models
[0.210s] -- Up-to-date: /home/karthik/colcon_ws/install/eyantra_warehouse/share/eyantra_warehouse//models/arm_base
[0.210s] -- Up-to-date: /home/karthik/colcon_ws/install/eyantra_warehouse/share/eyantra_warehouse//models/arm_base/model.sdf
[0.210s] -- Up-to-date: /home/karthik/colcon_ws/install/eyantra_warehouse/share/eyantra_warehouse//models/arm_base/model.config
[0.210s] -- Up-to-date: /home/karthik/colcon_ws/install/eyantra_warehouse/share/eyantra_warehouse//models/arm_base/meshes
[0.210s] -- Up-to-date: /home/karthik/colcon_ws/install/eyantra_warehouse/share/eyantra_warehouse//models/arm_base/meshes/arm_base_default.dae
[0.210s] -- Up-to-date: /home/karthik/colcon_ws/install/eyantra_warehouse/share/eyantra_warehouse//models/rack
[0.210s] -- Up-to-date: /home/karthik/colcon_ws/install/eyantra_warehouse/share/eyantra_warehouse//models/rack/model.sdf
[0.210s] -- Up-to-date: /home/karthik/colcon_ws/install/eyantra_warehouse/share/eyantra_warehouse//models/rack/model.config
[0.210s] -- Up-to-date: /home/karthik/colcon_ws/install/eyantra_warehouse/share/eyantra_warehouse//models/rack/meshes
[0.210s] -- Up-to-date: /home/karthik/colcon_ws/install/eyantra_warehouse/share/eyantra_warehouse//models/rack/meshes/brushedsteel4.jpg
[0.210s] -- Up-to-date: /home/karthik/colcon_ws/install/eyantra_warehouse/share/eyantra_warehouse//models/rack/meshes/rack.stl
[0.210s] -- Up-to-date: /home/karthik/colcon_ws/install/eyantra_warehouse/share/eyantra_warehouse//models/rack/meshes/brushedsteel_bg.jpg
[0.210s] -- Up-to-date: /home/karthik/colcon_ws/install/eyantra_warehouse/share/eyantra_warehouse//models/rack/meshes/rack.dae
[0.210s] -- Up-to-date: /home/karthik/colcon_ws/install/eyantra_warehouse/share/eyantra_warehouse//models/good_fruit
[0.211s] -- Up-to-date: /home/karthik/colcon_ws/install/eyantra_warehouse/share/eyantra_warehouse//models/good_fruit/model.sdf
[0.211s] -- Up-to-date: /home/karthik/colcon_ws/install/eyantra_warehouse/share/eyantra_warehouse//models/good_fruit/model.config
[0.211s] -- Up-to-date: /home/karthik/colcon_ws/install/eyantra_warehouse/share/eyantra_warehouse//models/good_fruit/meshes
[0.211s] -- Up-to-date: /home/karthik/colcon_ws/install/eyantra_warehouse/share/eyantra_warehouse//models/good_fruit/meshes/good_fruit.mtl
[0.211s] -- Up-to-date: /home/karthik/colcon_ws/install/eyantra_warehouse/share/eyantra_warehouse//models/good_fruit/meshes/good_fruit_collision.obj
[0.211s] -- Up-to-date: /home/karthik/colcon_ws/install/eyantra_warehouse/share/eyantra_warehouse//models/good_fruit/meshes/good_fruit.obj
[0.211s] -- Up-to-date: /home/karthik/colcon_ws/install/eyantra_warehouse/share/eyantra_warehouse//models/plant_red_yellow_bell_peppers_trough
[0.211s] -- Up-to-date: /home/karthik/colcon_ws/install/eyantra_warehouse/share/eyantra_warehouse//models/plant_red_yellow_bell_peppers_trough/model.sdf
[0.211s] -- Up-to-date: /home/karthik/colcon_ws/install/eyantra_warehouse/share/eyantra_warehouse//models/plant_red_yellow_bell_peppers_trough/model.config
[0.211s] -- Up-to-date: /home/karthik/colcon_ws/install/eyantra_warehouse/share/eyantra_warehouse//models/plant_red_yellow_bell_peppers_trough/meshes
[0.211s] -- Up-to-date: /home/karthik/colcon_ws/install/eyantra_warehouse/share/eyantra_warehouse//models/plant_red_yellow_bell_peppers_trough/meshes/soil-texture-png-3.png
[0.211s] -- Up-to-date: /home/karthik/colcon_ws/install/eyantra_warehouse/share/eyantra_warehouse//models/plant_red_yellow_bell_peppers_trough/meshes/leaf.jpg
[0.211s] -- Up-to-date: /home/karthik/colcon_ws/install/eyantra_warehouse/share/eyantra_warehouse//models/plant_red_yellow_bell_peppers_trough/meshes/KB_plant_red_yellow_bell_pepper.dae
[0.211s] -- Up-to-date: /home/karthik/colcon_ws/install/eyantra_warehouse/share/eyantra_warehouse//models/ebot_model
[0.211s] -- Up-to-date: /home/karthik/colcon_ws/install/eyantra_warehouse/share/eyantra_warehouse//models/ebot_model/ebot_description.xacro.urdf.sdf
[0.211s] -- Up-to-date: /home/karthik/colcon_ws/install/eyantra_warehouse/share/eyantra_warehouse//models/ebot_model/model.config
[0.211s] -- Up-to-date: /home/karthik/colcon_ws/install/eyantra_warehouse/share/eyantra_warehouse//models/ebot_model/meshes
[0.211s] -- Up-to-date: /home/karthik/colcon_ws/install/eyantra_warehouse/share/eyantra_warehouse//models/ebot_model/meshes/FWR.STL
[0.212s] -- Up-to-date: /home/karthik/colcon_ws/install/eyantra_warehouse/share/eyantra_warehouse//models/ebot_model/meshes/ebot_description.xacro.urdf.sdf
[0.212s] -- Up-to-date: /home/karthik/colcon_ws/install/eyantra_warehouse/share/eyantra_warehouse//models/ebot_model/meshes/FUS4.STL
[0.212s] -- Up-to-date: /home/karthik/colcon_ws/install/eyantra_warehouse/share/eyantra_warehouse//models/ebot_model/meshes/FUS2.STL
[0.212s] -- Up-to-date: /home/karthik/colcon_ws/install/eyantra_warehouse/share/eyantra_warehouse//models/ebot_model/meshes/FUS3.STL
[0.212s] -- Up-to-date: /home/karthik/colcon_ws/install/eyantra_warehouse/share/eyantra_warehouse//models/ebot_model/meshes/FWL.STL
[0.212s] -- Up-to-date: /home/karthik/colcon_ws/install/eyantra_warehouse/share/eyantra_warehouse//models/ebot_model/meshes/RWL.STL
[0.212s] -- Up-to-date: /home/karthik/colcon_ws/install/eyantra_warehouse/share/eyantra_warehouse//models/ebot_model/meshes/RUS5.STL
[0.212s] -- Up-to-date: /home/karthik/colcon_ws/install/eyantra_warehouse/share/eyantra_warehouse//models/ebot_model/meshes/RUS6.STL
[0.212s] -- Up-to-date: /home/karthik/colcon_ws/install/eyantra_warehouse/share/eyantra_warehouse//models/ebot_model/meshes/RWR.STL
[0.212s] -- Up-to-date: /home/karthik/colcon_ws/install/eyantra_warehouse/share/eyantra_warehouse//models/ebot_model/meshes/chassis_modified.dae
[0.212s] -- Up-to-date: /home/karthik/colcon_ws/install/eyantra_warehouse/share/eyantra_warehouse//models/ebot_model/meshes/LHUS10.STL
[0.212s] -- Up-to-date: /home/karthik/colcon_ws/install/eyantra_warehouse/share/eyantra_warehouse//models/ebot_model/meshes/RHUS9.STL
[0.212s] -- Up-to-date: /home/karthik/colcon_ws/install/eyantra_warehouse/share/eyantra_warehouse//models/ebot_model/meshes/FUS1.STL
[0.212s] -- Up-to-date: /home/karthik/colcon_ws/install/eyantra_warehouse/share/eyantra_warehouse//models/ebot_model/meshes/robot_base.stl
[0.212s] -- Up-to-date: /home/karthik/colcon_ws/install/eyantra_warehouse/share/eyantra_warehouse//models/ebot_model/meshes/RHUS7.STL
[0.212s] -- Up-to-date: /home/karthik/colcon_ws/install/eyantra_warehouse/share/eyantra_warehouse//models/ebot_model/meshes/aruco_tag.jpg
[0.212s] -- Up-to-date: /home/karthik/colcon_ws/install/eyantra_warehouse/share/eyantra_warehouse//models/ebot_model/meshes/LHUS9.STL
[0.212s] -- Up-to-date: /home/karthik/colcon_ws/install/eyantra_warehouse/share/eyantra_warehouse//models/square_shape
[0.212s] -- Up-to-date: /home/karthik/colcon_ws/install/eyantra_warehouse/share/eyantra_warehouse//models/square_shape/model.sdf
[0.212s] -- Up-to-date: /home/karthik/colcon_ws/install/eyantra_warehouse/share/eyantra_warehouse//models/square_shape/model.config
[0.212s] -- Up-to-date: /home/karthik/colcon_ws/install/eyantra_warehouse/share/eyantra_warehouse//models/square_shape/meshes
[0.212s] -- Up-to-date: /home/karthik/colcon_ws/install/eyantra_warehouse/share/eyantra_warehouse//models/square_shape/meshes/square_shape.mtl
[0.212s] -- Up-to-date: /home/karthik/colcon_ws/install/eyantra_warehouse/share/eyantra_warehouse//models/square_shape/meshes/square_shape.obj
[0.212s] -- Up-to-date: /home/karthik/colcon_ws/install/eyantra_warehouse/share/eyantra_warehouse//models/dock_shape
[0.212s] -- Up-to-date: /home/karthik/colcon_ws/install/eyantra_warehouse/share/eyantra_warehouse//models/dock_shape/model.sdf
[0.212s] -- Up-to-date: /home/karthik/colcon_ws/install/eyantra_warehouse/share/eyantra_warehouse//models/dock_shape/model.config
[0.212s] -- Up-to-date: /home/karthik/colcon_ws/install/eyantra_warehouse/share/eyantra_warehouse//models/dock_shape/meshes
[0.212s] -- Up-to-date: /home/karthik/colcon_ws/install/eyantra_warehouse/share/eyantra_warehouse//models/dock_shape/meshes/dock_shape.mtl
[0.212s] -- Up-to-date: /home/karthik/colcon_ws/install/eyantra_warehouse/share/eyantra_warehouse//models/dock_shape/meshes/dock_shape.obj
[0.212s] -- Up-to-date: /home/karthik/colcon_ws/install/eyantra_warehouse/share/eyantra_warehouse//models/window
[0.212s] -- Up-to-date: /home/karthik/colcon_ws/install/eyantra_warehouse/share/eyantra_warehouse//models/window/model.sdf
[0.212s] -- Up-to-date: /home/karthik/colcon_ws/install/eyantra_warehouse/share/eyantra_warehouse//models/window/model.config
[0.212s] -- Up-to-date: /home/karthik/colcon_ws/install/eyantra_warehouse/share/eyantra_warehouse//models/triangle_shape
[0.212s] -- Up-to-date: /home/karthik/colcon_ws/install/eyantra_warehouse/share/eyantra_warehouse//models/triangle_shape/model.sdf
[0.212s] -- Up-to-date: /home/karthik/colcon_ws/install/eyantra_warehouse/share/eyantra_warehouse//models/triangle_shape/model.config
[0.212s] -- Up-to-date: /home/karthik/colcon_ws/install/eyantra_warehouse/share/eyantra_warehouse//models/triangle_shape/meshes
[0.212s] -- Up-to-date: /home/karthik/colcon_ws/install/eyantra_warehouse/share/eyantra_warehouse//models/triangle_shape/meshes/triangle_shape.mtl
[0.213s] -- Up-to-date: /home/karthik/colcon_ws/install/eyantra_warehouse/share/eyantra_warehouse//models/triangle_shape/meshes/triangle_shape.obj
[0.213s] -- Up-to-date: /home/karthik/colcon_ws/install/eyantra_warehouse/share/eyantra_warehouse//models/water_tank
[0.213s] -- Up-to-date: /home/karthik/colcon_ws/install/eyantra_warehouse/share/eyantra_warehouse//models/water_tank/water_tank.obj
[0.213s] -- Up-to-date: /home/karthik/colcon_ws/install/eyantra_warehouse/share/eyantra_warehouse//models/water_tank/water_tank.mtl
[0.213s] -- Up-to-date: /home/karthik/colcon_ws/install/eyantra_warehouse/share/eyantra_warehouse//models/warehouse_boundary
[0.213s] -- Up-to-date: /home/karthik/colcon_ws/install/eyantra_warehouse/share/eyantra_warehouse//models/warehouse_boundary/model.sdf
[0.213s] -- Up-to-date: /home/karthik/colcon_ws/install/eyantra_warehouse/share/eyantra_warehouse//models/warehouse_boundary/model.config
[0.213s] -- Up-to-date: /home/karthik/colcon_ws/install/eyantra_warehouse/share/eyantra_warehouse//models/warehouse_boundary/meshes
[0.213s] -- Up-to-date: /home/karthik/colcon_ws/install/eyantra_warehouse/share/eyantra_warehouse//models/warehouse_boundary/meshes/SolarPanelsPolycrystallineTypeBFramedClean001_COL_3K.jpg.030.j.jpg
[0.213s] -- Up-to-date: /home/karthik/colcon_ws/install/eyantra_warehouse/share/eyantra_warehouse//models/warehouse_boundary/meshes/greenhouse_wooden_floor.png.001.png
[0.213s] -- Up-to-date: /home/karthik/colcon_ws/install/eyantra_warehouse/share/eyantra_warehouse//models/warehouse_boundary/meshes/warehouse_boundary_glass_cover.dae
[0.213s] -- Up-to-date: /home/karthik/colcon_ws/install/eyantra_warehouse/share/eyantra_warehouse//models/warehouse_boundary/meshes/warningTape.png
[0.213s] -- Up-to-date: /home/karthik/colcon_ws/install/eyantra_warehouse/share/eyantra_warehouse//models/warehouse_boundary/meshes/miha-rekar-LIel8q1XQsE-unsplash.jpg
[0.213s] -- Up-to-date: /home/karthik/colcon_ws/install/eyantra_warehouse/share/eyantra_warehouse//models/warehouse_boundary/meshes/warehouse_boundary.dae
[0.213s] -- Up-to-date: /home/karthik/colcon_ws/install/eyantra_warehouse/share/eyantra_warehouse//models/warehouse_boundary/meshes/ground.jpg.001.jpg
[0.213s] -- Up-to-date: /home/karthik/colcon_ws/install/eyantra_warehouse/share/eyantra_warehouse//models/warehouse_boundary/meshes/bernd-dittrich-mapUehHSHYU-unsplash.jpg
[0.213s] -- Up-to-date: /home/karthik/colcon_ws/install/eyantra_warehouse/share/eyantra_warehouse//models/conveyor_belt
[0.213s] -- Up-to-date: /home/karthik/colcon_ws/install/eyantra_warehouse/share/eyantra_warehouse//models/conveyor_belt/model.sdf
[0.213s] -- Up-to-date: /home/karthik/colcon_ws/install/eyantra_warehouse/share/eyantra_warehouse//models/conveyor_belt/model.config
[0.213s] -- Up-to-date: /home/karthik/colcon_ws/install/eyantra_warehouse/share/eyantra_warehouse//models/conveyor_belt/meshes
[0.213s] -- Up-to-date: /home/karthik/colcon_ws/install/eyantra_warehouse/share/eyantra_warehouse//models/conveyor_belt/meshes/conveyor_belt.stl
[0.213s] -- Up-to-date: /home/karthik/colcon_ws/install/eyantra_warehouse/share/eyantra_warehouse//models/conveyor_belt/meshes/conveyor_belt.dae
[0.213s] -- Up-to-date: /home/karthik/colcon_ws/install/eyantra_warehouse/share/eyantra_warehouse//models/longer_conveyor_belt
[0.213s] -- Up-to-date: /home/karthik/colcon_ws/install/eyantra_warehouse/share/eyantra_warehouse//models/longer_conveyor_belt/model.sdf
[0.213s] -- Up-to-date: /home/karthik/colcon_ws/install/eyantra_warehouse/share/eyantra_warehouse//models/longer_conveyor_belt/model.config
[0.213s] -- Up-to-date: /home/karthik/colcon_ws/install/eyantra_warehouse/share/eyantra_warehouse//models/longer_conveyor_belt/meshes
[0.213s] -- Up-to-date: /home/karthik/colcon_ws/install/eyantra_warehouse/share/eyantra_warehouse//models/longer_conveyor_belt/meshes/longer_conveyor_belt.dae
[0.213s] -- Up-to-date: /home/karthik/colcon_ws/install/eyantra_warehouse/share/eyantra_warehouse//models/trough
[0.213s] -- Up-to-date: /home/karthik/colcon_ws/install/eyantra_warehouse/share/eyantra_warehouse//models/trough/model.sdf
[0.213s] -- Up-to-date: /home/karthik/colcon_ws/install/eyantra_warehouse/share/eyantra_warehouse//models/trough/model.config
[0.213s] -- Up-to-date: /home/karthik/colcon_ws/install/eyantra_warehouse/share/eyantra_warehouse//models/trough/meshes
[0.213s] -- Up-to-date: /home/karthik/colcon_ws/install/eyantra_warehouse/share/eyantra_warehouse//models/trough/meshes/brick.obj
[0.213s] -- Up-to-date: /home/karthik/colcon_ws/install/eyantra_warehouse/share/eyantra_warehouse//models/trough/meshes/truf.obj
[0.213s] -- Up-to-date: /home/karthik/colcon_ws/install/eyantra_warehouse/share/eyantra_warehouse//models/trough/meshes/truf.mtl
[0.213s] -- Up-to-date: /home/karthik/colcon_ws/install/eyantra_warehouse/share/eyantra_warehouse//models/trough/meshes/truf_brick.obj
[0.213s] -- Up-to-date: /home/karthik/colcon_ws/install/eyantra_warehouse/share/eyantra_warehouse//models/trough/meshes/truf_brick.mtl
[0.213s] -- Up-to-date: /home/karthik/colcon_ws/install/eyantra_warehouse/share/eyantra_warehouse//models/trough/meshes/soil-texture-png-3.png
[0.214s] -- Up-to-date: /home/karthik/colcon_ws/install/eyantra_warehouse/share/eyantra_warehouse//models/trough/meshes/leaf.jpg.004.jpg
[0.214s] -- Up-to-date: /home/karthik/colcon_ws/install/eyantra_warehouse/share/eyantra_warehouse//models/trough/meshes/leaf.jpg.002.jpg.001.jpg
[0.214s] -- Up-to-date: /home/karthik/colcon_ws/install/eyantra_warehouse/share/eyantra_warehouse//models/trough/meshes/leaf.jpg
[0.214s] -- Up-to-date: /home/karthik/colcon_ws/install/eyantra_warehouse/share/eyantra_warehouse//models/trough/meshes/truf_brick_cone.dae.bck
[0.214s] -- Up-to-date: /home/karthik/colcon_ws/install/eyantra_warehouse/share/eyantra_warehouse//models/trough/meshes/truf_brick_cone.dae
[0.214s] -- Up-to-date: /home/karthik/colcon_ws/install/eyantra_warehouse/share/eyantra_warehouse//models/trough/meshes/truf_brick_cone.obj
[0.214s] -- Up-to-date: /home/karthik/colcon_ws/install/eyantra_warehouse/share/eyantra_warehouse//models/trough/meshes/leaf.jpg.002.jpg
[0.214s] -- Up-to-date: /home/karthik/colcon_ws/install/eyantra_warehouse/share/eyantra_warehouse//models/trough/meshes/trough.dae
[0.214s] -- Up-to-date: /home/karthik/colcon_ws/install/eyantra_warehouse/share/eyantra_warehouse//models/trough/meshes/brick.mtl
[0.214s] -- Up-to-date: /home/karthik/colcon_ws/install/eyantra_warehouse/share/eyantra_warehouse//models/trough/meshes/truf_brick_cone.mtl
[0.214s] -- Up-to-date: /home/karthik/colcon_ws/install/eyantra_warehouse/share/eyantra_warehouse//models/fertiliser_can
[0.214s] -- Up-to-date: /home/karthik/colcon_ws/install/eyantra_warehouse/share/eyantra_warehouse//models/fertiliser_can/model.sdf
[0.214s] -- Up-to-date: /home/karthik/colcon_ws/install/eyantra_warehouse/share/eyantra_warehouse//models/fertiliser_can/model.config
[0.214s] -- Up-to-date: /home/karthik/colcon_ws/install/eyantra_warehouse/share/eyantra_warehouse//models/fertiliser_can/meshes
[0.214s] -- Up-to-date: /home/karthik/colcon_ws/install/eyantra_warehouse/share/eyantra_warehouse//models/fertiliser_can/meshes/Fertiliser.dae
[0.214s] -- Up-to-date: /home/karthik/colcon_ws/install/eyantra_warehouse/share/eyantra_warehouse//models/fertiliser_can/meshes/aruco_tag_3.jpg
[0.214s] -- Up-to-date: /home/karthik/colcon_ws/install/eyantra_warehouse/share/eyantra_warehouse//models/fruit_tray
[0.214s] -- Up-to-date: /home/karthik/colcon_ws/install/eyantra_warehouse/share/eyantra_warehouse//models/fruit_tray/model.sdf
[0.214s] -- Up-to-date: /home/karthik/colcon_ws/install/eyantra_warehouse/share/eyantra_warehouse//models/fruit_tray/model.config
[0.214s] -- Up-to-date: /home/karthik/colcon_ws/install/eyantra_warehouse/share/eyantra_warehouse//models/fruit_tray/meshes
[0.214s] -- Up-to-date: /home/karthik/colcon_ws/install/eyantra_warehouse/share/eyantra_warehouse//models/fruit_tray/meshes/greenhouse_wooden_floor.png.001.png
[0.214s] -- Up-to-date: /home/karthik/colcon_ws/install/eyantra_warehouse/share/eyantra_warehouse//models/fruit_tray/meshes/Fruit_Tray.dae
[0.214s] -- Up-to-date: /home/karthik/colcon_ws/install/eyantra_warehouse/share/eyantra_warehouse//models/fruit_tray/meshes/Fruit_Tray_Collision.dae
[0.214s] -- Up-to-date: /home/karthik/colcon_ws/install/eyantra_warehouse/share/eyantra_warehouse//models/bad_fruit
[0.214s] -- Up-to-date: /home/karthik/colcon_ws/install/eyantra_warehouse/share/eyantra_warehouse//models/bad_fruit/model.sdf
[0.215s] -- Up-to-date: /home/karthik/colcon_ws/install/eyantra_warehouse/share/eyantra_warehouse//models/bad_fruit/model.config
[0.215s] -- Up-to-date: /home/karthik/colcon_ws/install/eyantra_warehouse/share/eyantra_warehouse//models/bad_fruit/meshes
[0.215s] -- Up-to-date: /home/karthik/colcon_ws/install/eyantra_warehouse/share/eyantra_warehouse//models/bad_fruit/meshes/bad_fruit.obj
[0.215s] -- Up-to-date: /home/karthik/colcon_ws/install/eyantra_warehouse/share/eyantra_warehouse//models/bad_fruit/meshes/bad_fruit.mtl
[0.215s] -- Up-to-date: /home/karthik/colcon_ws/install/eyantra_warehouse/share/eyantra_warehouse//models/bad_fruit/meshes/bad_fruit_collision.obj
[0.215s] -- Up-to-date: /home/karthik/colcon_ws/install/eyantra_warehouse/share/eyantra_warehouse//models/warehouse_divider
[0.215s] -- Up-to-date: /home/karthik/colcon_ws/install/eyantra_warehouse/share/eyantra_warehouse//models/warehouse_divider/model.sdf
[0.215s] -- Up-to-date: /home/karthik/colcon_ws/install/eyantra_warehouse/share/eyantra_warehouse//models/warehouse_divider/model.config
[0.215s] -- Up-to-date: /home/karthik/colcon_ws/install/eyantra_warehouse/share/eyantra_warehouse//models/warehouse_divider/meshes
[0.215s] -- Up-to-date: /home/karthik/colcon_ws/install/eyantra_warehouse/share/eyantra_warehouse//models/warehouse_divider/meshes/LAWN.jpg
[0.215s] -- Up-to-date: /home/karthik/colcon_ws/install/eyantra_warehouse/share/eyantra_warehouse//models/warehouse_divider/meshes/warehouse_divider.dae
[0.215s] -- Up-to-date: /home/karthik/colcon_ws/install/eyantra_warehouse/share/eyantra_warehouse//models/TrashBin
[0.215s] -- Up-to-date: /home/karthik/colcon_ws/install/eyantra_warehouse/share/eyantra_warehouse//models/TrashBin/model.sdf
[0.215s] -- Up-to-date: /home/karthik/colcon_ws/install/eyantra_warehouse/share/eyantra_warehouse//models/TrashBin/thumbnails
[0.215s] -- Up-to-date: /home/karthik/colcon_ws/install/eyantra_warehouse/share/eyantra_warehouse//models/TrashBin/thumbnails/4.png
[0.215s] -- Up-to-date: /home/karthik/colcon_ws/install/eyantra_warehouse/share/eyantra_warehouse//models/TrashBin/thumbnails/3.png
[0.215s] -- Up-to-date: /home/karthik/colcon_ws/install/eyantra_warehouse/share/eyantra_warehouse//models/TrashBin/thumbnails/2.png
[0.215s] -- Up-to-date: /home/karthik/colcon_ws/install/eyantra_warehouse/share/eyantra_warehouse//models/TrashBin/thumbnails/1.png
[0.215s] -- Up-to-date: /home/karthik/colcon_ws/install/eyantra_warehouse/share/eyantra_warehouse//models/TrashBin/thumbnails/5.png
[0.215s] -- Up-to-date: /home/karthik/colcon_ws/install/eyantra_warehouse/share/eyantra_warehouse//models/TrashBin/model.config
[0.215s] -- Up-to-date: /home/karthik/colcon_ws/install/eyantra_warehouse/share/eyantra_warehouse//models/TrashBin/meshes
[0.215s] -- Up-to-date: /home/karthik/colcon_ws/install/eyantra_warehouse/share/eyantra_warehouse//models/TrashBin/meshes/TrashBin.mtl
[0.216s] -- Up-to-date: /home/karthik/colcon_ws/install/eyantra_warehouse/share/eyantra_warehouse//models/TrashBin/meshes/TrashBin.obj
[0.216s] -- Up-to-date: /home/karthik/colcon_ws/install/eyantra_warehouse/share/eyantra_warehouse//models/TrashBin/meshes/TrashBin_Diffuse.png
[0.216s] -- Up-to-date: /home/karthik/colcon_ws/install/eyantra_warehouse/share/eyantra_warehouse//models/ground_plane
[0.216s] -- Up-to-date: /home/karthik/colcon_ws/install/eyantra_warehouse/share/eyantra_warehouse//models/ground_plane/model.sdf
[0.216s] -- Up-to-date: /home/karthik/colcon_ws/install/eyantra_warehouse/share/eyantra_warehouse//models/ground_plane/model.config
[0.216s] -- Up-to-date: /home/karthik/colcon_ws/install/eyantra_warehouse/share/eyantra_warehouse//config
[0.216s] -- Up-to-date: /home/karthik/colcon_ws/install/eyantra_warehouse/share/eyantra_warehouse//config/bridge.yaml
[0.216s] -- Up-to-date: /home/karthik/colcon_ws/install/eyantra_warehouse/share/eyantra_warehouse//plugins
[0.216s] -- Up-to-date: /home/karthik/colcon_ws/install/eyantra_warehouse/share/eyantra_warehouse//plugins/libSampleSystem.so
[0.216s] -- Up-to-date: /home/karthik/colcon_ws/install/eyantra_warehouse/lib/eyantra_warehouse/armed0.py
[0.216s] -- Up-to-date: /home/karthik/colcon_ws/install/eyantra_warehouse/lib/eyantra_warehouse/pyarmor_runtime_000000
[0.216s] -- Up-to-date: /home/karthik/colcon_ws/install/eyantra_warehouse/lib/eyantra_warehouse/pyarmor_runtime_000000/pyarmor_runtime.so
[0.216s] -- Up-to-date: /home/karthik/colcon_ws/install/eyantra_warehouse/lib/eyantra_warehouse/pyarmor_runtime_000000/__init__.py
[0.216s] -- Up-to-date: /home/karthik/colcon_ws/install/eyantra_warehouse/share/ament_index/resource_index/package_run_dependencies/eyantra_warehouse
[0.216s] -- Up-to-date: /home/karthik/colcon_ws/install/eyantra_warehouse/share/ament_index/resource_index/parent_prefix_path/eyantra_warehouse
[0.216s] -- Up-to-date: /home/karthik/colcon_ws/install/eyantra_warehouse/share/eyantra_warehouse/environment/ament_prefix_path.sh
[0.216s] -- Up-to-date: /home/karthik/colcon_ws/install/eyantra_warehouse/share/eyantra_warehouse/environment/ament_prefix_path.dsv
[0.216s] -- Up-to-date: /home/karthik/colcon_ws/install/eyantra_warehouse/share/eyantra_warehouse/environment/path.sh
[0.216s] -- Up-to-date: /home/karthik/colcon_ws/install/eyantra_warehouse/share/eyantra_warehouse/environment/path.dsv
[0.216s] -- Up-to-date: /home/karthik/colcon_ws/install/eyantra_warehouse/share/eyantra_warehouse/local_setup.bash
[0.216s] -- Up-to-date: /home/karthik/colcon_ws/install/eyantra_warehouse/share/eyantra_warehouse/local_setup.sh
[0.216s] -- Up-to-date: /home/karthik/colcon_ws/install/eyantra_warehouse/share/eyantra_warehouse/local_setup.zsh
[0.216s] -- Up-to-date: /home/karthik/colcon_ws/install/eyantra_warehouse/share/eyantra_warehouse/local_setup.dsv
[0.216s] -- Installing: /home/karthik/colcon_ws/install/eyantra_warehouse/share/eyantra_warehouse/package.dsv
[0.216s] -- Up-to-date: /home/karthik/colcon_ws/install/eyantra_warehouse/share/ament_index/resource_index/packages/eyantra_warehouse
[0.216s] -- Up-to-date: /home/karthik/colcon_ws/install/eyantra_warehouse/share/eyantra_warehouse/cmake/eyantra_warehouseConfig.cmake
[0.216s] -- Up-to-date: /home/karthik/colcon_ws/install/eyantra_warehouse/share/eyantra_warehouse/cmake/eyantra_warehouseConfig-version.cmake
[0.216s] -- Up-to-date: /home/karthik/colcon_ws/install/eyantra_warehouse/share/eyantra_warehouse/package.xml
[0.229s] Invoked command in '/home/karthik/colcon_ws/build/eyantra_warehouse' returned '0': CMAKE_PREFIX_PATH=${CMAKE_PREFIX_PATH}:/home/karthik/colcon_ws/install/arm /usr/bin/cmake --install /home/karthik/colcon_ws/build/eyantra_warehouse
