[0.452s] Invoking command in '/home/karthik/colcon_ws/src/arm': PYTHONPATH=/home/karthik/colcon_ws/build/arm/prefix_override:/usr/lib/python3/dist-packages/colcon_core/task/python/colcon_distutils_commands:/home/karthik/colcon_ws/install/arm/lib/python3.10/site-packages:${PYTHONPATH} /usr/bin/python3 -W ignore:setup.py install is deprecated -W ignore:easy_install command is deprecated setup.py egg_info --egg-base ../../build/arm build --build-base /home/karthik/colcon_ws/build/arm/build install --record /home/karthik/colcon_ws/build/arm/install.log --single-version-externally-managed install_data
[0.577s] running egg_info
[0.577s] creating ../../build/arm/arm.egg-info
[0.577s] writing ../../build/arm/arm.egg-info/PKG-INFO
[0.577s] writing dependency_links to ../../build/arm/arm.egg-info/dependency_links.txt
[0.577s] writing entry points to ../../build/arm/arm.egg-info/entry_points.txt
[0.577s] writing requirements to ../../build/arm/arm.egg-info/requires.txt
[0.577s] writing top-level names to ../../build/arm/arm.egg-info/top_level.txt
[0.577s] writing manifest file '../../build/arm/arm.egg-info/SOURCES.txt'
[0.578s] reading manifest file '../../build/arm/arm.egg-info/SOURCES.txt'
[0.579s] writing manifest file '../../build/arm/arm.egg-info/SOURCES.txt'
[0.579s] running build
[0.579s] running build_py
[0.579s] creating /home/karthik/colcon_ws/build/arm/build
[0.579s] creating /home/karthik/colcon_ws/build/arm/build/lib
[0.579s] creating /home/karthik/colcon_ws/build/arm/build/lib/arm
[0.579s] copying arm/control.py -> /home/karthik/colcon_ws/build/arm/build/lib/arm
[0.579s] copying arm/ebot_nav_task2a.py -> /home/karthik/colcon_ws/build/arm/build/lib/arm
[0.579s] copying arm/__init__.py -> /home/karthik/colcon_ws/build/arm/build/lib/arm
[0.579s] copying arm/ebot_nav_task1A.py -> /home/karthik/colcon_ws/build/arm/build/lib/arm
[0.579s] copying arm/task2b_2.py -> /home/karthik/colcon_ws/build/arm/build/lib/arm
[0.579s] copying arm/task1c.py -> /home/karthik/colcon_ws/build/arm/build/lib/arm
[0.579s] copying arm/task1b.py -> /home/karthik/colcon_ws/build/arm/build/lib/arm
[0.579s] copying arm/shape_detector_task2a.py -> /home/karthik/colcon_ws/build/arm/build/lib/arm
[0.579s] copying arm/task2b.py -> /home/karthik/colcon_ws/build/arm/build/lib/arm
[0.579s] running install
[0.580s] running install_lib
[0.580s] creating /home/karthik/colcon_ws/install/arm/lib/python3.10/site-packages/arm
[0.580s] copying /home/karthik/colcon_ws/build/arm/build/lib/arm/control.py -> /home/karthik/colcon_ws/install/arm/lib/python3.10/site-packages/arm
[0.580s] copying /home/karthik/colcon_ws/build/arm/build/lib/arm/ebot_nav_task2a.py -> /home/karthik/colcon_ws/install/arm/lib/python3.10/site-packages/arm
[0.580s] copying /home/karthik/colcon_ws/build/arm/build/lib/arm/__init__.py -> /home/karthik/colcon_ws/install/arm/lib/python3.10/site-packages/arm
[0.580s] copying /home/karthik/colcon_ws/build/arm/build/lib/arm/ebot_nav_task1A.py -> /home/karthik/colcon_ws/install/arm/lib/python3.10/site-packages/arm
[0.580s] copying /home/karthik/colcon_ws/build/arm/build/lib/arm/task2b_2.py -> /home/karthik/colcon_ws/install/arm/lib/python3.10/site-packages/arm
[0.580s] copying /home/karthik/colcon_ws/build/arm/build/lib/arm/task1c.py -> /home/karthik/colcon_ws/install/arm/lib/python3.10/site-packages/arm
[0.580s] copying /home/karthik/colcon_ws/build/arm/build/lib/arm/task1b.py -> /home/karthik/colcon_ws/install/arm/lib/python3.10/site-packages/arm
[0.580s] copying /home/karthik/colcon_ws/build/arm/build/lib/arm/shape_detector_task2a.py -> /home/karthik/colcon_ws/install/arm/lib/python3.10/site-packages/arm
[0.580s] copying /home/karthik/colcon_ws/build/arm/build/lib/arm/task2b.py -> /home/karthik/colcon_ws/install/arm/lib/python3.10/site-packages/arm
[0.580s] byte-compiling /home/karthik/colcon_ws/install/arm/lib/python3.10/site-packages/arm/control.py to control.cpython-310.pyc
[0.582s] byte-compiling /home/karthik/colcon_ws/install/arm/lib/python3.10/site-packages/arm/ebot_nav_task2a.py to ebot_nav_task2a.cpython-310.pyc
[0.582s] byte-compiling /home/karthik/colcon_ws/install/arm/lib/python3.10/site-packages/arm/__init__.py to __init__.cpython-310.pyc
[0.582s] byte-compiling /home/karthik/colcon_ws/install/arm/lib/python3.10/site-packages/arm/ebot_nav_task1A.py to ebot_nav_task1A.cpython-310.pyc
[0.583s] byte-compiling /home/karthik/colcon_ws/install/arm/lib/python3.10/site-packages/arm/task2b_2.py to task2b_2.cpython-310.pyc
[0.584s] byte-compiling /home/karthik/colcon_ws/install/arm/lib/python3.10/site-packages/arm/task1c.py to task1c.cpython-310.pyc
[0.585s] byte-compiling /home/karthik/colcon_ws/install/arm/lib/python3.10/site-packages/arm/task1b.py to task1b.cpython-310.pyc
[0.586s] byte-compiling /home/karthik/colcon_ws/install/arm/lib/python3.10/site-packages/arm/shape_detector_task2a.py to shape_detector_task2a.cpython-310.pyc
[0.587s] byte-compiling /home/karthik/colcon_ws/install/arm/lib/python3.10/site-packages/arm/task2b.py to task2b.cpython-310.pyc
[0.588s] running install_data
[0.588s] creating /home/karthik/colcon_ws/install/arm/share/ament_index
[0.588s] creating /home/karthik/colcon_ws/install/arm/share/ament_index/resource_index
[0.588s] creating /home/karthik/colcon_ws/install/arm/share/ament_index/resource_index/packages
[0.588s] copying resource/arm -> /home/karthik/colcon_ws/install/arm/share/ament_index/resource_index/packages
[0.588s] copying package.xml -> /home/karthik/colcon_ws/install/arm/share/arm
[0.589s] running install_egg_info
[0.590s] Copying ../../build/arm/arm.egg-info to /home/karthik/colcon_ws/install/arm/lib/python3.10/site-packages/arm-0.0.0-py3.10.egg-info
[0.590s] running install_scripts
[0.601s] Installing control_node script to /home/karthik/colcon_ws/install/arm/lib/arm
[0.601s] Installing ebot_nav_task1A script to /home/karthik/colcon_ws/install/arm/lib/arm
[0.601s] Installing shape script to /home/karthik/colcon_ws/install/arm/lib/arm
[0.601s] Installing task1b script to /home/karthik/colcon_ws/install/arm/lib/arm
[0.601s] Installing task1c script to /home/karthik/colcon_ws/install/arm/lib/arm
[0.601s] Installing task2A script to /home/karthik/colcon_ws/install/arm/lib/arm
[0.601s] writing list of installed files to '/home/karthik/colcon_ws/build/arm/install.log'
[0.614s] Invoked command in '/home/karthik/colcon_ws/src/arm' returned '0': PYTHONPATH=/home/karthik/colcon_ws/build/arm/prefix_override:/usr/lib/python3/dist-packages/colcon_core/task/python/colcon_distutils_commands:/home/karthik/colcon_ws/install/arm/lib/python3.10/site-packages:${PYTHONPATH} /usr/bin/python3 -W ignore:setup.py install is deprecated -W ignore:easy_install command is deprecated setup.py egg_info --egg-base ../../build/arm build --build-base /home/karthik/colcon_ws/build/arm/build install --record /home/karthik/colcon_ws/build/arm/install.log --single-version-externally-managed install_data
