[0.054s] DEBUG:colcon:Command line arguments: ['/usr/bin/colcon', 'build']
[0.054s] DEBUG:colcon:Parsed command line arguments: Namespace(log_base=None, log_level=None, verb_name='build', build_base='build', install_base='install', merge_install=False, symlink_install=False, test_result_base=None, continue_on_error=False, executor='parallel', parallel_workers=16, event_handlers=None, ignore_user_meta=False, metas=['./colcon.meta'], base_paths=['.'], packages_ignore=None, packages_ignore_regex=None, paths=None, packages_up_to=None, packages_up_to_regex=None, packages_above=None, packages_above_and_dependencies=None, packages_above_depth=None, packages_select_by_dep=None, packages_skip_by_dep=None, packages_skip_up_to=None, packages_select_build_failed=False, packages_skip_build_finished=False, packages_select_test_failures=False, packages_skip_test_passed=False, packages_select=None, packages_skip=None, packages_select_regex=None, packages_skip_regex=None, packages_start=None, packages_end=None, cmake_args=None, cmake_target=None, cmake_target_skip_unavailable=False, cmake_clean_cache=False, cmake_clean_first=False, cmake_force_configure=False, ament_cmake_args=None, catkin_cmake_args=None, catkin_skip_building_tests=False, mixin_files=None, mixin=None, verb_parser=<colcon_mixin.mixin.mixin_argument.MixinArgumentDecorator object at 0x7c755ac6a710>, verb_extension=<colcon_core.verb.build.BuildVerb object at 0x7c755ac6a350>, main=<bound method BuildVerb.main of <colcon_core.verb.build.BuildVerb object at 0x7c755ac6a350>>, mixin_verb=('build',))
[0.138s] Level 1:colcon.colcon_core.package_discovery:discover_packages(colcon_meta) check parameters
[0.139s] Level 1:colcon.colcon_core.package_discovery:discover_packages(recursive) check parameters
[0.139s] Level 1:colcon.colcon_core.package_discovery:discover_packages(ignore) check parameters
[0.139s] Level 1:colcon.colcon_core.package_discovery:discover_packages(path) check parameters
[0.139s] Level 1:colcon.colcon_core.package_discovery:discover_packages(colcon_meta) discover
[0.139s] Level 1:colcon.colcon_core.package_discovery:discover_packages(recursive) discover
[0.139s] INFO:colcon.colcon_core.package_discovery:Crawling recursively for packages in '/home/karthik/colcon_ws'
[0.139s] Level 1:colcon.colcon_core.package_identification:_identify(.) by extensions ['ignore', 'ignore_ament_install']
[0.139s] Level 1:colcon.colcon_core.package_identification:_identify(.) by extension 'ignore'
[0.139s] Level 1:colcon.colcon_core.package_identification:_identify(.) by extension 'ignore_ament_install'
[0.139s] Level 1:colcon.colcon_core.package_identification:_identify(.) by extensions ['colcon_pkg']
[0.139s] Level 1:colcon.colcon_core.package_identification:_identify(.) by extension 'colcon_pkg'
[0.139s] Level 1:colcon.colcon_core.package_identification:_identify(.) by extensions ['colcon_meta']
[0.139s] Level 1:colcon.colcon_core.package_identification:_identify(.) by extension 'colcon_meta'
[0.139s] Level 1:colcon.colcon_core.package_identification:_identify(.) by extensions ['ros']
[0.139s] Level 1:colcon.colcon_core.package_identification:_identify(.) by extension 'ros'
[0.144s] Level 1:colcon.colcon_core.package_identification:_identify(.) by extensions ['cmake', 'python']
[0.145s] Level 1:colcon.colcon_core.package_identification:_identify(.) by extension 'cmake'
[0.145s] Level 1:colcon.colcon_core.package_identification:_identify(.) by extension 'python'
[0.145s] Level 1:colcon.colcon_core.package_identification:_identify(.) by extensions ['python_setup_py']
[0.145s] Level 1:colcon.colcon_core.package_identification:_identify(.) by extension 'python_setup_py'
[0.145s] Level 1:colcon.colcon_core.package_identification:_identify(build) by extensions ['ignore', 'ignore_ament_install']
[0.145s] Level 1:colcon.colcon_core.package_identification:_identify(build) by extension 'ignore'
[0.145s] Level 1:colcon.colcon_core.package_identification:_identify(build) ignored
[0.145s] Level 1:colcon.colcon_core.package_identification:_identify(eyantra3577) by extensions ['ignore', 'ignore_ament_install']
[0.145s] Level 1:colcon.colcon_core.package_identification:_identify(eyantra3577) by extension 'ignore'
[0.145s] Level 1:colcon.colcon_core.package_identification:_identify(eyantra3577) by extension 'ignore_ament_install'
[0.145s] Level 1:colcon.colcon_core.package_identification:_identify(eyantra3577) by extensions ['colcon_pkg']
[0.145s] Level 1:colcon.colcon_core.package_identification:_identify(eyantra3577) by extension 'colcon_pkg'
[0.145s] Level 1:colcon.colcon_core.package_identification:_identify(eyantra3577) by extensions ['colcon_meta']
[0.145s] Level 1:colcon.colcon_core.package_identification:_identify(eyantra3577) by extension 'colcon_meta'
[0.145s] Level 1:colcon.colcon_core.package_identification:_identify(eyantra3577) by extensions ['ros']
[0.145s] Level 1:colcon.colcon_core.package_identification:_identify(eyantra3577) by extension 'ros'
[0.145s] Level 1:colcon.colcon_core.package_identification:_identify(eyantra3577) by extensions ['cmake', 'python']
[0.145s] Level 1:colcon.colcon_core.package_identification:_identify(eyantra3577) by extension 'cmake'
[0.145s] Level 1:colcon.colcon_core.package_identification:_identify(eyantra3577) by extension 'python'
[0.145s] Level 1:colcon.colcon_core.package_identification:_identify(eyantra3577) by extensions ['python_setup_py']
[0.145s] Level 1:colcon.colcon_core.package_identification:_identify(eyantra3577) by extension 'python_setup_py'
[0.145s] Level 1:colcon.colcon_core.package_identification:_identify(install) by extensions ['ignore', 'ignore_ament_install']
[0.145s] Level 1:colcon.colcon_core.package_identification:_identify(install) by extension 'ignore'
[0.145s] Level 1:colcon.colcon_core.package_identification:_identify(install) ignored
[0.145s] Level 1:colcon.colcon_core.package_identification:_identify(log) by extensions ['ignore', 'ignore_ament_install']
[0.145s] Level 1:colcon.colcon_core.package_identification:_identify(log) by extension 'ignore'
[0.145s] Level 1:colcon.colcon_core.package_identification:_identify(log) ignored
[0.145s] Level 1:colcon.colcon_core.package_identification:_identify(src) by extensions ['ignore', 'ignore_ament_install']
[0.145s] Level 1:colcon.colcon_core.package_identification:_identify(src) by extension 'ignore'
[0.145s] Level 1:colcon.colcon_core.package_identification:_identify(src) by extension 'ignore_ament_install'
[0.145s] Level 1:colcon.colcon_core.package_identification:_identify(src) by extensions ['colcon_pkg']
[0.145s] Level 1:colcon.colcon_core.package_identification:_identify(src) by extension 'colcon_pkg'
[0.145s] Level 1:colcon.colcon_core.package_identification:_identify(src) by extensions ['colcon_meta']
[0.145s] Level 1:colcon.colcon_core.package_identification:_identify(src) by extension 'colcon_meta'
[0.145s] Level 1:colcon.colcon_core.package_identification:_identify(src) by extensions ['ros']
[0.145s] Level 1:colcon.colcon_core.package_identification:_identify(src) by extension 'ros'
[0.145s] Level 1:colcon.colcon_core.package_identification:_identify(src) by extensions ['cmake', 'python']
[0.145s] Level 1:colcon.colcon_core.package_identification:_identify(src) by extension 'cmake'
[0.145s] Level 1:colcon.colcon_core.package_identification:_identify(src) by extension 'python'
[0.145s] Level 1:colcon.colcon_core.package_identification:_identify(src) by extensions ['python_setup_py']
[0.145s] Level 1:colcon.colcon_core.package_identification:_identify(src) by extension 'python_setup_py'
[0.146s] Level 1:colcon.colcon_core.package_identification:_identify(src/arm) by extensions ['ignore', 'ignore_ament_install']
[0.146s] Level 1:colcon.colcon_core.package_identification:_identify(src/arm) by extension 'ignore'
[0.146s] Level 1:colcon.colcon_core.package_identification:_identify(src/arm) by extension 'ignore_ament_install'
[0.146s] Level 1:colcon.colcon_core.package_identification:_identify(src/arm) by extensions ['colcon_pkg']
[0.146s] Level 1:colcon.colcon_core.package_identification:_identify(src/arm) by extension 'colcon_pkg'
[0.146s] Level 1:colcon.colcon_core.package_identification:_identify(src/arm) by extensions ['colcon_meta']
[0.146s] Level 1:colcon.colcon_core.package_identification:_identify(src/arm) by extension 'colcon_meta'
[0.146s] Level 1:colcon.colcon_core.package_identification:_identify(src/arm) by extensions ['ros']
[0.146s] Level 1:colcon.colcon_core.package_identification:_identify(src/arm) by extension 'ros'
[0.147s] DEBUG:colcon.colcon_core.package_identification:Package 'src/arm' with type 'ros.ament_python' and name 'arm'
[0.147s] Level 1:colcon.colcon_core.package_identification:_identify(src/ebot_description) by extensions ['ignore', 'ignore_ament_install']
[0.147s] Level 1:colcon.colcon_core.package_identification:_identify(src/ebot_description) by extension 'ignore'
[0.147s] Level 1:colcon.colcon_core.package_identification:_identify(src/ebot_description) by extension 'ignore_ament_install'
[0.147s] Level 1:colcon.colcon_core.package_identification:_identify(src/ebot_description) by extensions ['colcon_pkg']
[0.147s] Level 1:colcon.colcon_core.package_identification:_identify(src/ebot_description) by extension 'colcon_pkg'
[0.147s] Level 1:colcon.colcon_core.package_identification:_identify(src/ebot_description) by extensions ['colcon_meta']
[0.147s] Level 1:colcon.colcon_core.package_identification:_identify(src/ebot_description) by extension 'colcon_meta'
[0.147s] Level 1:colcon.colcon_core.package_identification:_identify(src/ebot_description) by extensions ['ros']
[0.147s] Level 1:colcon.colcon_core.package_identification:_identify(src/ebot_description) by extension 'ros'
[0.148s] DEBUG:colcon.colcon_core.package_identification:Package 'src/ebot_description' with type 'ros.ament_cmake' and name 'ebot_description'
[0.148s] Level 1:colcon.colcon_core.package_identification:_identify(src/eyantra_warehouse) by extensions ['ignore', 'ignore_ament_install']
[0.148s] Level 1:colcon.colcon_core.package_identification:_identify(src/eyantra_warehouse) by extension 'ignore'
[0.148s] Level 1:colcon.colcon_core.package_identification:_identify(src/eyantra_warehouse) by extension 'ignore_ament_install'
[0.148s] Level 1:colcon.colcon_core.package_identification:_identify(src/eyantra_warehouse) by extensions ['colcon_pkg']
[0.148s] Level 1:colcon.colcon_core.package_identification:_identify(src/eyantra_warehouse) by extension 'colcon_pkg'
[0.148s] Level 1:colcon.colcon_core.package_identification:_identify(src/eyantra_warehouse) by extensions ['colcon_meta']
[0.148s] Level 1:colcon.colcon_core.package_identification:_identify(src/eyantra_warehouse) by extension 'colcon_meta'
[0.148s] Level 1:colcon.colcon_core.package_identification:_identify(src/eyantra_warehouse) by extensions ['ros']
[0.148s] Level 1:colcon.colcon_core.package_identification:_identify(src/eyantra_warehouse) by extension 'ros'
[0.148s] DEBUG:colcon.colcon_core.package_identification:Package 'src/eyantra_warehouse' with type 'ros.ament_cmake' and name 'eyantra_warehouse'
[0.148s] Level 1:colcon.colcon_core.package_identification:_identify(src/linkattacher_msgs) by extensions ['ignore', 'ignore_ament_install']
[0.148s] Level 1:colcon.colcon_core.package_identification:_identify(src/linkattacher_msgs) by extension 'ignore'
[0.148s] Level 1:colcon.colcon_core.package_identification:_identify(src/linkattacher_msgs) by extension 'ignore_ament_install'
[0.148s] Level 1:colcon.colcon_core.package_identification:_identify(src/linkattacher_msgs) by extensions ['colcon_pkg']
[0.148s] Level 1:colcon.colcon_core.package_identification:_identify(src/linkattacher_msgs) by extension 'colcon_pkg'
[0.148s] Level 1:colcon.colcon_core.package_identification:_identify(src/linkattacher_msgs) by extensions ['colcon_meta']
[0.148s] Level 1:colcon.colcon_core.package_identification:_identify(src/linkattacher_msgs) by extension 'colcon_meta'
[0.148s] Level 1:colcon.colcon_core.package_identification:_identify(src/linkattacher_msgs) by extensions ['ros']
[0.148s] Level 1:colcon.colcon_core.package_identification:_identify(src/linkattacher_msgs) by extension 'ros'
[0.149s] DEBUG:colcon.colcon_core.package_identification:Package 'src/linkattacher_msgs' with type 'ros.ament_cmake' and name 'linkattacher_msgs'
[0.149s] Level 1:colcon.colcon_core.package_identification:_identify(src/ur5_control) by extensions ['ignore', 'ignore_ament_install']
[0.149s] Level 1:colcon.colcon_core.package_identification:_identify(src/ur5_control) by extension 'ignore'
[0.149s] Level 1:colcon.colcon_core.package_identification:_identify(src/ur5_control) by extension 'ignore_ament_install'
[0.149s] Level 1:colcon.colcon_core.package_identification:_identify(src/ur5_control) by extensions ['colcon_pkg']
[0.149s] Level 1:colcon.colcon_core.package_identification:_identify(src/ur5_control) by extension 'colcon_pkg'
[0.149s] Level 1:colcon.colcon_core.package_identification:_identify(src/ur5_control) by extensions ['colcon_meta']
[0.149s] Level 1:colcon.colcon_core.package_identification:_identify(src/ur5_control) by extension 'colcon_meta'
[0.149s] Level 1:colcon.colcon_core.package_identification:_identify(src/ur5_control) by extensions ['ros']
[0.149s] Level 1:colcon.colcon_core.package_identification:_identify(src/ur5_control) by extension 'ros'
[0.150s] DEBUG:colcon.colcon_core.package_identification:Package 'src/ur5_control' with type 'ros.ament_cmake' and name 'ur5_control'
[0.150s] Level 1:colcon.colcon_core.package_identification:_identify(src/ur_description) by extensions ['ignore', 'ignore_ament_install']
[0.150s] Level 1:colcon.colcon_core.package_identification:_identify(src/ur_description) by extension 'ignore'
[0.150s] Level 1:colcon.colcon_core.package_identification:_identify(src/ur_description) by extension 'ignore_ament_install'
[0.150s] Level 1:colcon.colcon_core.package_identification:_identify(src/ur_description) by extensions ['colcon_pkg']
[0.150s] Level 1:colcon.colcon_core.package_identification:_identify(src/ur_description) by extension 'colcon_pkg'
[0.150s] Level 1:colcon.colcon_core.package_identification:_identify(src/ur_description) by extensions ['colcon_meta']
[0.150s] Level 1:colcon.colcon_core.package_identification:_identify(src/ur_description) by extension 'colcon_meta'
[0.150s] Level 1:colcon.colcon_core.package_identification:_identify(src/ur_description) by extensions ['ros']
[0.150s] Level 1:colcon.colcon_core.package_identification:_identify(src/ur_description) by extension 'ros'
[0.150s] DEBUG:colcon.colcon_core.package_identification:Package 'src/ur_description' with type 'ros.ament_cmake' and name 'ur_description'
[0.150s] Level 1:colcon.colcon_core.package_identification:_identify(src/ur_simulation_gz) by extensions ['ignore', 'ignore_ament_install']
[0.151s] Level 1:colcon.colcon_core.package_identification:_identify(src/ur_simulation_gz) by extension 'ignore'
[0.151s] Level 1:colcon.colcon_core.package_identification:_identify(src/ur_simulation_gz) by extension 'ignore_ament_install'
[0.151s] Level 1:colcon.colcon_core.package_identification:_identify(src/ur_simulation_gz) by extensions ['colcon_pkg']
[0.151s] Level 1:colcon.colcon_core.package_identification:_identify(src/ur_simulation_gz) by extension 'colcon_pkg'
[0.151s] Level 1:colcon.colcon_core.package_identification:_identify(src/ur_simulation_gz) by extensions ['colcon_meta']
[0.151s] Level 1:colcon.colcon_core.package_identification:_identify(src/ur_simulation_gz) by extension 'colcon_meta'
[0.151s] Level 1:colcon.colcon_core.package_identification:_identify(src/ur_simulation_gz) by extensions ['ros']
[0.151s] Level 1:colcon.colcon_core.package_identification:_identify(src/ur_simulation_gz) by extension 'ros'
[0.151s] DEBUG:colcon.colcon_core.package_identification:Package 'src/ur_simulation_gz' with type 'ros.ament_cmake' and name 'ur_simulation_gz'
[0.151s] Level 1:colcon.colcon_core.package_discovery:discover_packages(recursive) using defaults
[0.151s] Level 1:colcon.colcon_core.package_discovery:discover_packages(ignore) discover
[0.151s] Level 1:colcon.colcon_core.package_discovery:discover_packages(ignore) using defaults
[0.151s] Level 1:colcon.colcon_core.package_discovery:discover_packages(path) discover
[0.151s] Level 1:colcon.colcon_core.package_discovery:discover_packages(path) using defaults
[0.166s] Level 5:colcon.colcon_core.verb:set package 'arm' build argument 'cmake_args' from command line to 'None'
[0.166s] Level 5:colcon.colcon_core.verb:set package 'arm' build argument 'cmake_target' from command line to 'None'
[0.166s] Level 5:colcon.colcon_core.verb:set package 'arm' build argument 'cmake_target_skip_unavailable' from command line to 'False'
[0.166s] Level 5:colcon.colcon_core.verb:set package 'arm' build argument 'cmake_clean_cache' from command line to 'False'
[0.166s] Level 5:colcon.colcon_core.verb:set package 'arm' build argument 'cmake_clean_first' from command line to 'False'
[0.166s] Level 5:colcon.colcon_core.verb:set package 'arm' build argument 'cmake_force_configure' from command line to 'False'
[0.166s] Level 5:colcon.colcon_core.verb:set package 'arm' build argument 'ament_cmake_args' from command line to 'None'
[0.166s] Level 5:colcon.colcon_core.verb:set package 'arm' build argument 'catkin_cmake_args' from command line to 'None'
[0.166s] Level 5:colcon.colcon_core.verb:set package 'arm' build argument 'catkin_skip_building_tests' from command line to 'False'
[0.166s] DEBUG:colcon.colcon_core.verb:Building package 'arm' with the following arguments: {'ament_cmake_args': None, 'build_base': '/home/karthik/colcon_ws/build/arm', 'catkin_cmake_args': None, 'catkin_skip_building_tests': False, 'cmake_args': None, 'cmake_clean_cache': False, 'cmake_clean_first': False, 'cmake_force_configure': False, 'cmake_target': None, 'cmake_target_skip_unavailable': False, 'install_base': '/home/karthik/colcon_ws/install/arm', 'merge_install': False, 'path': '/home/karthik/colcon_ws/src/arm', 'symlink_install': False, 'test_result_base': None}
[0.166s] Level 5:colcon.colcon_core.verb:set package 'ebot_description' build argument 'cmake_args' from command line to 'None'
[0.166s] Level 5:colcon.colcon_core.verb:set package 'ebot_description' build argument 'cmake_target' from command line to 'None'
[0.166s] Level 5:colcon.colcon_core.verb:set package 'ebot_description' build argument 'cmake_target_skip_unavailable' from command line to 'False'
[0.166s] Level 5:colcon.colcon_core.verb:set package 'ebot_description' build argument 'cmake_clean_cache' from command line to 'False'
[0.166s] Level 5:colcon.colcon_core.verb:set package 'ebot_description' build argument 'cmake_clean_first' from command line to 'False'
[0.166s] Level 5:colcon.colcon_core.verb:set package 'ebot_description' build argument 'cmake_force_configure' from command line to 'False'
[0.166s] Level 5:colcon.colcon_core.verb:set package 'ebot_description' build argument 'ament_cmake_args' from command line to 'None'
[0.166s] Level 5:colcon.colcon_core.verb:set package 'ebot_description' build argument 'catkin_cmake_args' from command line to 'None'
[0.166s] Level 5:colcon.colcon_core.verb:set package 'ebot_description' build argument 'catkin_skip_building_tests' from command line to 'False'
[0.166s] DEBUG:colcon.colcon_core.verb:Building package 'ebot_description' with the following arguments: {'ament_cmake_args': None, 'build_base': '/home/karthik/colcon_ws/build/ebot_description', 'catkin_cmake_args': None, 'catkin_skip_building_tests': False, 'cmake_args': None, 'cmake_clean_cache': False, 'cmake_clean_first': False, 'cmake_force_configure': False, 'cmake_target': None, 'cmake_target_skip_unavailable': False, 'install_base': '/home/karthik/colcon_ws/install/ebot_description', 'merge_install': False, 'path': '/home/karthik/colcon_ws/src/ebot_description', 'symlink_install': False, 'test_result_base': None}
[0.166s] Level 5:colcon.colcon_core.verb:set package 'eyantra_warehouse' build argument 'cmake_args' from command line to 'None'
[0.166s] Level 5:colcon.colcon_core.verb:set package 'eyantra_warehouse' build argument 'cmake_target' from command line to 'None'
[0.166s] Level 5:colcon.colcon_core.verb:set package 'eyantra_warehouse' build argument 'cmake_target_skip_unavailable' from command line to 'False'
[0.166s] Level 5:colcon.colcon_core.verb:set package 'eyantra_warehouse' build argument 'cmake_clean_cache' from command line to 'False'
[0.166s] Level 5:colcon.colcon_core.verb:set package 'eyantra_warehouse' build argument 'cmake_clean_first' from command line to 'False'
[0.166s] Level 5:colcon.colcon_core.verb:set package 'eyantra_warehouse' build argument 'cmake_force_configure' from command line to 'False'
[0.166s] Level 5:colcon.colcon_core.verb:set package 'eyantra_warehouse' build argument 'ament_cmake_args' from command line to 'None'
[0.166s] Level 5:colcon.colcon_core.verb:set package 'eyantra_warehouse' build argument 'catkin_cmake_args' from command line to 'None'
[0.166s] Level 5:colcon.colcon_core.verb:set package 'eyantra_warehouse' build argument 'catkin_skip_building_tests' from command line to 'False'
[0.166s] DEBUG:colcon.colcon_core.verb:Building package 'eyantra_warehouse' with the following arguments: {'ament_cmake_args': None, 'build_base': '/home/karthik/colcon_ws/build/eyantra_warehouse', 'catkin_cmake_args': None, 'catkin_skip_building_tests': False, 'cmake_args': None, 'cmake_clean_cache': False, 'cmake_clean_first': False, 'cmake_force_configure': False, 'cmake_target': None, 'cmake_target_skip_unavailable': False, 'install_base': '/home/karthik/colcon_ws/install/eyantra_warehouse', 'merge_install': False, 'path': '/home/karthik/colcon_ws/src/eyantra_warehouse', 'symlink_install': False, 'test_result_base': None}
[0.167s] Level 5:colcon.colcon_core.verb:set package 'linkattacher_msgs' build argument 'cmake_args' from command line to 'None'
[0.167s] Level 5:colcon.colcon_core.verb:set package 'linkattacher_msgs' build argument 'cmake_target' from command line to 'None'
[0.167s] Level 5:colcon.colcon_core.verb:set package 'linkattacher_msgs' build argument 'cmake_target_skip_unavailable' from command line to 'False'
[0.167s] Level 5:colcon.colcon_core.verb:set package 'linkattacher_msgs' build argument 'cmake_clean_cache' from command line to 'False'
[0.167s] Level 5:colcon.colcon_core.verb:set package 'linkattacher_msgs' build argument 'cmake_clean_first' from command line to 'False'
[0.167s] Level 5:colcon.colcon_core.verb:set package 'linkattacher_msgs' build argument 'cmake_force_configure' from command line to 'False'
[0.167s] Level 5:colcon.colcon_core.verb:set package 'linkattacher_msgs' build argument 'ament_cmake_args' from command line to 'None'
[0.167s] Level 5:colcon.colcon_core.verb:set package 'linkattacher_msgs' build argument 'catkin_cmake_args' from command line to 'None'
[0.167s] Level 5:colcon.colcon_core.verb:set package 'linkattacher_msgs' build argument 'catkin_skip_building_tests' from command line to 'False'
[0.167s] DEBUG:colcon.colcon_core.verb:Building package 'linkattacher_msgs' with the following arguments: {'ament_cmake_args': None, 'build_base': '/home/karthik/colcon_ws/build/linkattacher_msgs', 'catkin_cmake_args': None, 'catkin_skip_building_tests': False, 'cmake_args': None, 'cmake_clean_cache': False, 'cmake_clean_first': False, 'cmake_force_configure': False, 'cmake_target': None, 'cmake_target_skip_unavailable': False, 'install_base': '/home/karthik/colcon_ws/install/linkattacher_msgs', 'merge_install': False, 'path': '/home/karthik/colcon_ws/src/linkattacher_msgs', 'symlink_install': False, 'test_result_base': None}
[0.167s] Level 5:colcon.colcon_core.verb:set package 'ur5_control' build argument 'cmake_args' from command line to 'None'
[0.167s] Level 5:colcon.colcon_core.verb:set package 'ur5_control' build argument 'cmake_target' from command line to 'None'
[0.167s] Level 5:colcon.colcon_core.verb:set package 'ur5_control' build argument 'cmake_target_skip_unavailable' from command line to 'False'
[0.167s] Level 5:colcon.colcon_core.verb:set package 'ur5_control' build argument 'cmake_clean_cache' from command line to 'False'
[0.167s] Level 5:colcon.colcon_core.verb:set package 'ur5_control' build argument 'cmake_clean_first' from command line to 'False'
[0.167s] Level 5:colcon.colcon_core.verb:set package 'ur5_control' build argument 'cmake_force_configure' from command line to 'False'
[0.167s] Level 5:colcon.colcon_core.verb:set package 'ur5_control' build argument 'ament_cmake_args' from command line to 'None'
[0.167s] Level 5:colcon.colcon_core.verb:set package 'ur5_control' build argument 'catkin_cmake_args' from command line to 'None'
[0.167s] Level 5:colcon.colcon_core.verb:set package 'ur5_control' build argument 'catkin_skip_building_tests' from command line to 'False'
[0.167s] DEBUG:colcon.colcon_core.verb:Building package 'ur5_control' with the following arguments: {'ament_cmake_args': None, 'build_base': '/home/karthik/colcon_ws/build/ur5_control', 'catkin_cmake_args': None, 'catkin_skip_building_tests': False, 'cmake_args': None, 'cmake_clean_cache': False, 'cmake_clean_first': False, 'cmake_force_configure': False, 'cmake_target': None, 'cmake_target_skip_unavailable': False, 'install_base': '/home/karthik/colcon_ws/install/ur5_control', 'merge_install': False, 'path': '/home/karthik/colcon_ws/src/ur5_control', 'symlink_install': False, 'test_result_base': None}
[0.167s] Level 5:colcon.colcon_core.verb:set package 'ur_description' build argument 'cmake_args' from command line to 'None'
[0.167s] Level 5:colcon.colcon_core.verb:set package 'ur_description' build argument 'cmake_target' from command line to 'None'
[0.167s] Level 5:colcon.colcon_core.verb:set package 'ur_description' build argument 'cmake_target_skip_unavailable' from command line to 'False'
[0.167s] Level 5:colcon.colcon_core.verb:set package 'ur_description' build argument 'cmake_clean_cache' from command line to 'False'
[0.167s] Level 5:colcon.colcon_core.verb:set package 'ur_description' build argument 'cmake_clean_first' from command line to 'False'
[0.167s] Level 5:colcon.colcon_core.verb:set package 'ur_description' build argument 'cmake_force_configure' from command line to 'False'
[0.167s] Level 5:colcon.colcon_core.verb:set package 'ur_description' build argument 'ament_cmake_args' from command line to 'None'
[0.167s] Level 5:colcon.colcon_core.verb:set package 'ur_description' build argument 'catkin_cmake_args' from command line to 'None'
[0.167s] Level 5:colcon.colcon_core.verb:set package 'ur_description' build argument 'catkin_skip_building_tests' from command line to 'False'
[0.167s] DEBUG:colcon.colcon_core.verb:Building package 'ur_description' with the following arguments: {'ament_cmake_args': None, 'build_base': '/home/karthik/colcon_ws/build/ur_description', 'catkin_cmake_args': None, 'catkin_skip_building_tests': False, 'cmake_args': None, 'cmake_clean_cache': False, 'cmake_clean_first': False, 'cmake_force_configure': False, 'cmake_target': None, 'cmake_target_skip_unavailable': False, 'install_base': '/home/karthik/colcon_ws/install/ur_description', 'merge_install': False, 'path': '/home/karthik/colcon_ws/src/ur_description', 'symlink_install': False, 'test_result_base': None}
[0.167s] Level 5:colcon.colcon_core.verb:set package 'ur_simulation_gz' build argument 'cmake_args' from command line to 'None'
[0.167s] Level 5:colcon.colcon_core.verb:set package 'ur_simulation_gz' build argument 'cmake_target' from command line to 'None'
[0.167s] Level 5:colcon.colcon_core.verb:set package 'ur_simulation_gz' build argument 'cmake_target_skip_unavailable' from command line to 'False'
[0.167s] Level 5:colcon.colcon_core.verb:set package 'ur_simulation_gz' build argument 'cmake_clean_cache' from command line to 'False'
[0.167s] Level 5:colcon.colcon_core.verb:set package 'ur_simulation_gz' build argument 'cmake_clean_first' from command line to 'False'
[0.167s] Level 5:colcon.colcon_core.verb:set package 'ur_simulation_gz' build argument 'cmake_force_configure' from command line to 'False'
[0.167s] Level 5:colcon.colcon_core.verb:set package 'ur_simulation_gz' build argument 'ament_cmake_args' from command line to 'None'
[0.167s] Level 5:colcon.colcon_core.verb:set package 'ur_simulation_gz' build argument 'catkin_cmake_args' from command line to 'None'
[0.167s] Level 5:colcon.colcon_core.verb:set package 'ur_simulation_gz' build argument 'catkin_skip_building_tests' from command line to 'False'
[0.167s] DEBUG:colcon.colcon_core.verb:Building package 'ur_simulation_gz' with the following arguments: {'ament_cmake_args': None, 'build_base': '/home/karthik/colcon_ws/build/ur_simulation_gz', 'catkin_cmake_args': None, 'catkin_skip_building_tests': False, 'cmake_args': None, 'cmake_clean_cache': False, 'cmake_clean_first': False, 'cmake_force_configure': False, 'cmake_target': None, 'cmake_target_skip_unavailable': False, 'install_base': '/home/karthik/colcon_ws/install/ur_simulation_gz', 'merge_install': False, 'path': '/home/karthik/colcon_ws/src/ur_simulation_gz', 'symlink_install': False, 'test_result_base': None}
[0.167s] INFO:colcon.colcon_core.executor:Executing jobs using 'parallel' executor
[0.168s] DEBUG:colcon.colcon_parallel_executor.executor.parallel:run_until_complete
[0.168s] INFO:colcon.colcon_ros.task.ament_cmake.build:Building ROS package in '/home/karthik/colcon_ws/src/ur_description' with build type 'ament_cmake'
[0.168s] INFO:colcon.colcon_cmake.task.cmake.build:Building CMake package in '/home/karthik/colcon_ws/src/ur_description'
[0.170s] INFO:colcon.colcon_core.plugin_system:Skipping extension 'colcon_core.shell.bat': Not used on non-Windows systems
[0.170s] INFO:colcon.colcon_core.shell:Skip shell extension 'powershell' for command environment: Not usable outside of PowerShell
[0.170s] DEBUG:colcon.colcon_core.shell:Skip shell extension 'dsv' for command environment
[0.172s] INFO:colcon.colcon_ros.task.ament_python.build:Building ROS package in '/home/karthik/colcon_ws/src/arm' with build type 'ament_python'
[0.172s] Level 1:colcon.colcon_core.shell:create_environment_hook('arm', 'ament_prefix_path')
[0.172s] INFO:colcon.colcon_core.shell:Creating environment hook '/home/karthik/colcon_ws/install/arm/share/arm/hook/ament_prefix_path.ps1'
[0.173s] INFO:colcon.colcon_core.shell:Creating environment descriptor '/home/karthik/colcon_ws/install/arm/share/arm/hook/ament_prefix_path.dsv'
[0.173s] INFO:colcon.colcon_core.shell:Creating environment hook '/home/karthik/colcon_ws/install/arm/share/arm/hook/ament_prefix_path.sh'
[0.173s] INFO:colcon.colcon_core.shell:Skip shell extension 'powershell' for command environment: Not usable outside of PowerShell
[0.173s] DEBUG:colcon.colcon_core.shell:Skip shell extension 'dsv' for command environment
[0.175s] INFO:colcon.colcon_ros.task.ament_cmake.build:Building ROS package in '/home/karthik/colcon_ws/src/ebot_description' with build type 'ament_cmake'
[0.175s] INFO:colcon.colcon_cmake.task.cmake.build:Building CMake package in '/home/karthik/colcon_ws/src/ebot_description'
[0.175s] INFO:colcon.colcon_core.shell:Skip shell extension 'powershell' for command environment: Not usable outside of PowerShell
[0.175s] DEBUG:colcon.colcon_core.shell:Skip shell extension 'dsv' for command environment
[0.177s] INFO:colcon.colcon_ros.task.ament_cmake.build:Building ROS package in '/home/karthik/colcon_ws/src/eyantra_warehouse' with build type 'ament_cmake'
[0.177s] INFO:colcon.colcon_cmake.task.cmake.build:Building CMake package in '/home/karthik/colcon_ws/src/eyantra_warehouse'
[0.177s] INFO:colcon.colcon_core.shell:Skip shell extension 'powershell' for command environment: Not usable outside of PowerShell
[0.177s] DEBUG:colcon.colcon_core.shell:Skip shell extension 'dsv' for command environment
[0.179s] INFO:colcon.colcon_ros.task.ament_cmake.build:Building ROS package in '/home/karthik/colcon_ws/src/linkattacher_msgs' with build type 'ament_cmake'
[0.179s] INFO:colcon.colcon_cmake.task.cmake.build:Building CMake package in '/home/karthik/colcon_ws/src/linkattacher_msgs'
[0.179s] INFO:colcon.colcon_core.shell:Skip shell extension 'powershell' for command environment: Not usable outside of PowerShell
[0.179s] DEBUG:colcon.colcon_core.shell:Skip shell extension 'dsv' for command environment
[0.180s] INFO:colcon.colcon_ros.task.ament_cmake.build:Building ROS package in '/home/karthik/colcon_ws/src/ur5_control' with build type 'ament_cmake'
[0.180s] INFO:colcon.colcon_cmake.task.cmake.build:Building CMake package in '/home/karthik/colcon_ws/src/ur5_control'
[0.181s] INFO:colcon.colcon_core.shell:Skip shell extension 'powershell' for command environment: Not usable outside of PowerShell
[0.181s] DEBUG:colcon.colcon_core.shell:Skip shell extension 'dsv' for command environment
[0.186s] DEBUG:colcon.colcon_core.event_handler.log_command:Invoking command in '/home/karthik/colcon_ws/build/ur_description': CMAKE_PREFIX_PATH=${CMAKE_PREFIX_PATH}:/home/karthik/colcon_ws/install/arm /usr/bin/cmake --build /home/karthik/colcon_ws/build/ur_description -- -j16 -l16
[0.321s] INFO:colcon.colcon_core.task.python.build:Building Python package in '/home/karthik/colcon_ws/src/arm'
[0.321s] INFO:colcon.colcon_core.shell:Skip shell extension 'powershell' for command environment: Not usable outside of PowerShell
[0.321s] DEBUG:colcon.colcon_core.shell:Skip shell extension 'dsv' for command environment
[0.325s] DEBUG:colcon.colcon_core.event_handler.log_command:Invoking command in '/home/karthik/colcon_ws/build/ebot_description': CMAKE_PREFIX_PATH=${CMAKE_PREFIX_PATH}:/home/karthik/colcon_ws/install/arm /usr/bin/cmake --build /home/karthik/colcon_ws/build/ebot_description -- -j16 -l16
[0.326s] DEBUG:colcon.colcon_core.event_handler.log_command:Invoking command in '/home/karthik/colcon_ws/build/eyantra_warehouse': CMAKE_PREFIX_PATH=${CMAKE_PREFIX_PATH}:/home/karthik/colcon_ws/install/arm /usr/bin/cmake --build /home/karthik/colcon_ws/build/eyantra_warehouse -- -j16 -l16
[0.327s] DEBUG:colcon.colcon_core.event_handler.log_command:Invoking command in '/home/karthik/colcon_ws/build/linkattacher_msgs': CMAKE_PREFIX_PATH=${CMAKE_PREFIX_PATH}:/home/karthik/colcon_ws/install/arm /usr/bin/cmake --build /home/karthik/colcon_ws/build/linkattacher_msgs -- -j16 -l16
[0.329s] DEBUG:colcon.colcon_core.event_handler.log_command:Invoking command in '/home/karthik/colcon_ws/build/ur5_control': CMAKE_PREFIX_PATH=${CMAKE_PREFIX_PATH}:/home/karthik/colcon_ws/install/arm /usr/bin/cmake --build /home/karthik/colcon_ws/build/ur5_control -- -j16 -l16
[0.333s] DEBUG:colcon.colcon_core.event_handler.log_command:Invoked command in '/home/karthik/colcon_ws/build/ur_description' returned '0': CMAKE_PREFIX_PATH=${CMAKE_PREFIX_PATH}:/home/karthik/colcon_ws/install/arm /usr/bin/cmake --build /home/karthik/colcon_ws/build/ur_description -- -j16 -l16
[0.338s] DEBUG:colcon.colcon_core.event_handler.log_command:Invoking command in '/home/karthik/colcon_ws/build/ur_description': CMAKE_PREFIX_PATH=${CMAKE_PREFIX_PATH}:/home/karthik/colcon_ws/install/arm /usr/bin/cmake --install /home/karthik/colcon_ws/build/ur_description
[0.355s] DEBUG:colcon.colcon_core.event_handler.log_command:Invoked command in '/home/karthik/colcon_ws/build/ebot_description' returned '0': CMAKE_PREFIX_PATH=${CMAKE_PREFIX_PATH}:/home/karthik/colcon_ws/install/arm /usr/bin/cmake --build /home/karthik/colcon_ws/build/ebot_description -- -j16 -l16
[0.355s] DEBUG:colcon.colcon_core.event_handler.log_command:Invoking command in '/home/karthik/colcon_ws/build/ebot_description': CMAKE_PREFIX_PATH=${CMAKE_PREFIX_PATH}:/home/karthik/colcon_ws/install/arm /usr/bin/cmake --install /home/karthik/colcon_ws/build/ebot_description
[0.355s] DEBUG:colcon.colcon_core.event_handler.log_command:Invoked command in '/home/karthik/colcon_ws/build/ur5_control' returned '0': CMAKE_PREFIX_PATH=${CMAKE_PREFIX_PATH}:/home/karthik/colcon_ws/install/arm /usr/bin/cmake --build /home/karthik/colcon_ws/build/ur5_control -- -j16 -l16
[0.359s] Level 1:colcon.colcon_core.environment:create_environment_scripts_only(ur_description)
[0.360s] DEBUG:colcon.colcon_core.event_handler.log_command:Invoking command in '/home/karthik/colcon_ws/build/ur5_control': CMAKE_PREFIX_PATH=${CMAKE_PREFIX_PATH}:/home/karthik/colcon_ws/install/arm /usr/bin/cmake --install /home/karthik/colcon_ws/build/ur5_control
[0.360s] DEBUG:colcon.colcon_core.event_handler.log_command:Invoked command in '/home/karthik/colcon_ws/build/ur_description' returned '0': CMAKE_PREFIX_PATH=${CMAKE_PREFIX_PATH}:/home/karthik/colcon_ws/install/arm /usr/bin/cmake --install /home/karthik/colcon_ws/build/ur_description
[0.361s] Level 1:colcon.colcon_core.environment:checking '/home/karthik/colcon_ws/install/ur_description' for CMake module files
[0.362s] Level 1:colcon.colcon_core.environment:checking '/home/karthik/colcon_ws/install/ur_description' for CMake config files
[0.362s] Level 1:colcon.colcon_core.shell:create_environment_hook('ur_description', 'cmake_prefix_path')
[0.362s] INFO:colcon.colcon_core.shell:Creating environment hook '/home/karthik/colcon_ws/install/ur_description/share/ur_description/hook/cmake_prefix_path.ps1'
[0.363s] INFO:colcon.colcon_core.shell:Creating environment descriptor '/home/karthik/colcon_ws/install/ur_description/share/ur_description/hook/cmake_prefix_path.dsv'
[0.363s] INFO:colcon.colcon_core.shell:Creating environment hook '/home/karthik/colcon_ws/install/ur_description/share/ur_description/hook/cmake_prefix_path.sh'
[0.363s] Level 1:colcon.colcon_core.environment:checking '/home/karthik/colcon_ws/install/ur_description/lib'
[0.363s] Level 1:colcon.colcon_core.environment:checking '/home/karthik/colcon_ws/install/ur_description/bin'
[0.363s] Level 1:colcon.colcon_core.environment:checking '/home/karthik/colcon_ws/install/ur_description/lib/pkgconfig/ur_description.pc'
[0.364s] Level 1:colcon.colcon_core.environment:checking '/home/karthik/colcon_ws/install/ur_description/lib/python3.10/site-packages'
[0.364s] Level 1:colcon.colcon_core.environment:checking '/home/karthik/colcon_ws/install/ur_description/bin'
[0.364s] INFO:colcon.colcon_core.shell:Creating package script '/home/karthik/colcon_ws/install/ur_description/share/ur_description/package.ps1'
[0.365s] INFO:colcon.colcon_core.shell:Creating package descriptor '/home/karthik/colcon_ws/install/ur_description/share/ur_description/package.dsv'
[0.365s] INFO:colcon.colcon_core.shell:Creating package script '/home/karthik/colcon_ws/install/ur_description/share/ur_description/package.sh'
[0.366s] INFO:colcon.colcon_core.shell:Creating package script '/home/karthik/colcon_ws/install/ur_description/share/ur_description/package.bash'
[0.366s] INFO:colcon.colcon_core.shell:Creating package script '/home/karthik/colcon_ws/install/ur_description/share/ur_description/package.zsh'
[0.367s] Level 1:colcon.colcon_core.environment:create_file_with_runtime_dependencies(/home/karthik/colcon_ws/install/ur_description/share/colcon-core/packages/ur_description)
[0.367s] Level 1:colcon.colcon_core.environment:create_environment_scripts_only(ur_description)
[0.367s] Level 1:colcon.colcon_core.environment:checking '/home/karthik/colcon_ws/install/ur_description' for CMake module files
[0.368s] Level 1:colcon.colcon_core.environment:checking '/home/karthik/colcon_ws/install/ur_description' for CMake config files
[0.368s] Level 1:colcon.colcon_core.shell:create_environment_hook('ur_description', 'cmake_prefix_path')
[0.368s] INFO:colcon.colcon_core.shell:Creating environment hook '/home/karthik/colcon_ws/install/ur_description/share/ur_description/hook/cmake_prefix_path.ps1'
[0.369s] INFO:colcon.colcon_core.shell:Creating environment descriptor '/home/karthik/colcon_ws/install/ur_description/share/ur_description/hook/cmake_prefix_path.dsv'
[0.369s] INFO:colcon.colcon_core.shell:Creating environment hook '/home/karthik/colcon_ws/install/ur_description/share/ur_description/hook/cmake_prefix_path.sh'
[0.370s] Level 1:colcon.colcon_core.environment:checking '/home/karthik/colcon_ws/install/ur_description/lib'
[0.370s] Level 1:colcon.colcon_core.environment:checking '/home/karthik/colcon_ws/install/ur_description/bin'
[0.370s] Level 1:colcon.colcon_core.environment:checking '/home/karthik/colcon_ws/install/ur_description/lib/pkgconfig/ur_description.pc'
[0.370s] Level 1:colcon.colcon_core.environment:checking '/home/karthik/colcon_ws/install/ur_description/lib/python3.10/site-packages'
[0.370s] Level 1:colcon.colcon_core.environment:checking '/home/karthik/colcon_ws/install/ur_description/bin'
[0.371s] INFO:colcon.colcon_core.shell:Creating package script '/home/karthik/colcon_ws/install/ur_description/share/ur_description/package.ps1'
[0.372s] INFO:colcon.colcon_core.shell:Creating package descriptor '/home/karthik/colcon_ws/install/ur_description/share/ur_description/package.dsv'
[0.372s] INFO:colcon.colcon_core.shell:Creating package script '/home/karthik/colcon_ws/install/ur_description/share/ur_description/package.sh'
[0.373s] INFO:colcon.colcon_core.shell:Creating package script '/home/karthik/colcon_ws/install/ur_description/share/ur_description/package.bash'
[0.373s] INFO:colcon.colcon_core.shell:Creating package script '/home/karthik/colcon_ws/install/ur_description/share/ur_description/package.zsh'
[0.374s] Level 1:colcon.colcon_core.environment:create_file_with_runtime_dependencies(/home/karthik/colcon_ws/install/ur_description/share/colcon-core/packages/ur_description)
[0.375s] INFO:colcon.colcon_ros.task.ament_cmake.build:Building ROS package in '/home/karthik/colcon_ws/src/ur_simulation_gz' with build type 'ament_cmake'
[0.375s] INFO:colcon.colcon_cmake.task.cmake.build:Building CMake package in '/home/karthik/colcon_ws/src/ur_simulation_gz'
[0.375s] INFO:colcon.colcon_core.shell:Skip shell extension 'powershell' for command environment: Not usable outside of PowerShell
[0.375s] DEBUG:colcon.colcon_core.shell:Skip shell extension 'dsv' for command environment
[0.378s] DEBUG:colcon.colcon_core.event_handler.log_command:Invoked command in '/home/karthik/colcon_ws/build/eyantra_warehouse' returned '0': CMAKE_PREFIX_PATH=${CMAKE_PREFIX_PATH}:/home/karthik/colcon_ws/install/arm /usr/bin/cmake --build /home/karthik/colcon_ws/build/eyantra_warehouse -- -j16 -l16
[0.379s] DEBUG:colcon.colcon_core.event_handler.log_command:Invoking command in '/home/karthik/colcon_ws/build/eyantra_warehouse': CMAKE_PREFIX_PATH=${CMAKE_PREFIX_PATH}:/home/karthik/colcon_ws/install/arm /usr/bin/cmake --install /home/karthik/colcon_ws/build/eyantra_warehouse
[0.380s] Level 1:colcon.colcon_core.environment:create_environment_scripts_only(ur5_control)
[0.380s] Level 1:colcon.colcon_core.environment:checking '/home/karthik/colcon_ws/install/ur5_control' for CMake module files
[0.380s] DEBUG:colcon.colcon_core.event_handler.log_command:Invoked command in '/home/karthik/colcon_ws/build/ur5_control' returned '0': CMAKE_PREFIX_PATH=${CMAKE_PREFIX_PATH}:/home/karthik/colcon_ws/install/arm /usr/bin/cmake --install /home/karthik/colcon_ws/build/ur5_control
[0.381s] Level 1:colcon.colcon_core.environment:checking '/home/karthik/colcon_ws/install/ur5_control' for CMake config files
[0.381s] Level 1:colcon.colcon_core.shell:create_environment_hook('ur5_control', 'cmake_prefix_path')
[0.381s] INFO:colcon.colcon_core.shell:Creating environment hook '/home/karthik/colcon_ws/install/ur5_control/share/ur5_control/hook/cmake_prefix_path.ps1'
[0.381s] INFO:colcon.colcon_core.shell:Creating environment descriptor '/home/karthik/colcon_ws/install/ur5_control/share/ur5_control/hook/cmake_prefix_path.dsv'
[0.381s] INFO:colcon.colcon_core.shell:Creating environment hook '/home/karthik/colcon_ws/install/ur5_control/share/ur5_control/hook/cmake_prefix_path.sh'
[0.382s] Level 1:colcon.colcon_core.environment:checking '/home/karthik/colcon_ws/install/ur5_control/lib'
[0.382s] Level 1:colcon.colcon_core.environment:checking '/home/karthik/colcon_ws/install/ur5_control/bin'
[0.382s] Level 1:colcon.colcon_core.environment:checking '/home/karthik/colcon_ws/install/ur5_control/lib/pkgconfig/ur5_control.pc'
[0.382s] Level 1:colcon.colcon_core.environment:checking '/home/karthik/colcon_ws/install/ur5_control/lib/python3.10/site-packages'
[0.382s] Level 1:colcon.colcon_core.environment:checking '/home/karthik/colcon_ws/install/ur5_control/bin'
[0.382s] INFO:colcon.colcon_core.shell:Creating package script '/home/karthik/colcon_ws/install/ur5_control/share/ur5_control/package.ps1'
[0.383s] INFO:colcon.colcon_core.shell:Creating package descriptor '/home/karthik/colcon_ws/install/ur5_control/share/ur5_control/package.dsv'
[0.383s] INFO:colcon.colcon_core.shell:Creating package script '/home/karthik/colcon_ws/install/ur5_control/share/ur5_control/package.sh'
[0.383s] INFO:colcon.colcon_core.shell:Creating package script '/home/karthik/colcon_ws/install/ur5_control/share/ur5_control/package.bash'
[0.383s] INFO:colcon.colcon_core.shell:Creating package script '/home/karthik/colcon_ws/install/ur5_control/share/ur5_control/package.zsh'
[0.383s] Level 1:colcon.colcon_core.environment:create_file_with_runtime_dependencies(/home/karthik/colcon_ws/install/ur5_control/share/colcon-core/packages/ur5_control)
[0.384s] Level 1:colcon.colcon_core.environment:create_environment_scripts_only(ur5_control)
[0.384s] Level 1:colcon.colcon_core.environment:checking '/home/karthik/colcon_ws/install/ur5_control' for CMake module files
[0.384s] Level 1:colcon.colcon_core.environment:checking '/home/karthik/colcon_ws/install/ur5_control' for CMake config files
[0.384s] Level 1:colcon.colcon_core.shell:create_environment_hook('ur5_control', 'cmake_prefix_path')
[0.384s] INFO:colcon.colcon_core.shell:Creating environment hook '/home/karthik/colcon_ws/install/ur5_control/share/ur5_control/hook/cmake_prefix_path.ps1'
[0.384s] INFO:colcon.colcon_core.shell:Creating environment descriptor '/home/karthik/colcon_ws/install/ur5_control/share/ur5_control/hook/cmake_prefix_path.dsv'
[0.385s] INFO:colcon.colcon_core.shell:Creating environment hook '/home/karthik/colcon_ws/install/ur5_control/share/ur5_control/hook/cmake_prefix_path.sh'
[0.388s] Level 1:colcon.colcon_core.environment:checking '/home/karthik/colcon_ws/install/ur5_control/lib'
[0.391s] Level 1:colcon.colcon_core.environment:checking '/home/karthik/colcon_ws/install/ur5_control/bin'
[0.391s] Level 1:colcon.colcon_core.environment:checking '/home/karthik/colcon_ws/install/ur5_control/lib/pkgconfig/ur5_control.pc'
[0.391s] Level 1:colcon.colcon_core.environment:checking '/home/karthik/colcon_ws/install/ur5_control/lib/python3.10/site-packages'
[0.392s] Level 1:colcon.colcon_core.environment:checking '/home/karthik/colcon_ws/install/ur5_control/bin'
[0.392s] INFO:colcon.colcon_core.shell:Creating package script '/home/karthik/colcon_ws/install/ur5_control/share/ur5_control/package.ps1'
[0.394s] INFO:colcon.colcon_core.shell:Creating package descriptor '/home/karthik/colcon_ws/install/ur5_control/share/ur5_control/package.dsv'
[0.394s] INFO:colcon.colcon_core.shell:Creating package script '/home/karthik/colcon_ws/install/ur5_control/share/ur5_control/package.sh'
[0.394s] INFO:colcon.colcon_core.shell:Creating package script '/home/karthik/colcon_ws/install/ur5_control/share/ur5_control/package.bash'
[0.394s] INFO:colcon.colcon_core.shell:Creating package script '/home/karthik/colcon_ws/install/ur5_control/share/ur5_control/package.zsh'
[0.394s] Level 1:colcon.colcon_core.environment:create_file_with_runtime_dependencies(/home/karthik/colcon_ws/install/ur5_control/share/colcon-core/packages/ur5_control)
[0.395s] Level 1:colcon.colcon_core.environment:create_environment_scripts_only(ebot_description)
[0.395s] Level 1:colcon.colcon_core.environment:checking '/home/karthik/colcon_ws/install/ebot_description' for CMake module files
[0.396s] DEBUG:colcon.colcon_core.event_handler.log_command:Invoked command in '/home/karthik/colcon_ws/build/ebot_description' returned '0': CMAKE_PREFIX_PATH=${CMAKE_PREFIX_PATH}:/home/karthik/colcon_ws/install/arm /usr/bin/cmake --install /home/karthik/colcon_ws/build/ebot_description
[0.396s] Level 1:colcon.colcon_core.environment:checking '/home/karthik/colcon_ws/install/ebot_description' for CMake config files
[0.396s] Level 1:colcon.colcon_core.shell:create_environment_hook('ebot_description', 'cmake_prefix_path')
[0.396s] INFO:colcon.colcon_core.shell:Creating environment hook '/home/karthik/colcon_ws/install/ebot_description/share/ebot_description/hook/cmake_prefix_path.ps1'
[0.397s] INFO:colcon.colcon_core.shell:Creating environment descriptor '/home/karthik/colcon_ws/install/ebot_description/share/ebot_description/hook/cmake_prefix_path.dsv'
[0.397s] INFO:colcon.colcon_core.shell:Creating environment hook '/home/karthik/colcon_ws/install/ebot_description/share/ebot_description/hook/cmake_prefix_path.sh'
[0.398s] Level 1:colcon.colcon_core.environment:checking '/home/karthik/colcon_ws/install/ebot_description/lib'
[0.398s] Level 1:colcon.colcon_core.environment:checking '/home/karthik/colcon_ws/install/ebot_description/bin'
[0.398s] Level 1:colcon.colcon_core.environment:checking '/home/karthik/colcon_ws/install/ebot_description/lib/pkgconfig/ebot_description.pc'
[0.398s] Level 1:colcon.colcon_core.environment:checking '/home/karthik/colcon_ws/install/ebot_description/lib/python3.10/site-packages'
[0.398s] Level 1:colcon.colcon_core.environment:checking '/home/karthik/colcon_ws/install/ebot_description/bin'
[0.399s] INFO:colcon.colcon_core.shell:Creating package script '/home/karthik/colcon_ws/install/ebot_description/share/ebot_description/package.ps1'
[0.399s] INFO:colcon.colcon_core.shell:Creating package descriptor '/home/karthik/colcon_ws/install/ebot_description/share/ebot_description/package.dsv'
[0.399s] INFO:colcon.colcon_core.shell:Creating package script '/home/karthik/colcon_ws/install/ebot_description/share/ebot_description/package.sh'
[0.400s] INFO:colcon.colcon_core.shell:Creating package script '/home/karthik/colcon_ws/install/ebot_description/share/ebot_description/package.bash'
[0.400s] INFO:colcon.colcon_core.shell:Creating package script '/home/karthik/colcon_ws/install/ebot_description/share/ebot_description/package.zsh'
[0.400s] Level 1:colcon.colcon_core.environment:create_file_with_runtime_dependencies(/home/karthik/colcon_ws/install/ebot_description/share/colcon-core/packages/ebot_description)
[0.400s] Level 1:colcon.colcon_core.environment:create_environment_scripts_only(ebot_description)
[0.400s] Level 1:colcon.colcon_core.environment:checking '/home/karthik/colcon_ws/install/ebot_description' for CMake module files
[0.401s] Level 1:colcon.colcon_core.environment:checking '/home/karthik/colcon_ws/install/ebot_description' for CMake config files
[0.401s] Level 1:colcon.colcon_core.shell:create_environment_hook('ebot_description', 'cmake_prefix_path')
[0.401s] INFO:colcon.colcon_core.shell:Creating environment hook '/home/karthik/colcon_ws/install/ebot_description/share/ebot_description/hook/cmake_prefix_path.ps1'
[0.401s] INFO:colcon.colcon_core.shell:Creating environment descriptor '/home/karthik/colcon_ws/install/ebot_description/share/ebot_description/hook/cmake_prefix_path.dsv'
[0.401s] INFO:colcon.colcon_core.shell:Creating environment hook '/home/karthik/colcon_ws/install/ebot_description/share/ebot_description/hook/cmake_prefix_path.sh'
[0.402s] Level 1:colcon.colcon_core.environment:checking '/home/karthik/colcon_ws/install/ebot_description/lib'
[0.402s] Level 1:colcon.colcon_core.environment:checking '/home/karthik/colcon_ws/install/ebot_description/bin'
[0.402s] Level 1:colcon.colcon_core.environment:checking '/home/karthik/colcon_ws/install/ebot_description/lib/pkgconfig/ebot_description.pc'
[0.402s] Level 1:colcon.colcon_core.environment:checking '/home/karthik/colcon_ws/install/ebot_description/lib/python3.10/site-packages'
[0.402s] Level 1:colcon.colcon_core.environment:checking '/home/karthik/colcon_ws/install/ebot_description/bin'
[0.402s] INFO:colcon.colcon_core.shell:Creating package script '/home/karthik/colcon_ws/install/ebot_description/share/ebot_description/package.ps1'
[0.402s] INFO:colcon.colcon_core.shell:Creating package descriptor '/home/karthik/colcon_ws/install/ebot_description/share/ebot_description/package.dsv'
[0.402s] INFO:colcon.colcon_core.shell:Creating package script '/home/karthik/colcon_ws/install/ebot_description/share/ebot_description/package.sh'
[0.403s] INFO:colcon.colcon_core.shell:Creating package script '/home/karthik/colcon_ws/install/ebot_description/share/ebot_description/package.bash'
[0.403s] INFO:colcon.colcon_core.shell:Creating package script '/home/karthik/colcon_ws/install/ebot_description/share/ebot_description/package.zsh'
[0.403s] Level 1:colcon.colcon_core.environment:create_file_with_runtime_dependencies(/home/karthik/colcon_ws/install/ebot_description/share/colcon-core/packages/ebot_description)
[0.405s] Level 1:colcon.colcon_core.environment:create_environment_scripts_only(eyantra_warehouse)
[0.406s] DEBUG:colcon.colcon_core.event_handler.log_command:Invoking command in '/home/karthik/colcon_ws/build/ur_simulation_gz': CMAKE_PREFIX_PATH=/home/karthik/colcon_ws/install/ur_description:/home/karthik/colcon_ws/install/ur_simulation_gz:/home/karthik/colcon_ws/install/ur5_control:/home/karthik/colcon_ws/install/linkattacher_msgs:/home/karthik/colcon_ws/install/eyantra_warehouse:/home/karthik/colcon_ws/install/ebot_description:/opt/ros/humble:/home/karthik/colcon_ws/install/arm /usr/bin/cmake --build /home/karthik/colcon_ws/build/ur_simulation_gz -- -j16 -l16
[0.406s] Level 1:colcon.colcon_core.environment:checking '/home/karthik/colcon_ws/install/eyantra_warehouse' for CMake module files
[0.406s] DEBUG:colcon.colcon_core.event_handler.log_command:Invoked command in '/home/karthik/colcon_ws/build/eyantra_warehouse' returned '0': CMAKE_PREFIX_PATH=${CMAKE_PREFIX_PATH}:/home/karthik/colcon_ws/install/arm /usr/bin/cmake --install /home/karthik/colcon_ws/build/eyantra_warehouse
[0.406s] Level 1:colcon.colcon_core.environment:checking '/home/karthik/colcon_ws/install/eyantra_warehouse' for CMake config files
[0.407s] Level 1:colcon.colcon_core.shell:create_environment_hook('eyantra_warehouse', 'cmake_prefix_path')
[0.408s] INFO:colcon.colcon_core.shell:Creating environment hook '/home/karthik/colcon_ws/install/eyantra_warehouse/share/eyantra_warehouse/hook/cmake_prefix_path.ps1'
[0.408s] INFO:colcon.colcon_core.shell:Creating environment descriptor '/home/karthik/colcon_ws/install/eyantra_warehouse/share/eyantra_warehouse/hook/cmake_prefix_path.dsv'
[0.408s] INFO:colcon.colcon_core.shell:Creating environment hook '/home/karthik/colcon_ws/install/eyantra_warehouse/share/eyantra_warehouse/hook/cmake_prefix_path.sh'
[0.409s] Level 1:colcon.colcon_core.environment:checking '/home/karthik/colcon_ws/install/eyantra_warehouse/lib'
[0.409s] Level 1:colcon.colcon_core.environment:checking '/home/karthik/colcon_ws/install/eyantra_warehouse/bin'
[0.409s] Level 1:colcon.colcon_core.environment:checking '/home/karthik/colcon_ws/install/eyantra_warehouse/lib/pkgconfig/eyantra_warehouse.pc'
[0.409s] Level 1:colcon.colcon_core.environment:checking '/home/karthik/colcon_ws/install/eyantra_warehouse/lib/python3.10/site-packages'
[0.410s] Level 1:colcon.colcon_core.environment:checking '/home/karthik/colcon_ws/install/eyantra_warehouse/bin'
[0.410s] INFO:colcon.colcon_core.shell:Creating package script '/home/karthik/colcon_ws/install/eyantra_warehouse/share/eyantra_warehouse/package.ps1'
[0.410s] INFO:colcon.colcon_core.shell:Creating package descriptor '/home/karthik/colcon_ws/install/eyantra_warehouse/share/eyantra_warehouse/package.dsv'
[0.411s] INFO:colcon.colcon_core.shell:Creating package script '/home/karthik/colcon_ws/install/eyantra_warehouse/share/eyantra_warehouse/package.sh'
[0.411s] INFO:colcon.colcon_core.shell:Creating package script '/home/karthik/colcon_ws/install/eyantra_warehouse/share/eyantra_warehouse/package.bash'
[0.411s] INFO:colcon.colcon_core.shell:Creating package script '/home/karthik/colcon_ws/install/eyantra_warehouse/share/eyantra_warehouse/package.zsh'
[0.412s] Level 1:colcon.colcon_core.environment:create_file_with_runtime_dependencies(/home/karthik/colcon_ws/install/eyantra_warehouse/share/colcon-core/packages/eyantra_warehouse)
[0.412s] Level 1:colcon.colcon_core.environment:create_environment_scripts_only(eyantra_warehouse)
[0.412s] Level 1:colcon.colcon_core.environment:checking '/home/karthik/colcon_ws/install/eyantra_warehouse' for CMake module files
[0.413s] Level 1:colcon.colcon_core.environment:checking '/home/karthik/colcon_ws/install/eyantra_warehouse' for CMake config files
[0.414s] Level 1:colcon.colcon_core.shell:create_environment_hook('eyantra_warehouse', 'cmake_prefix_path')
[0.414s] INFO:colcon.colcon_core.shell:Creating environment hook '/home/karthik/colcon_ws/install/eyantra_warehouse/share/eyantra_warehouse/hook/cmake_prefix_path.ps1'
[0.415s] INFO:colcon.colcon_core.shell:Creating environment descriptor '/home/karthik/colcon_ws/install/eyantra_warehouse/share/eyantra_warehouse/hook/cmake_prefix_path.dsv'
[0.415s] INFO:colcon.colcon_core.shell:Creating environment hook '/home/karthik/colcon_ws/install/eyantra_warehouse/share/eyantra_warehouse/hook/cmake_prefix_path.sh'
[0.415s] Level 1:colcon.colcon_core.environment:checking '/home/karthik/colcon_ws/install/eyantra_warehouse/lib'
[0.415s] Level 1:colcon.colcon_core.environment:checking '/home/karthik/colcon_ws/install/eyantra_warehouse/bin'
[0.415s] Level 1:colcon.colcon_core.environment:checking '/home/karthik/colcon_ws/install/eyantra_warehouse/lib/pkgconfig/eyantra_warehouse.pc'
[0.416s] Level 1:colcon.colcon_core.environment:checking '/home/karthik/colcon_ws/install/eyantra_warehouse/lib/python3.10/site-packages'
[0.416s] Level 1:colcon.colcon_core.environment:checking '/home/karthik/colcon_ws/install/eyantra_warehouse/bin'
[0.416s] INFO:colcon.colcon_core.shell:Creating package script '/home/karthik/colcon_ws/install/eyantra_warehouse/share/eyantra_warehouse/package.ps1'
[0.417s] INFO:colcon.colcon_core.shell:Creating package descriptor '/home/karthik/colcon_ws/install/eyantra_warehouse/share/eyantra_warehouse/package.dsv'
[0.417s] INFO:colcon.colcon_core.shell:Creating package script '/home/karthik/colcon_ws/install/eyantra_warehouse/share/eyantra_warehouse/package.sh'
[0.417s] INFO:colcon.colcon_core.shell:Creating package script '/home/karthik/colcon_ws/install/eyantra_warehouse/share/eyantra_warehouse/package.bash'
[0.418s] INFO:colcon.colcon_core.shell:Creating package script '/home/karthik/colcon_ws/install/eyantra_warehouse/share/eyantra_warehouse/package.zsh'
[0.418s] Level 1:colcon.colcon_core.environment:create_file_with_runtime_dependencies(/home/karthik/colcon_ws/install/eyantra_warehouse/share/colcon-core/packages/eyantra_warehouse)
[0.428s] DEBUG:colcon.colcon_core.event_handler.log_command:Invoked command in '/home/karthik/colcon_ws/build/ur_simulation_gz' returned '0': CMAKE_PREFIX_PATH=/home/karthik/colcon_ws/install/ur_description:/home/karthik/colcon_ws/install/ur_simulation_gz:/home/karthik/colcon_ws/install/ur5_control:/home/karthik/colcon_ws/install/linkattacher_msgs:/home/karthik/colcon_ws/install/eyantra_warehouse:/home/karthik/colcon_ws/install/ebot_description:/opt/ros/humble:/home/karthik/colcon_ws/install/arm /usr/bin/cmake --build /home/karthik/colcon_ws/build/ur_simulation_gz -- -j16 -l16
[0.429s] DEBUG:colcon.colcon_core.event_handler.log_command:Invoking command in '/home/karthik/colcon_ws/build/ur_simulation_gz': CMAKE_PREFIX_PATH=/home/karthik/colcon_ws/install/ur_description:/home/karthik/colcon_ws/install/ur_simulation_gz:/home/karthik/colcon_ws/install/ur5_control:/home/karthik/colcon_ws/install/linkattacher_msgs:/home/karthik/colcon_ws/install/eyantra_warehouse:/home/karthik/colcon_ws/install/ebot_description:/opt/ros/humble:/home/karthik/colcon_ws/install/arm /usr/bin/cmake --install /home/karthik/colcon_ws/build/ur_simulation_gz
[0.435s] Level 1:colcon.colcon_core.environment:create_environment_scripts_only(ur_simulation_gz)
[0.435s] Level 1:colcon.colcon_core.environment:checking '/home/karthik/colcon_ws/install/ur_simulation_gz' for CMake module files
[0.436s] DEBUG:colcon.colcon_core.event_handler.log_command:Invoked command in '/home/karthik/colcon_ws/build/ur_simulation_gz' returned '0': CMAKE_PREFIX_PATH=/home/karthik/colcon_ws/install/ur_description:/home/karthik/colcon_ws/install/ur_simulation_gz:/home/karthik/colcon_ws/install/ur5_control:/home/karthik/colcon_ws/install/linkattacher_msgs:/home/karthik/colcon_ws/install/eyantra_warehouse:/home/karthik/colcon_ws/install/ebot_description:/opt/ros/humble:/home/karthik/colcon_ws/install/arm /usr/bin/cmake --install /home/karthik/colcon_ws/build/ur_simulation_gz
[0.436s] Level 1:colcon.colcon_core.environment:checking '/home/karthik/colcon_ws/install/ur_simulation_gz' for CMake config files
[0.436s] Level 1:colcon.colcon_core.shell:create_environment_hook('ur_simulation_gz', 'cmake_prefix_path')
[0.436s] INFO:colcon.colcon_core.shell:Creating environment hook '/home/karthik/colcon_ws/install/ur_simulation_gz/share/ur_simulation_gz/hook/cmake_prefix_path.ps1'
[0.436s] INFO:colcon.colcon_core.shell:Creating environment descriptor '/home/karthik/colcon_ws/install/ur_simulation_gz/share/ur_simulation_gz/hook/cmake_prefix_path.dsv'
[0.437s] INFO:colcon.colcon_core.shell:Creating environment hook '/home/karthik/colcon_ws/install/ur_simulation_gz/share/ur_simulation_gz/hook/cmake_prefix_path.sh'
[0.437s] Level 1:colcon.colcon_core.environment:checking '/home/karthik/colcon_ws/install/ur_simulation_gz/lib'
[0.437s] Level 1:colcon.colcon_core.environment:checking '/home/karthik/colcon_ws/install/ur_simulation_gz/bin'
[0.437s] Level 1:colcon.colcon_core.environment:checking '/home/karthik/colcon_ws/install/ur_simulation_gz/lib/pkgconfig/ur_simulation_gz.pc'
[0.437s] Level 1:colcon.colcon_core.environment:checking '/home/karthik/colcon_ws/install/ur_simulation_gz/lib/python3.10/site-packages'
[0.437s] Level 1:colcon.colcon_core.environment:checking '/home/karthik/colcon_ws/install/ur_simulation_gz/bin'
[0.437s] INFO:colcon.colcon_core.shell:Creating package script '/home/karthik/colcon_ws/install/ur_simulation_gz/share/ur_simulation_gz/package.ps1'
[0.438s] INFO:colcon.colcon_core.shell:Creating package descriptor '/home/karthik/colcon_ws/install/ur_simulation_gz/share/ur_simulation_gz/package.dsv'
[0.438s] INFO:colcon.colcon_core.shell:Creating package script '/home/karthik/colcon_ws/install/ur_simulation_gz/share/ur_simulation_gz/package.sh'
[0.438s] INFO:colcon.colcon_core.shell:Creating package script '/home/karthik/colcon_ws/install/ur_simulation_gz/share/ur_simulation_gz/package.bash'
[0.438s] INFO:colcon.colcon_core.shell:Creating package script '/home/karthik/colcon_ws/install/ur_simulation_gz/share/ur_simulation_gz/package.zsh'
[0.438s] Level 1:colcon.colcon_core.environment:create_file_with_runtime_dependencies(/home/karthik/colcon_ws/install/ur_simulation_gz/share/colcon-core/packages/ur_simulation_gz)
[0.439s] Level 1:colcon.colcon_core.environment:create_environment_scripts_only(ur_simulation_gz)
[0.439s] Level 1:colcon.colcon_core.environment:checking '/home/karthik/colcon_ws/install/ur_simulation_gz' for CMake module files
[0.439s] Level 1:colcon.colcon_core.environment:checking '/home/karthik/colcon_ws/install/ur_simulation_gz' for CMake config files
[0.439s] Level 1:colcon.colcon_core.shell:create_environment_hook('ur_simulation_gz', 'cmake_prefix_path')
[0.439s] INFO:colcon.colcon_core.shell:Creating environment hook '/home/karthik/colcon_ws/install/ur_simulation_gz/share/ur_simulation_gz/hook/cmake_prefix_path.ps1'
[0.439s] INFO:colcon.colcon_core.shell:Creating environment descriptor '/home/karthik/colcon_ws/install/ur_simulation_gz/share/ur_simulation_gz/hook/cmake_prefix_path.dsv'
[0.440s] INFO:colcon.colcon_core.shell:Creating environment hook '/home/karthik/colcon_ws/install/ur_simulation_gz/share/ur_simulation_gz/hook/cmake_prefix_path.sh'
[0.440s] Level 1:colcon.colcon_core.environment:checking '/home/karthik/colcon_ws/install/ur_simulation_gz/lib'
[0.440s] Level 1:colcon.colcon_core.environment:checking '/home/karthik/colcon_ws/install/ur_simulation_gz/bin'
[0.440s] Level 1:colcon.colcon_core.environment:checking '/home/karthik/colcon_ws/install/ur_simulation_gz/lib/pkgconfig/ur_simulation_gz.pc'
[0.440s] Level 1:colcon.colcon_core.environment:checking '/home/karthik/colcon_ws/install/ur_simulation_gz/lib/python3.10/site-packages'
[0.440s] Level 1:colcon.colcon_core.environment:checking '/home/karthik/colcon_ws/install/ur_simulation_gz/bin'
[0.440s] INFO:colcon.colcon_core.shell:Creating package script '/home/karthik/colcon_ws/install/ur_simulation_gz/share/ur_simulation_gz/package.ps1'
[0.441s] INFO:colcon.colcon_core.shell:Creating package descriptor '/home/karthik/colcon_ws/install/ur_simulation_gz/share/ur_simulation_gz/package.dsv'
[0.441s] INFO:colcon.colcon_core.shell:Creating package script '/home/karthik/colcon_ws/install/ur_simulation_gz/share/ur_simulation_gz/package.sh'
[0.441s] INFO:colcon.colcon_core.shell:Creating package script '/home/karthik/colcon_ws/install/ur_simulation_gz/share/ur_simulation_gz/package.bash'
[0.441s] INFO:colcon.colcon_core.shell:Creating package script '/home/karthik/colcon_ws/install/ur_simulation_gz/share/ur_simulation_gz/package.zsh'
[0.441s] Level 1:colcon.colcon_core.environment:create_file_with_runtime_dependencies(/home/karthik/colcon_ws/install/ur_simulation_gz/share/colcon-core/packages/ur_simulation_gz)
[0.528s] DEBUG:colcon.colcon_core.event_handler.log_command:Invoked command in '/home/karthik/colcon_ws/build/linkattacher_msgs' returned '0': CMAKE_PREFIX_PATH=${CMAKE_PREFIX_PATH}:/home/karthik/colcon_ws/install/arm /usr/bin/cmake --build /home/karthik/colcon_ws/build/linkattacher_msgs -- -j16 -l16
[0.529s] DEBUG:colcon.colcon_core.event_handler.log_command:Invoking command in '/home/karthik/colcon_ws/build/linkattacher_msgs': CMAKE_PREFIX_PATH=${CMAKE_PREFIX_PATH}:/home/karthik/colcon_ws/install/arm /usr/bin/cmake --install /home/karthik/colcon_ws/build/linkattacher_msgs
[0.564s] Level 1:colcon.colcon_core.environment:create_environment_scripts_only(linkattacher_msgs)
[0.564s] DEBUG:colcon.colcon_core.event_handler.log_command:Invoked command in '/home/karthik/colcon_ws/build/linkattacher_msgs' returned '0': CMAKE_PREFIX_PATH=${CMAKE_PREFIX_PATH}:/home/karthik/colcon_ws/install/arm /usr/bin/cmake --install /home/karthik/colcon_ws/build/linkattacher_msgs
[0.565s] Level 1:colcon.colcon_core.environment:checking '/home/karthik/colcon_ws/install/linkattacher_msgs' for CMake module files
[0.565s] Level 1:colcon.colcon_core.environment:checking '/home/karthik/colcon_ws/install/linkattacher_msgs' for CMake config files
[0.566s] Level 1:colcon.colcon_core.shell:create_environment_hook('linkattacher_msgs', 'cmake_prefix_path')
[0.566s] INFO:colcon.colcon_core.shell:Creating environment hook '/home/karthik/colcon_ws/install/linkattacher_msgs/share/linkattacher_msgs/hook/cmake_prefix_path.ps1'
[0.567s] INFO:colcon.colcon_core.shell:Creating environment descriptor '/home/karthik/colcon_ws/install/linkattacher_msgs/share/linkattacher_msgs/hook/cmake_prefix_path.dsv'
[0.567s] INFO:colcon.colcon_core.shell:Creating environment hook '/home/karthik/colcon_ws/install/linkattacher_msgs/share/linkattacher_msgs/hook/cmake_prefix_path.sh'
[0.567s] Level 1:colcon.colcon_core.environment:checking '/home/karthik/colcon_ws/install/linkattacher_msgs/lib'
[0.567s] Level 1:colcon.colcon_core.shell:create_environment_hook('linkattacher_msgs', 'ld_library_path_lib')
[0.568s] INFO:colcon.colcon_core.shell:Creating environment hook '/home/karthik/colcon_ws/install/linkattacher_msgs/share/linkattacher_msgs/hook/ld_library_path_lib.ps1'
[0.568s] INFO:colcon.colcon_core.shell:Creating environment descriptor '/home/karthik/colcon_ws/install/linkattacher_msgs/share/linkattacher_msgs/hook/ld_library_path_lib.dsv'
[0.568s] INFO:colcon.colcon_core.shell:Creating environment hook '/home/karthik/colcon_ws/install/linkattacher_msgs/share/linkattacher_msgs/hook/ld_library_path_lib.sh'
[0.569s] Level 1:colcon.colcon_core.environment:checking '/home/karthik/colcon_ws/install/linkattacher_msgs/bin'
[0.569s] Level 1:colcon.colcon_core.environment:checking '/home/karthik/colcon_ws/install/linkattacher_msgs/lib/pkgconfig/linkattacher_msgs.pc'
[0.569s] Level 1:colcon.colcon_core.environment:checking '/home/karthik/colcon_ws/install/linkattacher_msgs/lib/python3.10/site-packages'
[0.569s] Level 1:colcon.colcon_core.environment:checking '/home/karthik/colcon_ws/install/linkattacher_msgs/bin'
[0.569s] INFO:colcon.colcon_core.shell:Creating package script '/home/karthik/colcon_ws/install/linkattacher_msgs/share/linkattacher_msgs/package.ps1'
[0.570s] INFO:colcon.colcon_core.shell:Creating package descriptor '/home/karthik/colcon_ws/install/linkattacher_msgs/share/linkattacher_msgs/package.dsv'
[0.570s] INFO:colcon.colcon_core.shell:Creating package script '/home/karthik/colcon_ws/install/linkattacher_msgs/share/linkattacher_msgs/package.sh'
[0.570s] INFO:colcon.colcon_core.shell:Creating package script '/home/karthik/colcon_ws/install/linkattacher_msgs/share/linkattacher_msgs/package.bash'
[0.570s] INFO:colcon.colcon_core.shell:Creating package script '/home/karthik/colcon_ws/install/linkattacher_msgs/share/linkattacher_msgs/package.zsh'
[0.570s] Level 1:colcon.colcon_core.environment:create_file_with_runtime_dependencies(/home/karthik/colcon_ws/install/linkattacher_msgs/share/colcon-core/packages/linkattacher_msgs)
[0.571s] Level 1:colcon.colcon_core.environment:create_environment_scripts_only(linkattacher_msgs)
[0.571s] Level 1:colcon.colcon_core.environment:checking '/home/karthik/colcon_ws/install/linkattacher_msgs' for CMake module files
[0.571s] Level 1:colcon.colcon_core.environment:checking '/home/karthik/colcon_ws/install/linkattacher_msgs' for CMake config files
[0.571s] Level 1:colcon.colcon_core.shell:create_environment_hook('linkattacher_msgs', 'cmake_prefix_path')
[0.572s] INFO:colcon.colcon_core.shell:Creating environment hook '/home/karthik/colcon_ws/install/linkattacher_msgs/share/linkattacher_msgs/hook/cmake_prefix_path.ps1'
[0.572s] INFO:colcon.colcon_core.shell:Creating environment descriptor '/home/karthik/colcon_ws/install/linkattacher_msgs/share/linkattacher_msgs/hook/cmake_prefix_path.dsv'
[0.572s] INFO:colcon.colcon_core.shell:Creating environment hook '/home/karthik/colcon_ws/install/linkattacher_msgs/share/linkattacher_msgs/hook/cmake_prefix_path.sh'
[0.572s] Level 1:colcon.colcon_core.environment:checking '/home/karthik/colcon_ws/install/linkattacher_msgs/lib'
[0.572s] Level 1:colcon.colcon_core.shell:create_environment_hook('linkattacher_msgs', 'ld_library_path_lib')
[0.572s] INFO:colcon.colcon_core.shell:Creating environment hook '/home/karthik/colcon_ws/install/linkattacher_msgs/share/linkattacher_msgs/hook/ld_library_path_lib.ps1'
[0.572s] INFO:colcon.colcon_core.shell:Creating environment descriptor '/home/karthik/colcon_ws/install/linkattacher_msgs/share/linkattacher_msgs/hook/ld_library_path_lib.dsv'
[0.573s] INFO:colcon.colcon_core.shell:Creating environment hook '/home/karthik/colcon_ws/install/linkattacher_msgs/share/linkattacher_msgs/hook/ld_library_path_lib.sh'
[0.573s] Level 1:colcon.colcon_core.environment:checking '/home/karthik/colcon_ws/install/linkattacher_msgs/bin'
[0.573s] Level 1:colcon.colcon_core.environment:checking '/home/karthik/colcon_ws/install/linkattacher_msgs/lib/pkgconfig/linkattacher_msgs.pc'
[0.573s] Level 1:colcon.colcon_core.environment:checking '/home/karthik/colcon_ws/install/linkattacher_msgs/lib/python3.10/site-packages'
[0.573s] Level 1:colcon.colcon_core.environment:checking '/home/karthik/colcon_ws/install/linkattacher_msgs/bin'
[0.573s] INFO:colcon.colcon_core.shell:Creating package script '/home/karthik/colcon_ws/install/linkattacher_msgs/share/linkattacher_msgs/package.ps1'
[0.574s] INFO:colcon.colcon_core.shell:Creating package descriptor '/home/karthik/colcon_ws/install/linkattacher_msgs/share/linkattacher_msgs/package.dsv'
[0.574s] INFO:colcon.colcon_core.shell:Creating package script '/home/karthik/colcon_ws/install/linkattacher_msgs/share/linkattacher_msgs/package.sh'
[0.574s] INFO:colcon.colcon_core.shell:Creating package script '/home/karthik/colcon_ws/install/linkattacher_msgs/share/linkattacher_msgs/package.bash'
[0.574s] INFO:colcon.colcon_core.shell:Creating package script '/home/karthik/colcon_ws/install/linkattacher_msgs/share/linkattacher_msgs/package.zsh'
[0.574s] Level 1:colcon.colcon_core.environment:create_file_with_runtime_dependencies(/home/karthik/colcon_ws/install/linkattacher_msgs/share/colcon-core/packages/linkattacher_msgs)
[0.576s] DEBUG:colcon.colcon_core.event_handler.log_command:Invoking command in '/home/karthik/colcon_ws/src/arm': PYTHONPATH=/home/karthik/colcon_ws/build/arm/prefix_override:/usr/lib/python3/dist-packages/colcon_core/task/python/colcon_distutils_commands:/home/karthik/colcon_ws/install/arm/lib/python3.10/site-packages:${PYTHONPATH} /usr/bin/python3 -W ignore:setup.py install is deprecated -W ignore:easy_install command is deprecated setup.py egg_info --egg-base ../../build/arm build --build-base /home/karthik/colcon_ws/build/arm/build install --record /home/karthik/colcon_ws/build/arm/install.log --single-version-externally-managed install_data
[0.729s] Level 1:colcon.colcon_core.environment:checking '/home/karthik/colcon_ws/install/arm' for CMake module files
[0.730s] DEBUG:colcon.colcon_core.event_handler.log_command:Invoked command in '/home/karthik/colcon_ws/src/arm' returned '0': PYTHONPATH=/home/karthik/colcon_ws/build/arm/prefix_override:/usr/lib/python3/dist-packages/colcon_core/task/python/colcon_distutils_commands:/home/karthik/colcon_ws/install/arm/lib/python3.10/site-packages:${PYTHONPATH} /usr/bin/python3 -W ignore:setup.py install is deprecated -W ignore:easy_install command is deprecated setup.py egg_info --egg-base ../../build/arm build --build-base /home/karthik/colcon_ws/build/arm/build install --record /home/karthik/colcon_ws/build/arm/install.log --single-version-externally-managed install_data
[0.730s] Level 1:colcon.colcon_core.environment:checking '/home/karthik/colcon_ws/install/arm' for CMake config files
[0.730s] Level 1:colcon.colcon_core.environment:checking '/home/karthik/colcon_ws/install/arm/lib'
[0.730s] Level 1:colcon.colcon_core.environment:checking '/home/karthik/colcon_ws/install/arm/bin'
[0.730s] Level 1:colcon.colcon_core.environment:checking '/home/karthik/colcon_ws/install/arm/lib/pkgconfig/arm.pc'
[0.730s] Level 1:colcon.colcon_core.environment:checking '/home/karthik/colcon_ws/install/arm/lib/python3.10/site-packages'
[0.730s] Level 1:colcon.colcon_core.shell:create_environment_hook('arm', 'pythonpath')
[0.731s] INFO:colcon.colcon_core.shell:Creating environment hook '/home/karthik/colcon_ws/install/arm/share/arm/hook/pythonpath.ps1'
[0.731s] INFO:colcon.colcon_core.shell:Creating environment descriptor '/home/karthik/colcon_ws/install/arm/share/arm/hook/pythonpath.dsv'
[0.731s] INFO:colcon.colcon_core.shell:Creating environment hook '/home/karthik/colcon_ws/install/arm/share/arm/hook/pythonpath.sh'
[0.731s] Level 1:colcon.colcon_core.environment:checking '/home/karthik/colcon_ws/install/arm/bin'
[0.731s] Level 1:colcon.colcon_core.environment:create_environment_scripts_only(arm)
[0.732s] INFO:colcon.colcon_core.shell:Creating package script '/home/karthik/colcon_ws/install/arm/share/arm/package.ps1'
[0.732s] INFO:colcon.colcon_core.shell:Creating package descriptor '/home/karthik/colcon_ws/install/arm/share/arm/package.dsv'
[0.732s] INFO:colcon.colcon_core.shell:Creating package script '/home/karthik/colcon_ws/install/arm/share/arm/package.sh'
[0.732s] INFO:colcon.colcon_core.shell:Creating package script '/home/karthik/colcon_ws/install/arm/share/arm/package.bash'
[0.732s] INFO:colcon.colcon_core.shell:Creating package script '/home/karthik/colcon_ws/install/arm/share/arm/package.zsh'
[0.733s] Level 1:colcon.colcon_core.environment:create_file_with_runtime_dependencies(/home/karthik/colcon_ws/install/arm/share/colcon-core/packages/arm)
[0.733s] DEBUG:colcon.colcon_parallel_executor.executor.parallel:closing loop
[0.733s] DEBUG:colcon.colcon_parallel_executor.executor.parallel:loop closed
[0.733s] DEBUG:colcon.colcon_parallel_executor.executor.parallel:run_until_complete finished with '0'
[0.733s] DEBUG:colcon.colcon_core.event_reactor:joining thread
[0.738s] INFO:colcon.colcon_core.plugin_system:Skipping extension 'colcon_notification.desktop_notification.terminal_notifier': Not used on non-Darwin systems
[0.738s] INFO:colcon.colcon_core.plugin_system:Skipping extension 'colcon_notification.desktop_notification.win32': Not used on non-Windows systems
[0.738s] INFO:colcon.colcon_notification.desktop_notification:Sending desktop notification using 'notify2'
[0.745s] DEBUG:colcon.colcon_core.event_reactor:joined thread
[0.746s] INFO:colcon.colcon_core.shell:Creating prefix script '/home/karthik/colcon_ws/install/local_setup.ps1'
[0.746s] INFO:colcon.colcon_core.shell:Creating prefix util module '/home/karthik/colcon_ws/install/_local_setup_util_ps1.py'
[0.747s] INFO:colcon.colcon_core.shell:Creating prefix chain script '/home/karthik/colcon_ws/install/setup.ps1'
[0.747s] INFO:colcon.colcon_core.shell:Creating prefix script '/home/karthik/colcon_ws/install/local_setup.sh'
[0.748s] INFO:colcon.colcon_core.shell:Creating prefix util module '/home/karthik/colcon_ws/install/_local_setup_util_sh.py'
[0.748s] INFO:colcon.colcon_core.shell:Creating prefix chain script '/home/karthik/colcon_ws/install/setup.sh'
[0.749s] INFO:colcon.colcon_core.shell:Creating prefix script '/home/karthik/colcon_ws/install/local_setup.bash'
[0.749s] INFO:colcon.colcon_core.shell:Creating prefix chain script '/home/karthik/colcon_ws/install/setup.bash'
[0.749s] INFO:colcon.colcon_core.shell:Creating prefix script '/home/karthik/colcon_ws/install/local_setup.zsh'
[0.750s] INFO:colcon.colcon_core.shell:Creating prefix chain script '/home/karthik/colcon_ws/install/setup.zsh'
