-- Install configuration: ""
-- Up-to-date: /home/karthik/colcon_ws/install/ebot_description/share/ebot_description//launch
-- Up-to-date: /home/karthik/colcon_ws/install/ebot_description/share/ebot_description//launch/spawn_ebot.launch.py
-- Up-to-date: /home/karthik/colcon_ws/install/ebot_description/share/ebot_description//worlds
-- Up-to-date: /home/karthik/colcon_ws/install/ebot_description/share/ebot_description//worlds/empty.world
-- Up-to-date: /home/karthik/colcon_ws/install/ebot_description/share/ebot_description//models
-- Up-to-date: /home/karthik/colcon_ws/install/ebot_description/share/ebot_description//models/ebot
-- Up-to-date: /home/karthik/colcon_ws/install/ebot_description/share/ebot_description//models/ebot/ebot.gazebo
-- Up-to-date: /home/karthik/colcon_ws/install/ebot_description/share/ebot_description//models/ebot/ebot_description.xacro
-- Up-to-date: /home/karthik/colcon_ws/install/ebot_description/share/ebot_description//meshes
-- Up-to-date: /home/karthik/colcon_ws/install/ebot_description/share/ebot_description//meshes/FWR.STL
-- Up-to-date: /home/karthik/colcon_ws/install/ebot_description/share/ebot_description//meshes/FUS4.STL
-- Up-to-date: /home/karthik/colcon_ws/install/ebot_description/share/ebot_description//meshes/FUS2.STL
-- Up-to-date: /home/karthik/colcon_ws/install/ebot_description/share/ebot_description//meshes/FUS3.STL
-- Up-to-date: /home/karthik/colcon_ws/install/ebot_description/share/ebot_description//meshes/FWL.STL
-- Up-to-date: /home/karthik/colcon_ws/install/ebot_description/share/ebot_description//meshes/RWL.STL
-- Up-to-date: /home/karthik/colcon_ws/install/ebot_description/share/ebot_description//meshes/RUS5.STL
-- Up-to-date: /home/karthik/colcon_ws/install/ebot_description/share/ebot_description//meshes/RUS6.STL
-- Up-to-date: /home/karthik/colcon_ws/install/ebot_description/share/ebot_description//meshes/RWR.STL
-- Up-to-date: /home/karthik/colcon_ws/install/ebot_description/share/ebot_description//meshes/chassis_modified.dae
-- Up-to-date: /home/karthik/colcon_ws/install/ebot_description/share/ebot_description//meshes/LHUS10.STL
-- Up-to-date: /home/karthik/colcon_ws/install/ebot_description/share/ebot_description//meshes/RHUS9.STL
-- Up-to-date: /home/karthik/colcon_ws/install/ebot_description/share/ebot_description//meshes/ebot_aruco_tag.jpg
-- Up-to-date: /home/karthik/colcon_ws/install/ebot_description/share/ebot_description//meshes/FUS1.STL
-- Up-to-date: /home/karthik/colcon_ws/install/ebot_description/share/ebot_description//meshes/robot_base.stl
-- Up-to-date: /home/karthik/colcon_ws/install/ebot_description/share/ebot_description//meshes/RHUS7.STL
-- Up-to-date: /home/karthik/colcon_ws/install/ebot_description/share/ebot_description//meshes/LHUS9.STL
-- Up-to-date: /home/karthik/colcon_ws/install/ebot_description/share/ebot_description//plugins
-- Up-to-date: /home/karthik/colcon_ws/install/ebot_description/share/ebot_description//plugins/libgazebo_collision_sensor.so
-- Up-to-date: /home/karthik/colcon_ws/install/ebot_description/share/ebot_description//plugins/libgazebo_ros_vacuum_gripper.so
-- Up-to-date: /home/karthik/colcon_ws/install/ebot_description/share/ebot_description//config
-- Up-to-date: /home/karthik/colcon_ws/install/ebot_description/share/ebot_description//config/controller.yaml
-- Up-to-date: /home/karthik/colcon_ws/install/ebot_description/lib/ebot_description/pyarmor_runtime_000000
-- Up-to-date: /home/karthik/colcon_ws/install/ebot_description/lib/ebot_description/pyarmor_runtime_000000/pyarmor_runtime.so
-- Up-to-date: /home/karthik/colcon_ws/install/ebot_description/lib/ebot_description/pyarmor_runtime_000000/__init__.py
-- Up-to-date: /home/karthik/colcon_ws/install/ebot_description/lib/ebot_description/pyarmor_runtime_000000
-- Up-to-date: /home/karthik/colcon_ws/install/ebot_description/lib/ebot_description/pyarmor_runtime_000000/pyarmor_runtime.so
-- Up-to-date: /home/karthik/colcon_ws/install/ebot_description/lib/ebot_description/pyarmor_runtime_000000/__init__.py
-- Up-to-date: /home/karthik/colcon_ws/install/ebot_description/lib/ebot_description/payload.py
-- Up-to-date: /home/karthik/colcon_ws/install/ebot_description/lib/ebot_description/spawner.py
-- Up-to-date: /home/karthik/colcon_ws/install/ebot_description/share/ament_index/resource_index/package_run_dependencies/ebot_description
-- Up-to-date: /home/karthik/colcon_ws/install/ebot_description/share/ament_index/resource_index/parent_prefix_path/ebot_description
-- Up-to-date: /home/karthik/colcon_ws/install/ebot_description/share/ebot_description/environment/ament_prefix_path.sh
-- Up-to-date: /home/karthik/colcon_ws/install/ebot_description/share/ebot_description/environment/ament_prefix_path.dsv
-- Up-to-date: /home/karthik/colcon_ws/install/ebot_description/share/ebot_description/environment/path.sh
-- Up-to-date: /home/karthik/colcon_ws/install/ebot_description/share/ebot_description/environment/path.dsv
-- Up-to-date: /home/karthik/colcon_ws/install/ebot_description/share/ebot_description/local_setup.bash
-- Up-to-date: /home/karthik/colcon_ws/install/ebot_description/share/ebot_description/local_setup.sh
-- Up-to-date: /home/karthik/colcon_ws/install/ebot_description/share/ebot_description/local_setup.zsh
-- Up-to-date: /home/karthik/colcon_ws/install/ebot_description/share/ebot_description/local_setup.dsv
-- Up-to-date: /home/karthik/colcon_ws/install/ebot_description/share/ebot_description/package.dsv
-- Up-to-date: /home/karthik/colcon_ws/install/ebot_description/share/ament_index/resource_index/packages/ebot_description
-- Up-to-date: /home/karthik/colcon_ws/install/ebot_description/share/ebot_description/cmake/ebot_descriptionConfig.cmake
-- Up-to-date: /home/karthik/colcon_ws/install/ebot_description/share/ebot_description/cmake/ebot_descriptionConfig-version.cmake
-- Up-to-date: /home/karthik/colcon_ws/install/ebot_description/share/ebot_description/package.xml
