[0.014s] Invoking command in '/home/karthik/colcon_ws/build/ur5_control': /usr/bin/cmake /home/karthik/colcon_ws/src/ur5_control -DCMAKE_INSTALL_PREFIX=/home/karthik/colcon_ws/install/ur5_control
[0.069s] -- The C compiler identification is GNU 11.4.0
[0.116s] -- The CXX compiler identification is GNU 11.4.0
[0.122s] -- Detecting C compiler ABI info
[0.179s] -- Detecting C compiler ABI info - done
[0.187s] -- Check for working C compiler: /usr/bin/cc - skipped
[0.187s] -- Detecting C compile features
[0.188s] -- Detecting C compile features - done
[0.190s] -- Detecting CXX compiler ABI info
[0.254s] -- Detecting CXX compiler ABI info - done
[0.260s] -- Check for working CXX compiler: /usr/bin/c++ - skipped
[0.260s] -- Detecting CXX compile features
[0.260s] -- Detecting CXX compile features - done
[0.262s] -- Found ament_cmake: 1.3.12 (/opt/ros/humble/share/ament_cmake/cmake)
[0.385s] -- Found Python3: /usr/bin/python3 (found version "3.10.12") found components: Interpreter 
[0.450s] -- Found rclpy: 3.3.17 (/opt/ros/humble/share/rclpy/cmake)
[0.452s] -- Found ament_lint_auto: 0.12.14 (/opt/ros/humble/share/ament_lint_auto/cmake)
[0.513s] -- Added test 'flake8' to check Python code syntax and style conventions
[0.513s] -- Added test 'lint_cmake' to check CMake code style
[0.513s] -- Added test 'pep257' to check Python code against some of the docstring style conventions in PEP 257
[0.514s] -- Added test 'xmllint' to check XML markup files
[0.515s] -- Configuring done
[0.516s] -- Generating done
[0.518s] -- Build files have been written to: /home/karthik/colcon_ws/build/ur5_control
[0.528s] Invoked command in '/home/karthik/colcon_ws/build/ur5_control' returned '0': /usr/bin/cmake /home/karthik/colcon_ws/src/ur5_control -DCMAKE_INSTALL_PREFIX=/home/karthik/colcon_ws/install/ur5_control
[0.529s] Invoking command in '/home/karthik/colcon_ws/build/ur5_control': /usr/bin/cmake --build /home/karthik/colcon_ws/build/ur5_control -- -j16 -l16
[0.564s] Invoked command in '/home/karthik/colcon_ws/build/ur5_control' returned '0': /usr/bin/cmake --build /home/karthik/colcon_ws/build/ur5_control -- -j16 -l16
[0.566s] Invoking command in '/home/karthik/colcon_ws/build/ur5_control': /usr/bin/cmake --install /home/karthik/colcon_ws/build/ur5_control
[0.571s] -- Install configuration: ""
[0.571s] -- Installing: /home/karthik/colcon_ws/install/ur5_control/lib/ur5_control/task1b_boiler_plate.py
[0.571s] -- Installing: /home/karthik/colcon_ws/install/ur5_control/lib/ur5_control/bonus_task2_boiler_plate.py
[0.571s] -- Installing: /home/karthik/colcon_ws/install/ur5_control/share/ament_index/resource_index/package_run_dependencies/ur5_control
[0.571s] -- Installing: /home/karthik/colcon_ws/install/ur5_control/share/ament_index/resource_index/parent_prefix_path/ur5_control
[0.572s] -- Installing: /home/karthik/colcon_ws/install/ur5_control/share/ur5_control/environment/ament_prefix_path.sh
[0.572s] -- Installing: /home/karthik/colcon_ws/install/ur5_control/share/ur5_control/environment/ament_prefix_path.dsv
[0.572s] -- Installing: /home/karthik/colcon_ws/install/ur5_control/share/ur5_control/environment/path.sh
[0.572s] -- Installing: /home/karthik/colcon_ws/install/ur5_control/share/ur5_control/environment/path.dsv
[0.572s] -- Installing: /home/karthik/colcon_ws/install/ur5_control/share/ur5_control/local_setup.bash
[0.572s] -- Installing: /home/karthik/colcon_ws/install/ur5_control/share/ur5_control/local_setup.sh
[0.572s] -- Installing: /home/karthik/colcon_ws/install/ur5_control/share/ur5_control/local_setup.zsh
[0.572s] -- Installing: /home/karthik/colcon_ws/install/ur5_control/share/ur5_control/local_setup.dsv
[0.572s] -- Installing: /home/karthik/colcon_ws/install/ur5_control/share/ur5_control/package.dsv
[0.572s] -- Installing: /home/karthik/colcon_ws/install/ur5_control/share/ament_index/resource_index/packages/ur5_control
[0.572s] -- Installing: /home/karthik/colcon_ws/install/ur5_control/share/ur5_control/cmake/ur5_controlConfig.cmake
[0.573s] -- Installing: /home/karthik/colcon_ws/install/ur5_control/share/ur5_control/cmake/ur5_controlConfig-version.cmake
[0.573s] -- Installing: /home/karthik/colcon_ws/install/ur5_control/share/ur5_control/package.xml
[0.574s] Invoked command in '/home/karthik/colcon_ws/build/ur5_control' returned '0': /usr/bin/cmake --install /home/karthik/colcon_ws/build/ur5_control
