[0.005s] Invoking command in '/home/karthik/colcon_ws/build/ur_simulation_gz': AMENT_PREFIX_PATH=/home/karthik/colcon_ws/install/ur_description:${AMENT_PREFIX_PATH} CMAKE_PREFIX_PATH=/home/karthik/colcon_ws/install/ur_description:${CMAKE_PREFIX_PATH} /usr/bin/cmake /home/karthik/colcon_ws/src/ur_simulation_gz -DCMAKE_INSTALL_PREFIX=/home/karthik/colcon_ws/install/ur_simulation_gz
[0.044s] -- The C compiler identification is GNU 11.4.0
[0.081s] -- The CXX compiler identification is GNU 11.4.0
[0.086s] -- Detecting C compiler ABI info
[0.130s] -- Detecting C compiler ABI info - done
[0.136s] -- Check for working C compiler: /usr/bin/cc - skipped
[0.136s] -- Detecting C compile features
[0.137s] -- Detecting C compile features - done
[0.139s] -- Detecting CXX compiler ABI info
[0.199s] -- Detecting CXX compiler ABI info - done
[0.204s] -- Check for working CXX compiler: /usr/bin/c++ - skipped
[0.204s] -- Detecting CXX compile features
[0.205s] -- Detecting CXX compile features - done
[0.206s] -- Found ament_cmake: 1.3.12 (/opt/ros/humble/share/ament_cmake/cmake)
[0.327s] -- Found Python3: /usr/bin/python3 (found version "3.10.12") found components: Interpreter 
[0.387s] -- Found ament_cmake_pytest: 1.3.12 (/opt/ros/humble/share/ament_cmake_pytest/cmake)
[0.428s] -- Configuring done
[0.429s] -- Generating done
[0.430s] -- Build files have been written to: /home/karthik/colcon_ws/build/ur_simulation_gz
[0.433s] Invoked command in '/home/karthik/colcon_ws/build/ur_simulation_gz' returned '0': AMENT_PREFIX_PATH=/home/karthik/colcon_ws/install/ur_description:${AMENT_PREFIX_PATH} CMAKE_PREFIX_PATH=/home/karthik/colcon_ws/install/ur_description:${CMAKE_PREFIX_PATH} /usr/bin/cmake /home/karthik/colcon_ws/src/ur_simulation_gz -DCMAKE_INSTALL_PREFIX=/home/karthik/colcon_ws/install/ur_simulation_gz
[0.434s] Invoking command in '/home/karthik/colcon_ws/build/ur_simulation_gz': AMENT_PREFIX_PATH=/home/karthik/colcon_ws/install/ur_description:${AMENT_PREFIX_PATH} CMAKE_PREFIX_PATH=/home/karthik/colcon_ws/install/ur_description:${CMAKE_PREFIX_PATH} /usr/bin/cmake --build /home/karthik/colcon_ws/build/ur_simulation_gz -- -j16 -l16
[0.469s] Invoked command in '/home/karthik/colcon_ws/build/ur_simulation_gz' returned '0': AMENT_PREFIX_PATH=/home/karthik/colcon_ws/install/ur_description:${AMENT_PREFIX_PATH} CMAKE_PREFIX_PATH=/home/karthik/colcon_ws/install/ur_description:${CMAKE_PREFIX_PATH} /usr/bin/cmake --build /home/karthik/colcon_ws/build/ur_simulation_gz -- -j16 -l16
[0.470s] Invoking command in '/home/karthik/colcon_ws/build/ur_simulation_gz': AMENT_PREFIX_PATH=/home/karthik/colcon_ws/install/ur_description:${AMENT_PREFIX_PATH} CMAKE_PREFIX_PATH=/home/karthik/colcon_ws/install/ur_description:${CMAKE_PREFIX_PATH} /usr/bin/cmake --install /home/karthik/colcon_ws/build/ur_simulation_gz
[0.477s] -- Install configuration: ""
[0.477s] -- Installing: /home/karthik/colcon_ws/install/ur_simulation_gz/share/ur_simulation_gz/config
[0.477s] -- Installing: /home/karthik/colcon_ws/install/ur_simulation_gz/share/ur_simulation_gz/config/ur_controllers.yaml
[0.477s] -- Installing: /home/karthik/colcon_ws/install/ur_simulation_gz/share/ur_simulation_gz/launch
[0.477s] -- Installing: /home/karthik/colcon_ws/install/ur_simulation_gz/share/ur_simulation_gz/launch/spawn_arm.launch.py
[0.478s] -- Installing: /home/karthik/colcon_ws/install/ur_simulation_gz/lib/ur_simulation_gz/twist_servo_cal.py
[0.478s] -- Installing: /home/karthik/colcon_ws/install/ur_simulation_gz/lib/ur_simulation_gz/kdl_parser_py.py
[0.478s] -- Installing: /home/karthik/colcon_ws/install/ur_simulation_gz/share/ur_simulation_gz/ur5_arm.urdf
[0.478s] -- Installing: /home/karthik/colcon_ws/install/ur_simulation_gz/share/ament_index/resource_index/package_run_dependencies/ur_simulation_gz
[0.478s] -- Installing: /home/karthik/colcon_ws/install/ur_simulation_gz/share/ament_index/resource_index/parent_prefix_path/ur_simulation_gz
[0.478s] -- Installing: /home/karthik/colcon_ws/install/ur_simulation_gz/share/ur_simulation_gz/environment/ament_prefix_path.sh
[0.478s] -- Installing: /home/karthik/colcon_ws/install/ur_simulation_gz/share/ur_simulation_gz/environment/ament_prefix_path.dsv
[0.478s] -- Installing: /home/karthik/colcon_ws/install/ur_simulation_gz/share/ur_simulation_gz/environment/path.sh
[0.478s] -- Installing: /home/karthik/colcon_ws/install/ur_simulation_gz/share/ur_simulation_gz/environment/path.dsv
[0.478s] -- Installing: /home/karthik/colcon_ws/install/ur_simulation_gz/share/ur_simulation_gz/local_setup.bash
[0.479s] -- Installing: /home/karthik/colcon_ws/install/ur_simulation_gz/share/ur_simulation_gz/local_setup.sh
[0.479s] -- Installing: /home/karthik/colcon_ws/install/ur_simulation_gz/share/ur_simulation_gz/local_setup.zsh
[0.479s] -- Installing: /home/karthik/colcon_ws/install/ur_simulation_gz/share/ur_simulation_gz/local_setup.dsv
[0.479s] -- Installing: /home/karthik/colcon_ws/install/ur_simulation_gz/share/ur_simulation_gz/package.dsv
[0.479s] -- Installing: /home/karthik/colcon_ws/install/ur_simulation_gz/share/ament_index/resource_index/packages/ur_simulation_gz
[0.479s] -- Installing: /home/karthik/colcon_ws/install/ur_simulation_gz/share/ur_simulation_gz/cmake/ur_simulation_gzConfig.cmake
[0.479s] -- Installing: /home/karthik/colcon_ws/install/ur_simulation_gz/share/ur_simulation_gz/cmake/ur_simulation_gzConfig-version.cmake
[0.479s] -- Installing: /home/karthik/colcon_ws/install/ur_simulation_gz/share/ur_simulation_gz/package.xml
[0.480s] Invoked command in '/home/karthik/colcon_ws/build/ur_simulation_gz' returned '0': AMENT_PREFIX_PATH=/home/karthik/colcon_ws/install/ur_description:${AMENT_PREFIX_PATH} CMAKE_PREFIX_PATH=/home/karthik/colcon_ws/install/ur_description:${CMAKE_PREFIX_PATH} /usr/bin/cmake --install /home/karthik/colcon_ws/build/ur_simulation_gz
