[0.012s] Invoking command in '/home/karthik/colcon_ws/build/ebot_description': /usr/bin/cmake /home/karthik/colcon_ws/src/ebot_description -DCMAKE_INSTALL_PREFIX=/home/karthik/colcon_ws/install/ebot_description
[0.060s] -- The C compiler identification is GNU 11.4.0
[0.101s] -- The CXX compiler identification is GNU 11.4.0
[0.107s] -- Detecting C compiler ABI info
[0.165s] -- Detecting C compiler ABI info - done
[0.174s] -- Check for working C compiler: /usr/bin/cc - skipped
[0.174s] -- Detecting C compile features
[0.175s] -- Detecting C compile features - done
[0.177s] -- Detecting CXX compiler ABI info
[0.239s] -- Detecting CXX compiler ABI info - done
[0.246s] -- Check for working CXX compiler: /usr/bin/c++ - skipped
[0.247s] -- Detecting CXX compile features
[0.247s] -- Detecting CXX compile features - done
[0.248s] -- Found ament_cmake: 1.3.12 (/opt/ros/humble/share/ament_cmake/cmake)
[0.378s] -- Found Python3: /usr/bin/python3 (found version "3.10.12") found components: Interpreter 
[0.443s] -- Found rclcpp: 16.0.15 (/opt/ros/humble/share/rclcpp/cmake)
[0.469s] -- Found rosidl_generator_c: 3.1.7 (/opt/ros/humble/share/rosidl_generator_c/cmake)
[0.472s] -- Found rosidl_adapter: 3.1.7 (/opt/ros/humble/share/rosidl_adapter/cmake)
[0.477s] -- Found rosidl_generator_cpp: 3.1.7 (/opt/ros/humble/share/rosidl_generator_cpp/cmake)
[0.485s] -- Using all available rosidl_typesupport_c: rosidl_typesupport_fastrtps_c;rosidl_typesupport_introspection_c
[0.496s] -- Using all available rosidl_typesupport_cpp: rosidl_typesupport_fastrtps_cpp;rosidl_typesupport_introspection_cpp
[0.527s] -- Found rmw_implementation_cmake: 6.1.2 (/opt/ros/humble/share/rmw_implementation_cmake/cmake)
[0.528s] -- Found rmw_cyclonedds_cpp: 1.3.4 (/opt/ros/humble/share/rmw_cyclonedds_cpp/cmake)
[0.544s] -- Using RMW implementation 'rmw_cyclonedds_cpp' as default
[0.550s] -- Looking for pthread.h
[0.611s] -- Looking for pthread.h - found
[0.611s] -- Performing Test CMAKE_HAVE_LIBC_PTHREAD
[0.673s] -- Performing Test CMAKE_HAVE_LIBC_PTHREAD - Success
[0.673s] -- Found Threads: TRUE  
[0.705s] -- Found rclpy: 3.3.17 (/opt/ros/humble/share/rclpy/cmake)
[0.706s] -- Found urdf: 2.6.1 (/opt/ros/humble/share/urdf/cmake)
[0.730s] -- Found xacro: 2.1.1 (/opt/ros/humble/share/xacro/cmake)
[0.730s] -- Found ament_lint_auto: 0.12.14 (/opt/ros/humble/share/ament_lint_auto/cmake)
[0.778s] -- Added test 'flake8' to check Python code syntax and style conventions
[0.778s] -- Added test 'lint_cmake' to check CMake code style
[0.779s] -- Added test 'pep257' to check Python code against some of the docstring style conventions in PEP 257
[0.780s] -- Added test 'xmllint' to check XML markup files
[0.780s] -- Configuring done
[0.782s] -- Generating done
[0.784s] -- Build files have been written to: /home/karthik/colcon_ws/build/ebot_description
[0.791s] Invoked command in '/home/karthik/colcon_ws/build/ebot_description' returned '0': /usr/bin/cmake /home/karthik/colcon_ws/src/ebot_description -DCMAKE_INSTALL_PREFIX=/home/karthik/colcon_ws/install/ebot_description
[0.791s] Invoking command in '/home/karthik/colcon_ws/build/ebot_description': /usr/bin/cmake --build /home/karthik/colcon_ws/build/ebot_description -- -j16 -l16
[0.821s] Invoked command in '/home/karthik/colcon_ws/build/ebot_description' returned '0': /usr/bin/cmake --build /home/karthik/colcon_ws/build/ebot_description -- -j16 -l16
[0.823s] Invoking command in '/home/karthik/colcon_ws/build/ebot_description': /usr/bin/cmake --install /home/karthik/colcon_ws/build/ebot_description
[0.830s] -- Install configuration: ""
[0.830s] -- Installing: /home/karthik/colcon_ws/install/ebot_description/share/ebot_description//launch
[0.830s] -- Installing: /home/karthik/colcon_ws/install/ebot_description/share/ebot_description//launch/spawn_ebot.launch.py
[0.830s] -- Installing: /home/karthik/colcon_ws/install/ebot_description/share/ebot_description//worlds
[0.830s] -- Installing: /home/karthik/colcon_ws/install/ebot_description/share/ebot_description//worlds/empty.world
[0.831s] -- Installing: /home/karthik/colcon_ws/install/ebot_description/share/ebot_description//models
[0.831s] -- Installing: /home/karthik/colcon_ws/install/ebot_description/share/ebot_description//models/ebot
[0.831s] -- Installing: /home/karthik/colcon_ws/install/ebot_description/share/ebot_description//models/ebot/ebot.gazebo
[0.831s] -- Installing: /home/karthik/colcon_ws/install/ebot_description/share/ebot_description//models/ebot/ebot_description.xacro
[0.831s] -- Installing: /home/karthik/colcon_ws/install/ebot_description/share/ebot_description//meshes
[0.831s] -- Installing: /home/karthik/colcon_ws/install/ebot_description/share/ebot_description//meshes/FWR.STL
[0.832s] -- Installing: /home/karthik/colcon_ws/install/ebot_description/share/ebot_description//meshes/FUS4.STL
[0.832s] -- Installing: /home/karthik/colcon_ws/install/ebot_description/share/ebot_description//meshes/FUS2.STL
[0.832s] -- Installing: /home/karthik/colcon_ws/install/ebot_description/share/ebot_description//meshes/FUS3.STL
[0.832s] -- Installing: /home/karthik/colcon_ws/install/ebot_description/share/ebot_description//meshes/FWL.STL
[0.833s] -- Installing: /home/karthik/colcon_ws/install/ebot_description/share/ebot_description//meshes/RWL.STL
[0.834s] -- Installing: /home/karthik/colcon_ws/install/ebot_description/share/ebot_description//meshes/RUS5.STL
[0.834s] -- Installing: /home/karthik/colcon_ws/install/ebot_description/share/ebot_description//meshes/RUS6.STL
[0.834s] -- Installing: /home/karthik/colcon_ws/install/ebot_description/share/ebot_description//meshes/RWR.STL
[0.834s] -- Installing: /home/karthik/colcon_ws/install/ebot_description/share/ebot_description//meshes/chassis_modified.dae
[0.851s] -- Installing: /home/karthik/colcon_ws/install/ebot_description/share/ebot_description//meshes/LHUS10.STL
[0.851s] -- Installing: /home/karthik/colcon_ws/install/ebot_description/share/ebot_description//meshes/RHUS9.STL
[0.852s] -- Installing: /home/karthik/colcon_ws/install/ebot_description/share/ebot_description//meshes/ebot_aruco_tag.jpg
[0.852s] -- Installing: /home/karthik/colcon_ws/install/ebot_description/share/ebot_description//meshes/FUS1.STL
[0.852s] -- Installing: /home/karthik/colcon_ws/install/ebot_description/share/ebot_description//meshes/robot_base.stl
[0.852s] -- Installing: /home/karthik/colcon_ws/install/ebot_description/share/ebot_description//meshes/RHUS7.STL
[0.852s] -- Installing: /home/karthik/colcon_ws/install/ebot_description/share/ebot_description//meshes/LHUS9.STL
[0.852s] -- Installing: /home/karthik/colcon_ws/install/ebot_description/share/ebot_description//plugins
[0.852s] -- Installing: /home/karthik/colcon_ws/install/ebot_description/share/ebot_description//plugins/libgazebo_collision_sensor.so
[0.853s] -- Installing: /home/karthik/colcon_ws/install/ebot_description/share/ebot_description//plugins/libgazebo_ros_vacuum_gripper.so
[0.855s] -- Installing: /home/karthik/colcon_ws/install/ebot_description/share/ebot_description//config
[0.855s] -- Installing: /home/karthik/colcon_ws/install/ebot_description/share/ebot_description//config/controller.yaml
[0.855s] -- Installing: /home/karthik/colcon_ws/install/ebot_description/lib/ebot_description/pyarmor_runtime_000000
[0.855s] -- Installing: /home/karthik/colcon_ws/install/ebot_description/lib/ebot_description/pyarmor_runtime_000000/pyarmor_runtime.so
[0.855s] -- Installing: /home/karthik/colcon_ws/install/ebot_description/lib/ebot_description/pyarmor_runtime_000000/__init__.py
[0.855s] -- Up-to-date: /home/karthik/colcon_ws/install/ebot_description/lib/ebot_description/pyarmor_runtime_000000
[0.855s] -- Up-to-date: /home/karthik/colcon_ws/install/ebot_description/lib/ebot_description/pyarmor_runtime_000000/pyarmor_runtime.so
[0.855s] -- Up-to-date: /home/karthik/colcon_ws/install/ebot_description/lib/ebot_description/pyarmor_runtime_000000/__init__.py
[0.855s] -- Installing: /home/karthik/colcon_ws/install/ebot_description/lib/ebot_description/payload.py
[0.855s] -- Installing: /home/karthik/colcon_ws/install/ebot_description/lib/ebot_description/spawner.py
[0.856s] -- Installing: /home/karthik/colcon_ws/install/ebot_description/share/ament_index/resource_index/package_run_dependencies/ebot_description
[0.856s] -- Installing: /home/karthik/colcon_ws/install/ebot_description/share/ament_index/resource_index/parent_prefix_path/ebot_description
[0.856s] -- Installing: /home/karthik/colcon_ws/install/ebot_description/share/ebot_description/environment/ament_prefix_path.sh
[0.856s] -- Installing: /home/karthik/colcon_ws/install/ebot_description/share/ebot_description/environment/ament_prefix_path.dsv
[0.856s] -- Installing: /home/karthik/colcon_ws/install/ebot_description/share/ebot_description/environment/path.sh
[0.856s] -- Installing: /home/karthik/colcon_ws/install/ebot_description/share/ebot_description/environment/path.dsv
[0.856s] -- Installing: /home/karthik/colcon_ws/install/ebot_description/share/ebot_description/local_setup.bash
[0.856s] -- Installing: /home/karthik/colcon_ws/install/ebot_description/share/ebot_description/local_setup.sh
[0.856s] -- Installing: /home/karthik/colcon_ws/install/ebot_description/share/ebot_description/local_setup.zsh
[0.857s] -- Installing: /home/karthik/colcon_ws/install/ebot_description/share/ebot_description/local_setup.dsv
[0.857s] -- Installing: /home/karthik/colcon_ws/install/ebot_description/share/ebot_description/package.dsv
[0.857s] -- Installing: /home/karthik/colcon_ws/install/ebot_description/share/ament_index/resource_index/packages/ebot_description
[0.857s] -- Installing: /home/karthik/colcon_ws/install/ebot_description/share/ebot_description/cmake/ebot_descriptionConfig.cmake
[0.857s] -- Installing: /home/karthik/colcon_ws/install/ebot_description/share/ebot_description/cmake/ebot_descriptionConfig-version.cmake
[0.858s] -- Installing: /home/karthik/colcon_ws/install/ebot_description/share/ebot_description/package.xml
[0.859s] Invoked command in '/home/karthik/colcon_ws/build/ebot_description' returned '0': /usr/bin/cmake --install /home/karthik/colcon_ws/build/ebot_description
