[0.403s] Invoking command in '/home/karthik/colcon_ws/src/arm': PYTHONPATH=/home/karthik/colcon_ws/build/arm/prefix_override:/usr/lib/python3/dist-packages/colcon_core/task/python/colcon_distutils_commands:/home/karthik/colcon_ws/install/arm/lib/python3.10/site-packages:${PYTHONPATH} /usr/bin/python3 -W ignore:setup.py install is deprecated -W ignore:easy_install command is deprecated setup.py egg_info --egg-base ../../build/arm build --build-base /home/karthik/colcon_ws/build/arm/build install --record /home/karthik/colcon_ws/build/arm/install.log --single-version-externally-managed install_data
[0.526s] running egg_info
[0.526s] writing ../../build/arm/arm.egg-info/PKG-INFO
[0.526s] writing dependency_links to ../../build/arm/arm.egg-info/dependency_links.txt
[0.526s] writing entry points to ../../build/arm/arm.egg-info/entry_points.txt
[0.526s] writing requirements to ../../build/arm/arm.egg-info/requires.txt
[0.526s] writing top-level names to ../../build/arm/arm.egg-info/top_level.txt
[0.527s] reading manifest file '../../build/arm/arm.egg-info/SOURCES.txt'
[0.528s] writing manifest file '../../build/arm/arm.egg-info/SOURCES.txt'
[0.528s] running build
[0.528s] running build_py
[0.528s] copying arm/task3b_tf_publisher.py -> /home/karthik/colcon_ws/build/arm/build/lib/arm
[0.528s] copying arm/task3b_ur5_servo_pick_place.py -> /home/karthik/colcon_ws/build/arm/build/lib/arm
[0.528s] running install
[0.528s] running install_lib
[0.529s] copying /home/karthik/colcon_ws/build/arm/build/lib/arm/task3b_tf_publisher.py -> /home/karthik/colcon_ws/install/arm/lib/python3.10/site-packages/arm
[0.529s] copying /home/karthik/colcon_ws/build/arm/build/lib/arm/task3b_ur5_servo_pick_place.py -> /home/karthik/colcon_ws/install/arm/lib/python3.10/site-packages/arm
[0.529s] byte-compiling /home/karthik/colcon_ws/install/arm/lib/python3.10/site-packages/arm/task3b_tf_publisher.py to task3b_tf_publisher.cpython-310.pyc
[0.531s] byte-compiling /home/karthik/colcon_ws/install/arm/lib/python3.10/site-packages/arm/task3b_ur5_servo_pick_place.py to task3b_ur5_servo_pick_place.cpython-310.pyc
[0.532s] running install_data
[0.532s] running install_egg_info
[0.533s] removing '/home/karthik/colcon_ws/install/arm/lib/python3.10/site-packages/arm-0.0.0-py3.10.egg-info' (and everything under it)
[0.533s] Copying ../../build/arm/arm.egg-info to /home/karthik/colcon_ws/install/arm/lib/python3.10/site-packages/arm-0.0.0-py3.10.egg-info
[0.533s] running install_scripts
[0.544s] Installing control_node script to /home/karthik/colcon_ws/install/arm/lib/arm
[0.544s] Installing ebot_nav_task1A script to /home/karthik/colcon_ws/install/arm/lib/arm
[0.544s] Installing shape script to /home/karthik/colcon_ws/install/arm/lib/arm
[0.545s] Installing task1b script to /home/karthik/colcon_ws/install/arm/lib/arm
[0.545s] Installing task1c script to /home/karthik/colcon_ws/install/arm/lib/arm
[0.545s] Installing task2A script to /home/karthik/colcon_ws/install/arm/lib/arm
[0.545s] Installing task3 script to /home/karthik/colcon_ws/install/arm/lib/arm
[0.545s] Installing task3a_tf_publisher script to /home/karthik/colcon_ws/install/arm/lib/arm
[0.545s] Installing task3b_ur5_servo_pick_place script to /home/karthik/colcon_ws/install/arm/lib/arm
[0.545s] writing list of installed files to '/home/karthik/colcon_ws/build/arm/install.log'
[0.557s] Invoked command in '/home/karthik/colcon_ws/src/arm' returned '0': PYTHONPATH=/home/karthik/colcon_ws/build/arm/prefix_override:/usr/lib/python3/dist-packages/colcon_core/task/python/colcon_distutils_commands:/home/karthik/colcon_ws/install/arm/lib/python3.10/site-packages:${PYTHONPATH} /usr/bin/python3 -W ignore:setup.py install is deprecated -W ignore:easy_install command is deprecated setup.py egg_info --egg-base ../../build/arm build --build-base /home/karthik/colcon_ws/build/arm/build install --record /home/karthik/colcon_ws/build/arm/install.log --single-version-externally-managed install_data
